2026-03-30 17:51:21 INFO  o.h.validator.internal.util.Version [] [] - HV000001: Hibernate Validator 8.0.3.Final
 2026-03-30 17:51:21 INFO  g.a.c.r.RestBankAppApplicationTests [] [] - Starting RestBankAppApplicationTests using Java 21.0.8 with PID 26124 (started by kosta in C:\Users\kosta\IdeaProjects\restBankApp)
 2026-03-30 17:51:21 INFO  g.a.c.r.RestBankAppApplicationTests [] [] - The following 1 profile is active: "dev"
 2026-03-30 17:51:22 INFO  o.s.d.r.c.RepositoryConfigurationDelegate [] [] - Bootstrapping Spring Data JPA repositories in DEFAULT mode.
 2026-03-30 17:51:23 INFO  o.s.d.r.c.RepositoryConfigurationDelegate [] [] - Finished Spring Data repository scanning in 102 ms. Found 8 JPA repository interfaces.
 2026-03-30 17:51:25 INFO  org.flywaydb.core.FlywayExecutor [] [] - Database: jdbc:mysql://localhost:3306/bankapp?useSSL=true&serverTimezone=UTC (MySQL 8.0)
 2026-03-30 17:51:26 INFO  o.f.core.internal.command.DbValidate [] [] - Successfully validated 4 migrations (execution time 00:00.115s)
 2026-03-30 17:51:26 INFO  o.f.core.internal.command.DbMigrate [] [] - Current version of schema `bankapp`: 4
 2026-03-30 17:51:26 INFO  o.f.core.internal.command.DbMigrate [] [] - Schema `bankapp` is up to date. No migration necessary.
 2026-03-30 17:51:26 INFO  org.hibernate.Version [] [] - HHH000412: Hibernate ORM core version 6.6.42.Final
 2026-03-30 17:51:26 INFO  o.h.c.i.RegionFactoryInitiator [] [] - HHH000026: Second-level cache disabled
 2026-03-30 17:51:27 INFO  o.s.o.j.p.SpringPersistenceUnitInfo [] [] - No LoadTimeWeaver setup: ignoring JPA class transformer
 2026-03-30 17:51:27 INFO  o.hibernate.orm.connections.pooling [] [] - HHH10001005: Database info:
	Database JDBC URL [Connecting through datasource 'HikariDataSource (HikariPool-1)']
	Database driver: undefined/unknown
	Database version: 8.0.44
	Autocommit mode: undefined/unknown
	Isolation level: undefined/unknown
	Minimum pool size: undefined/unknown
	Maximum pool size: undefined/unknown
 2026-03-30 17:51:29 INFO  o.h.e.t.j.p.i.JtaPlatformInitiator [] [] - HHH000489: No JTA platform available (set 'hibernate.transaction.jta.platform' to enable JTA platform integration)
 2026-03-30 17:51:29 INFO  o.s.o.j.LocalContainerEntityManagerFactoryBean [] [] - Initialized JPA EntityManagerFactory for persistence unit 'default'
 2026-03-30 17:51:30 WARN  o.s.aop.framework.CglibAopProxy [] [] - Unable to proxy interface-implementing method [public final synchronized gr.aueb.cf.restbankapp.dto.AccountReadOnlyDTO gr.aueb.cf.restbankapp.service.AccountServiceImpl.withdraw(gr.aueb.cf.restbankapp.dto.AccountWithdrawDTO) throws gr.aueb.cf.restbankapp.core.exceptions.EntityNotFoundException,gr.aueb.cf.restbankapp.core.exceptions.NegativeAmountException,gr.aueb.cf.restbankapp.core.exceptions.InsufficientBalanceException] because it is marked as final, consider using interface-based JDK proxies instead.
 2026-03-30 17:51:30 WARN  o.s.aop.framework.CglibAopProxy [] [] - Unable to proxy interface-implementing method [public final synchronized gr.aueb.cf.restbankapp.dto.AccountReadOnlyDTO gr.aueb.cf.restbankapp.service.AccountServiceImpl.deposit(gr.aueb.cf.restbankapp.dto.AccountDepositDTO) throws gr.aueb.cf.restbankapp.core.exceptions.EntityNotFoundException,gr.aueb.cf.restbankapp.core.exceptions.NegativeAmountException] because it is marked as final, consider using interface-based JDK proxies instead.
 2026-03-30 17:51:30 WARN  o.s.aop.framework.CglibAopProxy [] [] - Unable to proxy interface-implementing method [public final synchronized java.math.BigDecimal gr.aueb.cf.restbankapp.service.AccountServiceImpl.getBalance(java.lang.String) throws gr.aueb.cf.restbankapp.core.exceptions.EntityNotFoundException] because it is marked as final, consider using interface-based JDK proxies instead.
 2026-03-30 17:51:30 WARN  o.s.aop.framework.CglibAopProxy [] [] - Unable to proxy interface-implementing method [public final synchronized gr.aueb.cf.restbankapp.dto.AccountReadOnlyDTO gr.aueb.cf.restbankapp.service.AccountServiceImpl.closeAccount(java.lang.String) throws gr.aueb.cf.restbankapp.core.exceptions.EntityNotFoundException] because it is marked as final, consider using interface-based JDK proxies instead.
 2026-03-30 17:51:30 INFO  o.s.s.c.a.a.c.InitializeAuthenticationProviderBeanManagerConfigurer$InitializeAuthenticationProviderManagerConfigurer [] [] - Global AuthenticationManager configured with AuthenticationProvider bean with name authenticationProvider
 2026-03-30 17:51:30 WARN  o.s.s.c.a.a.c.InitializeUserDetailsBeanManagerConfigurer$InitializeUserDetailsManagerConfigurer [] [] - Global AuthenticationManager configured with an AuthenticationProvider bean. UserDetailsService beans will not be used by Spring Security for automatically configuring username/password login. Consider removing the AuthenticationProvider bean. Alternatively, consider using the UserDetailsService in a manually instantiated DaoAuthenticationProvider. If the current configuration is intentional, to turn off this warning, increase the logging level of 'org.springframework.security.config.annotation.authentication.configuration.InitializeUserDetailsBeanManagerConfigurer' to ERROR
 2026-03-30 17:51:30 INFO  o.s.d.j.r.query.QueryEnhancerFactory [] [] - Hibernate is in classpath; If applicable, HQL parser will be used.
 2026-03-30 17:51:31 INFO  g.a.c.r.RestBankAppApplicationTests [] [] - Started RestBankAppApplicationTests in 11.766 seconds (process running for 14.884)
 2026-03-30 17:51:33 ERROR g.a.c.r.service.AccountServiceImpl [] [] - The account with iban=GR123 was not found
 2026-03-30 17:51:33 ERROR g.a.c.r.service.AccountServiceImpl [] [] - The account with iban=GR123 was not found
 2026-03-30 17:51:33 ERROR g.a.c.r.service.AccountServiceImpl [] [] - The account with iban=GR123 was not found
 2026-03-30 17:51:33 ERROR g.a.c.r.service.AccountServiceImpl [] [] - The account with iban=GR123 was not found
 2026-03-30 17:51:33 INFO  o.s.o.j.LocalContainerEntityManagerFactoryBean [] [] - Closing JPA EntityManagerFactory for persistence unit 'default'
 2026-03-30 18:00:40 INFO  o.h.validator.internal.util.Version [] [] - HV000001: Hibernate Validator 8.0.3.Final
 2026-03-30 18:00:40 INFO  g.a.c.r.RestBankAppApplicationTests [] [] - Starting RestBankAppApplicationTests using Java 21.0.8 with PID 24788 (started by kosta in C:\Users\kosta\IdeaProjects\restBankApp)
 2026-03-30 18:00:40 INFO  g.a.c.r.RestBankAppApplicationTests [] [] - The following 1 profile is active: "dev"
 2026-03-30 18:00:42 INFO  o.s.d.r.c.RepositoryConfigurationDelegate [] [] - Bootstrapping Spring Data JPA repositories in DEFAULT mode.
 2026-03-30 18:00:42 INFO  o.s.d.r.c.RepositoryConfigurationDelegate [] [] - Finished Spring Data repository scanning in 119 ms. Found 8 JPA repository interfaces.
 2026-03-30 18:00:44 INFO  org.flywaydb.core.FlywayExecutor [] [] - Database: jdbc:mysql://localhost:3306/bankapp?useSSL=true&serverTimezone=UTC (MySQL 8.0)
 2026-03-30 18:00:45 INFO  o.f.core.internal.command.DbValidate [] [] - Successfully validated 4 migrations (execution time 00:00.087s)
 2026-03-30 18:00:45 INFO  o.f.core.internal.command.DbMigrate [] [] - Current version of schema `bankapp`: 4
 2026-03-30 18:00:45 INFO  o.f.core.internal.command.DbMigrate [] [] - Schema `bankapp` is up to date. No migration necessary.
 2026-03-30 18:00:46 INFO  org.hibernate.Version [] [] - HHH000412: Hibernate ORM core version 6.6.42.Final
 2026-03-30 18:00:46 INFO  o.h.c.i.RegionFactoryInitiator [] [] - HHH000026: Second-level cache disabled
 2026-03-30 18:00:46 INFO  o.s.o.j.p.SpringPersistenceUnitInfo [] [] - No LoadTimeWeaver setup: ignoring JPA class transformer
 2026-03-30 18:00:46 INFO  o.hibernate.orm.connections.pooling [] [] - HHH10001005: Database info:
	Database JDBC URL [Connecting through datasource 'HikariDataSource (HikariPool-1)']
	Database driver: undefined/unknown
	Database version: 8.0.44
	Autocommit mode: undefined/unknown
	Isolation level: undefined/unknown
	Minimum pool size: undefined/unknown
	Maximum pool size: undefined/unknown
 2026-03-30 18:00:49 INFO  o.h.e.t.j.p.i.JtaPlatformInitiator [] [] - HHH000489: No JTA platform available (set 'hibernate.transaction.jta.platform' to enable JTA platform integration)
 2026-03-30 18:00:49 INFO  o.s.o.j.LocalContainerEntityManagerFactoryBean [] [] - Initialized JPA EntityManagerFactory for persistence unit 'default'
 2026-03-30 18:00:50 WARN  o.s.aop.framework.CglibAopProxy [] [] - Unable to proxy interface-implementing method [public final synchronized java.math.BigDecimal gr.aueb.cf.restbankapp.service.AccountServiceImpl.getBalance(java.lang.String) throws gr.aueb.cf.restbankapp.core.exceptions.EntityNotFoundException] because it is marked as final, consider using interface-based JDK proxies instead.
 2026-03-30 18:00:50 WARN  o.s.aop.framework.CglibAopProxy [] [] - Unable to proxy interface-implementing method [public final synchronized gr.aueb.cf.restbankapp.dto.AccountReadOnlyDTO gr.aueb.cf.restbankapp.service.AccountServiceImpl.deposit(gr.aueb.cf.restbankapp.dto.AccountDepositDTO) throws gr.aueb.cf.restbankapp.core.exceptions.EntityNotFoundException,gr.aueb.cf.restbankapp.core.exceptions.NegativeAmountException] because it is marked as final, consider using interface-based JDK proxies instead.
 2026-03-30 18:00:50 WARN  o.s.aop.framework.CglibAopProxy [] [] - Unable to proxy interface-implementing method [public final synchronized gr.aueb.cf.restbankapp.dto.AccountReadOnlyDTO gr.aueb.cf.restbankapp.service.AccountServiceImpl.withdraw(gr.aueb.cf.restbankapp.dto.AccountWithdrawDTO) throws gr.aueb.cf.restbankapp.core.exceptions.EntityNotFoundException,gr.aueb.cf.restbankapp.core.exceptions.NegativeAmountException,gr.aueb.cf.restbankapp.core.exceptions.InsufficientBalanceException] because it is marked as final, consider using interface-based JDK proxies instead.
 2026-03-30 18:00:50 WARN  o.s.aop.framework.CglibAopProxy [] [] - Unable to proxy interface-implementing method [public final synchronized gr.aueb.cf.restbankapp.dto.AccountReadOnlyDTO gr.aueb.cf.restbankapp.service.AccountServiceImpl.closeAccount(java.lang.String) throws gr.aueb.cf.restbankapp.core.exceptions.EntityNotFoundException] because it is marked as final, consider using interface-based JDK proxies instead.
 2026-03-30 18:00:50 INFO  o.s.s.c.a.a.c.InitializeAuthenticationProviderBeanManagerConfigurer$InitializeAuthenticationProviderManagerConfigurer [] [] - Global AuthenticationManager configured with AuthenticationProvider bean with name authenticationProvider
 2026-03-30 18:00:50 WARN  o.s.s.c.a.a.c.InitializeUserDetailsBeanManagerConfigurer$InitializeUserDetailsManagerConfigurer [] [] - Global AuthenticationManager configured with an AuthenticationProvider bean. UserDetailsService beans will not be used by Spring Security for automatically configuring username/password login. Consider removing the AuthenticationProvider bean. Alternatively, consider using the UserDetailsService in a manually instantiated DaoAuthenticationProvider. If the current configuration is intentional, to turn off this warning, increase the logging level of 'org.springframework.security.config.annotation.authentication.configuration.InitializeUserDetailsBeanManagerConfigurer' to ERROR
 2026-03-30 18:00:50 INFO  o.s.d.j.r.query.QueryEnhancerFactory [] [] - Hibernate is in classpath; If applicable, HQL parser will be used.
 2026-03-30 18:00:51 INFO  g.a.c.r.RestBankAppApplicationTests [] [] - Started RestBankAppApplicationTests in 11.864 seconds (process running for 15.453)
 2026-03-30 18:00:51 INFO  o.s.o.j.LocalContainerEntityManagerFactoryBean [] [] - Closing JPA EntityManagerFactory for persistence unit 'default'
 2026-03-30 18:02:42 INFO  o.h.validator.internal.util.Version [] [] - HV000001: Hibernate Validator 8.0.3.Final
 2026-03-30 18:02:42 INFO  g.a.c.r.RestBankAppApplicationTests [] [] - Starting RestBankAppApplicationTests using Java 21.0.8 with PID 29676 (started by kosta in C:\Users\kosta\IdeaProjects\restBankApp)
 2026-03-30 18:02:42 INFO  g.a.c.r.RestBankAppApplicationTests [] [] - The following 1 profile is active: "dev"
 2026-03-30 18:02:44 INFO  o.s.d.r.c.RepositoryConfigurationDelegate [] [] - Bootstrapping Spring Data JPA repositories in DEFAULT mode.
 2026-03-30 18:02:44 INFO  o.s.d.r.c.RepositoryConfigurationDelegate [] [] - Finished Spring Data repository scanning in 106 ms. Found 8 JPA repository interfaces.
 2026-03-30 18:02:46 INFO  org.flywaydb.core.FlywayExecutor [] [] - Database: jdbc:mysql://localhost:3306/bankapp?useSSL=true&serverTimezone=UTC (MySQL 8.0)
 2026-03-30 18:02:47 INFO  o.f.core.internal.command.DbValidate [] [] - Successfully validated 4 migrations (execution time 00:00.067s)
 2026-03-30 18:02:47 INFO  o.f.core.internal.command.DbMigrate [] [] - Current version of schema `bankapp`: 4
 2026-03-30 18:02:47 INFO  o.f.core.internal.command.DbMigrate [] [] - Schema `bankapp` is up to date. No migration necessary.
 2026-03-30 18:02:48 INFO  org.hibernate.Version [] [] - HHH000412: Hibernate ORM core version 6.6.42.Final
 2026-03-30 18:02:48 INFO  o.h.c.i.RegionFactoryInitiator [] [] - HHH000026: Second-level cache disabled
 2026-03-30 18:02:48 INFO  o.s.o.j.p.SpringPersistenceUnitInfo [] [] - No LoadTimeWeaver setup: ignoring JPA class transformer
 2026-03-30 18:02:48 INFO  o.hibernate.orm.connections.pooling [] [] - HHH10001005: Database info:
	Database JDBC URL [Connecting through datasource 'HikariDataSource (HikariPool-1)']
	Database driver: undefined/unknown
	Database version: 8.0.44
	Autocommit mode: undefined/unknown
	Isolation level: undefined/unknown
	Minimum pool size: undefined/unknown
	Maximum pool size: undefined/unknown
 2026-03-30 18:02:51 INFO  o.h.e.t.j.p.i.JtaPlatformInitiator [] [] - HHH000489: No JTA platform available (set 'hibernate.transaction.jta.platform' to enable JTA platform integration)
 2026-03-30 18:02:51 INFO  o.s.o.j.LocalContainerEntityManagerFactoryBean [] [] - Initialized JPA EntityManagerFactory for persistence unit 'default'
 2026-03-30 18:02:52 WARN  o.s.aop.framework.CglibAopProxy [] [] - Unable to proxy interface-implementing method [public final synchronized java.math.BigDecimal gr.aueb.cf.restbankapp.service.AccountServiceImpl.getBalance(java.lang.String) throws gr.aueb.cf.restbankapp.core.exceptions.EntityNotFoundException] because it is marked as final, consider using interface-based JDK proxies instead.
 2026-03-30 18:02:52 WARN  o.s.aop.framework.CglibAopProxy [] [] - Unable to proxy interface-implementing method [public final synchronized gr.aueb.cf.restbankapp.dto.AccountReadOnlyDTO gr.aueb.cf.restbankapp.service.AccountServiceImpl.deposit(gr.aueb.cf.restbankapp.dto.AccountDepositDTO) throws gr.aueb.cf.restbankapp.core.exceptions.EntityNotFoundException,gr.aueb.cf.restbankapp.core.exceptions.NegativeAmountException] because it is marked as final, consider using interface-based JDK proxies instead.
 2026-03-30 18:02:52 WARN  o.s.aop.framework.CglibAopProxy [] [] - Unable to proxy interface-implementing method [public final synchronized gr.aueb.cf.restbankapp.dto.AccountReadOnlyDTO gr.aueb.cf.restbankapp.service.AccountServiceImpl.withdraw(gr.aueb.cf.restbankapp.dto.AccountWithdrawDTO) throws gr.aueb.cf.restbankapp.core.exceptions.EntityNotFoundException,gr.aueb.cf.restbankapp.core.exceptions.NegativeAmountException,gr.aueb.cf.restbankapp.core.exceptions.InsufficientBalanceException] because it is marked as final, consider using interface-based JDK proxies instead.
 2026-03-30 18:02:52 WARN  o.s.aop.framework.CglibAopProxy [] [] - Unable to proxy interface-implementing method [public final synchronized gr.aueb.cf.restbankapp.dto.AccountReadOnlyDTO gr.aueb.cf.restbankapp.service.AccountServiceImpl.closeAccount(java.lang.String) throws gr.aueb.cf.restbankapp.core.exceptions.EntityNotFoundException] because it is marked as final, consider using interface-based JDK proxies instead.
 2026-03-30 18:02:52 INFO  o.s.s.c.a.a.c.InitializeAuthenticationProviderBeanManagerConfigurer$InitializeAuthenticationProviderManagerConfigurer [] [] - Global AuthenticationManager configured with AuthenticationProvider bean with name authenticationProvider
 2026-03-30 18:02:52 WARN  o.s.s.c.a.a.c.InitializeUserDetailsBeanManagerConfigurer$InitializeUserDetailsManagerConfigurer [] [] - Global AuthenticationManager configured with an AuthenticationProvider bean. UserDetailsService beans will not be used by Spring Security for automatically configuring username/password login. Consider removing the AuthenticationProvider bean. Alternatively, consider using the UserDetailsService in a manually instantiated DaoAuthenticationProvider. If the current configuration is intentional, to turn off this warning, increase the logging level of 'org.springframework.security.config.annotation.authentication.configuration.InitializeUserDetailsBeanManagerConfigurer' to ERROR
 2026-03-30 18:02:52 INFO  o.s.d.j.r.query.QueryEnhancerFactory [] [] - Hibernate is in classpath; If applicable, HQL parser will be used.
 2026-03-30 18:02:54 INFO  g.a.c.r.RestBankAppApplicationTests [] [] - Started RestBankAppApplicationTests in 12.686 seconds (process running for 16.041)
 2026-03-30 18:02:54 INFO  o.s.o.j.LocalContainerEntityManagerFactoryBean [] [] - Closing JPA EntityManagerFactory for persistence unit 'default'
 2026-03-30 22:31:05 INFO  o.h.validator.internal.util.Version [] [] - HV000001: Hibernate Validator 8.0.3.Final
 2026-03-30 22:31:05 INFO  g.a.c.r.RestBankAppApplicationTests [] [] - Starting RestBankAppApplicationTests using Java 21.0.8 with PID 35896 (started by kosta in C:\Users\kosta\IdeaProjects\restBankApp)
 2026-03-30 22:31:05 INFO  g.a.c.r.RestBankAppApplicationTests [] [] - The following 1 profile is active: "dev"
 2026-03-30 22:31:09 INFO  o.s.d.r.c.RepositoryConfigurationDelegate [] [] - Bootstrapping Spring Data JPA repositories in DEFAULT mode.
 2026-03-30 22:31:09 INFO  o.s.d.r.c.RepositoryConfigurationDelegate [] [] - Finished Spring Data repository scanning in 488 ms. Found 8 JPA repository interfaces.
 2026-03-30 22:31:16 INFO  org.flywaydb.core.FlywayExecutor [] [] - Database: jdbc:mysql://localhost:3306/bankapp?useSSL=true&serverTimezone=UTC (MySQL 8.0)
 2026-03-30 22:31:18 INFO  o.f.core.internal.command.DbValidate [] [] - Successfully validated 4 migrations (execution time 00:00.119s)
 2026-03-30 22:31:18 INFO  o.f.core.internal.command.DbMigrate [] [] - Current version of schema `bankapp`: 4
 2026-03-30 22:31:18 INFO  o.f.core.internal.command.DbMigrate [] [] - Schema `bankapp` is up to date. No migration necessary.
 2026-03-30 22:31:19 INFO  org.hibernate.Version [] [] - HHH000412: Hibernate ORM core version 6.6.42.Final
 2026-03-30 22:31:19 INFO  o.h.c.i.RegionFactoryInitiator [] [] - HHH000026: Second-level cache disabled
 2026-03-30 22:31:20 INFO  o.s.o.j.p.SpringPersistenceUnitInfo [] [] - No LoadTimeWeaver setup: ignoring JPA class transformer
 2026-03-30 22:31:21 INFO  o.hibernate.orm.connections.pooling [] [] - HHH10001005: Database info:
	Database JDBC URL [Connecting through datasource 'HikariDataSource (HikariPool-1)']
	Database driver: undefined/unknown
	Database version: 8.0.44
	Autocommit mode: undefined/unknown
	Isolation level: undefined/unknown
	Minimum pool size: undefined/unknown
	Maximum pool size: undefined/unknown
 2026-03-30 22:31:25 INFO  o.h.e.t.j.p.i.JtaPlatformInitiator [] [] - HHH000489: No JTA platform available (set 'hibernate.transaction.jta.platform' to enable JTA platform integration)
 2026-03-30 22:31:25 INFO  o.s.o.j.LocalContainerEntityManagerFactoryBean [] [] - Initialized JPA EntityManagerFactory for persistence unit 'default'
 2026-03-30 22:31:26 WARN  o.s.aop.framework.CglibAopProxy [] [] - Unable to proxy interface-implementing method [public final synchronized gr.aueb.cf.restbankapp.dto.AccountReadOnlyDTO gr.aueb.cf.restbankapp.service.AccountServiceImpl.deposit(gr.aueb.cf.restbankapp.dto.AccountDepositDTO) throws gr.aueb.cf.restbankapp.core.exceptions.EntityNotFoundException,gr.aueb.cf.restbankapp.core.exceptions.NegativeAmountException] because it is marked as final, consider using interface-based JDK proxies instead.
 2026-03-30 22:31:26 WARN  o.s.aop.framework.CglibAopProxy [] [] - Unable to proxy interface-implementing method [public final synchronized gr.aueb.cf.restbankapp.dto.AccountReadOnlyDTO gr.aueb.cf.restbankapp.service.AccountServiceImpl.withdraw(gr.aueb.cf.restbankapp.dto.AccountWithdrawDTO) throws gr.aueb.cf.restbankapp.core.exceptions.EntityNotFoundException,gr.aueb.cf.restbankapp.core.exceptions.NegativeAmountException,gr.aueb.cf.restbankapp.core.exceptions.InsufficientBalanceException] because it is marked as final, consider using interface-based JDK proxies instead.
 2026-03-30 22:31:26 WARN  o.s.aop.framework.CglibAopProxy [] [] - Unable to proxy interface-implementing method [public final synchronized java.math.BigDecimal gr.aueb.cf.restbankapp.service.AccountServiceImpl.getBalance(java.lang.String) throws gr.aueb.cf.restbankapp.core.exceptions.EntityNotFoundException] because it is marked as final, consider using interface-based JDK proxies instead.
 2026-03-30 22:31:26 WARN  o.s.aop.framework.CglibAopProxy [] [] - Unable to proxy interface-implementing method [public final synchronized gr.aueb.cf.restbankapp.dto.AccountReadOnlyDTO gr.aueb.cf.restbankapp.service.AccountServiceImpl.closeAccount(java.lang.String) throws gr.aueb.cf.restbankapp.core.exceptions.EntityNotFoundException] because it is marked as final, consider using interface-based JDK proxies instead.
 2026-03-30 22:31:26 INFO  o.s.s.c.a.a.c.InitializeAuthenticationProviderBeanManagerConfigurer$InitializeAuthenticationProviderManagerConfigurer [] [] - Global AuthenticationManager configured with AuthenticationProvider bean with name authenticationProvider
 2026-03-30 22:31:26 WARN  o.s.s.c.a.a.c.InitializeUserDetailsBeanManagerConfigurer$InitializeUserDetailsManagerConfigurer [] [] - Global AuthenticationManager configured with an AuthenticationProvider bean. UserDetailsService beans will not be used by Spring Security for automatically configuring username/password login. Consider removing the AuthenticationProvider bean. Alternatively, consider using the UserDetailsService in a manually instantiated DaoAuthenticationProvider. If the current configuration is intentional, to turn off this warning, increase the logging level of 'org.springframework.security.config.annotation.authentication.configuration.InitializeUserDetailsBeanManagerConfigurer' to ERROR
 2026-03-30 22:31:26 INFO  o.s.d.j.r.query.QueryEnhancerFactory [] [] - Hibernate is in classpath; If applicable, HQL parser will be used.
 2026-03-30 22:31:30 INFO  g.a.c.r.RestBankAppApplicationTests [] [] - Started RestBankAppApplicationTests in 25.711 seconds (process running for 30.2)
 2026-03-30 22:31:30 INFO  o.s.o.j.LocalContainerEntityManagerFactoryBean [] [] - Closing JPA EntityManagerFactory for persistence unit 'default'
 2026-03-30 22:51:52 INFO  o.h.validator.internal.util.Version [] [] - HV000001: Hibernate Validator 8.0.3.Final
 2026-03-30 22:51:52 INFO  g.a.c.r.RestBankAppApplicationTests [] [] - Starting RestBankAppApplicationTests using Java 21.0.8 with PID 21620 (started by kosta in C:\Users\kosta\IdeaProjects\restBankApp)
 2026-03-30 22:51:52 INFO  g.a.c.r.RestBankAppApplicationTests [] [] - The following 1 profile is active: "dev"
 2026-03-30 22:51:54 INFO  o.s.d.r.c.RepositoryConfigurationDelegate [] [] - Bootstrapping Spring Data JPA repositories in DEFAULT mode.
 2026-03-30 22:51:54 INFO  o.s.d.r.c.RepositoryConfigurationDelegate [] [] - Finished Spring Data repository scanning in 97 ms. Found 8 JPA repository interfaces.
 2026-03-30 22:51:56 INFO  org.flywaydb.core.FlywayExecutor [] [] - Database: jdbc:mysql://localhost:3306/bankapp?useSSL=true&serverTimezone=UTC (MySQL 8.0)
 2026-03-30 22:51:56 INFO  o.f.core.internal.command.DbValidate [] [] - Successfully validated 4 migrations (execution time 00:00.058s)
 2026-03-30 22:51:56 INFO  o.f.core.internal.command.DbMigrate [] [] - Current version of schema `bankapp`: 4
 2026-03-30 22:51:57 INFO  o.f.core.internal.command.DbMigrate [] [] - Schema `bankapp` is up to date. No migration necessary.
 2026-03-30 22:51:57 INFO  org.hibernate.Version [] [] - HHH000412: Hibernate ORM core version 6.6.42.Final
 2026-03-30 22:51:57 INFO  o.h.c.i.RegionFactoryInitiator [] [] - HHH000026: Second-level cache disabled
 2026-03-30 22:51:57 INFO  o.s.o.j.p.SpringPersistenceUnitInfo [] [] - No LoadTimeWeaver setup: ignoring JPA class transformer
 2026-03-30 22:51:57 INFO  o.hibernate.orm.connections.pooling [] [] - HHH10001005: Database info:
	Database JDBC URL [Connecting through datasource 'HikariDataSource (HikariPool-1)']
	Database driver: undefined/unknown
	Database version: 8.0.44
	Autocommit mode: undefined/unknown
	Isolation level: undefined/unknown
	Minimum pool size: undefined/unknown
	Maximum pool size: undefined/unknown
 2026-03-30 22:51:59 INFO  o.h.e.t.j.p.i.JtaPlatformInitiator [] [] - HHH000489: No JTA platform available (set 'hibernate.transaction.jta.platform' to enable JTA platform integration)
 2026-03-30 22:51:59 INFO  o.s.o.j.LocalContainerEntityManagerFactoryBean [] [] - Initialized JPA EntityManagerFactory for persistence unit 'default'
 2026-03-30 22:52:00 WARN  o.s.aop.framework.CglibAopProxy [] [] - Unable to proxy interface-implementing method [public final synchronized gr.aueb.cf.restbankapp.dto.AccountReadOnlyDTO gr.aueb.cf.restbankapp.service.AccountServiceImpl.withdraw(gr.aueb.cf.restbankapp.dto.AccountWithdrawDTO) throws gr.aueb.cf.restbankapp.core.exceptions.EntityNotFoundException,gr.aueb.cf.restbankapp.core.exceptions.NegativeAmountException,gr.aueb.cf.restbankapp.core.exceptions.InsufficientBalanceException] because it is marked as final, consider using interface-based JDK proxies instead.
 2026-03-30 22:52:00 WARN  o.s.aop.framework.CglibAopProxy [] [] - Unable to proxy interface-implementing method [public final synchronized java.math.BigDecimal gr.aueb.cf.restbankapp.service.AccountServiceImpl.getBalance(java.lang.String) throws gr.aueb.cf.restbankapp.core.exceptions.EntityNotFoundException] because it is marked as final, consider using interface-based JDK proxies instead.
 2026-03-30 22:52:00 WARN  o.s.aop.framework.CglibAopProxy [] [] - Unable to proxy interface-implementing method [public final synchronized gr.aueb.cf.restbankapp.dto.AccountReadOnlyDTO gr.aueb.cf.restbankapp.service.AccountServiceImpl.deposit(gr.aueb.cf.restbankapp.dto.AccountDepositDTO) throws gr.aueb.cf.restbankapp.core.exceptions.EntityNotFoundException,gr.aueb.cf.restbankapp.core.exceptions.NegativeAmountException] because it is marked as final, consider using interface-based JDK proxies instead.
 2026-03-30 22:52:00 WARN  o.s.aop.framework.CglibAopProxy [] [] - Unable to proxy interface-implementing method [public final synchronized gr.aueb.cf.restbankapp.dto.AccountReadOnlyDTO gr.aueb.cf.restbankapp.service.AccountServiceImpl.closeAccount(java.lang.String) throws gr.aueb.cf.restbankapp.core.exceptions.EntityNotFoundException] because it is marked as final, consider using interface-based JDK proxies instead.
 2026-03-30 22:52:00 INFO  o.s.s.c.a.a.c.InitializeAuthenticationProviderBeanManagerConfigurer$InitializeAuthenticationProviderManagerConfigurer [] [] - Global AuthenticationManager configured with AuthenticationProvider bean with name authenticationProvider
 2026-03-30 22:52:00 WARN  o.s.s.c.a.a.c.InitializeUserDetailsBeanManagerConfigurer$InitializeUserDetailsManagerConfigurer [] [] - Global AuthenticationManager configured with an AuthenticationProvider bean. UserDetailsService beans will not be used by Spring Security for automatically configuring username/password login. Consider removing the AuthenticationProvider bean. Alternatively, consider using the UserDetailsService in a manually instantiated DaoAuthenticationProvider. If the current configuration is intentional, to turn off this warning, increase the logging level of 'org.springframework.security.config.annotation.authentication.configuration.InitializeUserDetailsBeanManagerConfigurer' to ERROR
 2026-03-30 22:52:00 INFO  o.s.d.j.r.query.QueryEnhancerFactory [] [] - Hibernate is in classpath; If applicable, HQL parser will be used.
 2026-03-30 22:52:03 INFO  g.a.c.r.RestBankAppApplicationTests [] [] - Started RestBankAppApplicationTests in 11.433 seconds (process running for 18.133)
 2026-03-30 22:52:03 INFO  o.s.o.j.LocalContainerEntityManagerFactoryBean [] [] - Closing JPA EntityManagerFactory for persistence unit 'default'
 2026-03-30 23:01:04 INFO  o.h.validator.internal.util.Version [] [] - HV000001: Hibernate Validator 8.0.3.Final
 2026-03-30 23:01:04 INFO  g.a.c.r.RestBankAppApplicationTests [] [] - Starting RestBankAppApplicationTests using Java 21.0.8 with PID 11884 (started by kosta in C:\Users\kosta\IdeaProjects\restBankApp)
 2026-03-30 23:01:04 INFO  g.a.c.r.RestBankAppApplicationTests [] [] - The following 1 profile is active: "dev"
 2026-03-30 23:01:06 INFO  o.s.d.r.c.RepositoryConfigurationDelegate [] [] - Bootstrapping Spring Data JPA repositories in DEFAULT mode.
 2026-03-30 23:01:06 INFO  o.s.d.r.c.RepositoryConfigurationDelegate [] [] - Finished Spring Data repository scanning in 116 ms. Found 8 JPA repository interfaces.
 2026-03-30 23:01:09 INFO  org.flywaydb.core.FlywayExecutor [] [] - Database: jdbc:mysql://localhost:3306/bankapp?useSSL=true&serverTimezone=UTC (MySQL 8.0)
 2026-03-30 23:01:09 INFO  o.f.core.internal.command.DbValidate [] [] - Successfully validated 4 migrations (execution time 00:00.050s)
 2026-03-30 23:01:09 INFO  o.f.core.internal.command.DbMigrate [] [] - Current version of schema `bankapp`: 4
 2026-03-30 23:01:09 INFO  o.f.core.internal.command.DbMigrate [] [] - Schema `bankapp` is up to date. No migration necessary.
 2026-03-30 23:01:10 INFO  org.hibernate.Version [] [] - HHH000412: Hibernate ORM core version 6.6.42.Final
 2026-03-30 23:01:10 INFO  o.h.c.i.RegionFactoryInitiator [] [] - HHH000026: Second-level cache disabled
 2026-03-30 23:01:10 INFO  o.s.o.j.p.SpringPersistenceUnitInfo [] [] - No LoadTimeWeaver setup: ignoring JPA class transformer
 2026-03-30 23:01:10 INFO  o.hibernate.orm.connections.pooling [] [] - HHH10001005: Database info:
	Database JDBC URL [Connecting through datasource 'HikariDataSource (HikariPool-1)']
	Database driver: undefined/unknown
	Database version: 8.0.44
	Autocommit mode: undefined/unknown
	Isolation level: undefined/unknown
	Minimum pool size: undefined/unknown
	Maximum pool size: undefined/unknown
 2026-03-30 23:01:12 INFO  o.h.e.t.j.p.i.JtaPlatformInitiator [] [] - HHH000489: No JTA platform available (set 'hibernate.transaction.jta.platform' to enable JTA platform integration)
 2026-03-30 23:01:12 INFO  o.s.o.j.LocalContainerEntityManagerFactoryBean [] [] - Initialized JPA EntityManagerFactory for persistence unit 'default'
 2026-03-30 23:01:12 WARN  o.s.aop.framework.CglibAopProxy [] [] - Unable to proxy interface-implementing method [public final synchronized gr.aueb.cf.restbankapp.dto.AccountReadOnlyDTO gr.aueb.cf.restbankapp.service.AccountServiceImpl.withdraw(gr.aueb.cf.restbankapp.dto.AccountWithdrawDTO) throws gr.aueb.cf.restbankapp.core.exceptions.EntityNotFoundException,gr.aueb.cf.restbankapp.core.exceptions.NegativeAmountException,gr.aueb.cf.restbankapp.core.exceptions.InsufficientBalanceException] because it is marked as final, consider using interface-based JDK proxies instead.
 2026-03-30 23:01:13 WARN  o.s.aop.framework.CglibAopProxy [] [] - Unable to proxy interface-implementing method [public final synchronized java.math.BigDecimal gr.aueb.cf.restbankapp.service.AccountServiceImpl.getBalance(java.lang.String) throws gr.aueb.cf.restbankapp.core.exceptions.EntityNotFoundException] because it is marked as final, consider using interface-based JDK proxies instead.
 2026-03-30 23:01:13 WARN  o.s.aop.framework.CglibAopProxy [] [] - Unable to proxy interface-implementing method [public final synchronized gr.aueb.cf.restbankapp.dto.AccountReadOnlyDTO gr.aueb.cf.restbankapp.service.AccountServiceImpl.deposit(gr.aueb.cf.restbankapp.dto.AccountDepositDTO) throws gr.aueb.cf.restbankapp.core.exceptions.EntityNotFoundException,gr.aueb.cf.restbankapp.core.exceptions.NegativeAmountException] because it is marked as final, consider using interface-based JDK proxies instead.
 2026-03-30 23:01:13 WARN  o.s.aop.framework.CglibAopProxy [] [] - Unable to proxy interface-implementing method [public final synchronized gr.aueb.cf.restbankapp.dto.AccountReadOnlyDTO gr.aueb.cf.restbankapp.service.AccountServiceImpl.closeAccount(java.lang.String) throws gr.aueb.cf.restbankapp.core.exceptions.EntityNotFoundException] because it is marked as final, consider using interface-based JDK proxies instead.
 2026-03-30 23:01:13 INFO  o.s.s.c.a.a.c.InitializeAuthenticationProviderBeanManagerConfigurer$InitializeAuthenticationProviderManagerConfigurer [] [] - Global AuthenticationManager configured with AuthenticationProvider bean with name authenticationProvider
 2026-03-30 23:01:13 WARN  o.s.s.c.a.a.c.InitializeUserDetailsBeanManagerConfigurer$InitializeUserDetailsManagerConfigurer [] [] - Global AuthenticationManager configured with an AuthenticationProvider bean. UserDetailsService beans will not be used by Spring Security for automatically configuring username/password login. Consider removing the AuthenticationProvider bean. Alternatively, consider using the UserDetailsService in a manually instantiated DaoAuthenticationProvider. If the current configuration is intentional, to turn off this warning, increase the logging level of 'org.springframework.security.config.annotation.authentication.configuration.InitializeUserDetailsBeanManagerConfigurer' to ERROR
 2026-03-30 23:01:13 INFO  o.s.d.j.r.query.QueryEnhancerFactory [] [] - Hibernate is in classpath; If applicable, HQL parser will be used.
 2026-03-30 23:01:14 INFO  g.a.c.r.RestBankAppApplicationTests [] [] - Started RestBankAppApplicationTests in 10.975 seconds (process running for 16.292)
 2026-03-30 23:01:14 INFO  o.s.o.j.LocalContainerEntityManagerFactoryBean [] [] - Closing JPA EntityManagerFactory for persistence unit 'default'
 2026-03-30 23:07:08 INFO  o.h.validator.internal.util.Version [] [] - HV000001: Hibernate Validator 8.0.3.Final
 2026-03-30 23:07:08 INFO  g.a.c.r.RestBankAppApplicationTests [] [] - Starting RestBankAppApplicationTests using Java 21.0.8 with PID 12004 (started by kosta in C:\Users\kosta\IdeaProjects\restBankApp)
 2026-03-30 23:07:08 INFO  g.a.c.r.RestBankAppApplicationTests [] [] - The following 1 profile is active: "dev"
 2026-03-30 23:07:10 INFO  o.s.d.r.c.RepositoryConfigurationDelegate [] [] - Bootstrapping Spring Data JPA repositories in DEFAULT mode.
 2026-03-30 23:07:10 INFO  o.s.d.r.c.RepositoryConfigurationDelegate [] [] - Finished Spring Data repository scanning in 191 ms. Found 8 JPA repository interfaces.
 2026-03-30 23:07:12 INFO  org.flywaydb.core.FlywayExecutor [] [] - Database: jdbc:mysql://localhost:3306/bankapp?useSSL=true&serverTimezone=UTC (MySQL 8.0)
 2026-03-30 23:07:13 INFO  o.f.core.internal.command.DbValidate [] [] - Successfully validated 4 migrations (execution time 00:00.055s)
 2026-03-30 23:07:13 INFO  o.f.core.internal.command.DbMigrate [] [] - Current version of schema `bankapp`: 4
 2026-03-30 23:07:13 INFO  o.f.core.internal.command.DbMigrate [] [] - Schema `bankapp` is up to date. No migration necessary.
 2026-03-30 23:07:13 INFO  org.hibernate.Version [] [] - HHH000412: Hibernate ORM core version 6.6.42.Final
 2026-03-30 23:07:13 INFO  o.h.c.i.RegionFactoryInitiator [] [] - HHH000026: Second-level cache disabled
 2026-03-30 23:07:13 INFO  o.s.o.j.p.SpringPersistenceUnitInfo [] [] - No LoadTimeWeaver setup: ignoring JPA class transformer
 2026-03-30 23:07:14 INFO  o.hibernate.orm.connections.pooling [] [] - HHH10001005: Database info:
	Database JDBC URL [Connecting through datasource 'HikariDataSource (HikariPool-1)']
	Database driver: undefined/unknown
	Database version: 8.0.44
	Autocommit mode: undefined/unknown
	Isolation level: undefined/unknown
	Minimum pool size: undefined/unknown
	Maximum pool size: undefined/unknown
 2026-03-30 23:07:16 INFO  o.h.e.t.j.p.i.JtaPlatformInitiator [] [] - HHH000489: No JTA platform available (set 'hibernate.transaction.jta.platform' to enable JTA platform integration)
 2026-03-30 23:07:16 INFO  o.s.o.j.LocalContainerEntityManagerFactoryBean [] [] - Initialized JPA EntityManagerFactory for persistence unit 'default'
 2026-03-30 23:07:17 WARN  o.s.aop.framework.CglibAopProxy [] [] - Unable to proxy interface-implementing method [public final synchronized gr.aueb.cf.restbankapp.dto.AccountReadOnlyDTO gr.aueb.cf.restbankapp.service.AccountServiceImpl.withdraw(gr.aueb.cf.restbankapp.dto.AccountWithdrawDTO) throws gr.aueb.cf.restbankapp.core.exceptions.EntityNotFoundException,gr.aueb.cf.restbankapp.core.exceptions.NegativeAmountException,gr.aueb.cf.restbankapp.core.exceptions.InsufficientBalanceException] because it is marked as final, consider using interface-based JDK proxies instead.
 2026-03-30 23:07:17 WARN  o.s.aop.framework.CglibAopProxy [] [] - Unable to proxy interface-implementing method [public final synchronized java.math.BigDecimal gr.aueb.cf.restbankapp.service.AccountServiceImpl.getBalance(java.lang.String) throws gr.aueb.cf.restbankapp.core.exceptions.EntityNotFoundException] because it is marked as final, consider using interface-based JDK proxies instead.
 2026-03-30 23:07:17 WARN  o.s.aop.framework.CglibAopProxy [] [] - Unable to proxy interface-implementing method [public final synchronized gr.aueb.cf.restbankapp.dto.AccountReadOnlyDTO gr.aueb.cf.restbankapp.service.AccountServiceImpl.deposit(gr.aueb.cf.restbankapp.dto.AccountDepositDTO) throws gr.aueb.cf.restbankapp.core.exceptions.EntityNotFoundException,gr.aueb.cf.restbankapp.core.exceptions.NegativeAmountException] because it is marked as final, consider using interface-based JDK proxies instead.
 2026-03-30 23:07:17 WARN  o.s.aop.framework.CglibAopProxy [] [] - Unable to proxy interface-implementing method [public final synchronized gr.aueb.cf.restbankapp.dto.AccountReadOnlyDTO gr.aueb.cf.restbankapp.service.AccountServiceImpl.closeAccount(java.lang.String) throws gr.aueb.cf.restbankapp.core.exceptions.EntityNotFoundException] because it is marked as final, consider using interface-based JDK proxies instead.
 2026-03-30 23:07:17 INFO  o.s.s.c.a.a.c.InitializeAuthenticationProviderBeanManagerConfigurer$InitializeAuthenticationProviderManagerConfigurer [] [] - Global AuthenticationManager configured with AuthenticationProvider bean with name authenticationProvider
 2026-03-30 23:07:17 WARN  o.s.s.c.a.a.c.InitializeUserDetailsBeanManagerConfigurer$InitializeUserDetailsManagerConfigurer [] [] - Global AuthenticationManager configured with an AuthenticationProvider bean. UserDetailsService beans will not be used by Spring Security for automatically configuring username/password login. Consider removing the AuthenticationProvider bean. Alternatively, consider using the UserDetailsService in a manually instantiated DaoAuthenticationProvider. If the current configuration is intentional, to turn off this warning, increase the logging level of 'org.springframework.security.config.annotation.authentication.configuration.InitializeUserDetailsBeanManagerConfigurer' to ERROR
 2026-03-30 23:07:17 INFO  o.s.d.j.r.query.QueryEnhancerFactory [] [] - Hibernate is in classpath; If applicable, HQL parser will be used.
 2026-03-30 23:07:19 INFO  g.a.c.r.RestBankAppApplicationTests [] [] - Started RestBankAppApplicationTests in 12.162 seconds (process running for 15.278)
 2026-03-30 23:07:19 INFO  o.s.o.j.LocalContainerEntityManagerFactoryBean [] [] - Closing JPA EntityManagerFactory for persistence unit 'default'
 2026-03-30 23:14:00 INFO  o.h.validator.internal.util.Version [] [] - HV000001: Hibernate Validator 8.0.3.Final
 2026-03-30 23:14:00 INFO  g.a.c.r.RestBankAppApplicationTests [] [] - Starting RestBankAppApplicationTests using Java 21.0.8 with PID 29016 (started by kosta in C:\Users\kosta\IdeaProjects\restBankApp)
 2026-03-30 23:14:00 INFO  g.a.c.r.RestBankAppApplicationTests [] [] - The following 1 profile is active: "dev"
 2026-03-30 23:14:02 INFO  o.s.d.r.c.RepositoryConfigurationDelegate [] [] - Bootstrapping Spring Data JPA repositories in DEFAULT mode.
 2026-03-30 23:14:02 INFO  o.s.d.r.c.RepositoryConfigurationDelegate [] [] - Finished Spring Data repository scanning in 95 ms. Found 8 JPA repository interfaces.
 2026-03-30 23:14:04 INFO  org.flywaydb.core.FlywayExecutor [] [] - Database: jdbc:mysql://localhost:3306/bankapp?useSSL=true&serverTimezone=UTC (MySQL 8.0)
 2026-03-30 23:14:05 INFO  o.f.core.internal.command.DbValidate [] [] - Successfully validated 4 migrations (execution time 00:00.105s)
 2026-03-30 23:14:05 INFO  o.f.core.internal.command.DbMigrate [] [] - Current version of schema `bankapp`: 4
 2026-03-30 23:14:05 INFO  o.f.core.internal.command.DbMigrate [] [] - Schema `bankapp` is up to date. No migration necessary.
 2026-03-30 23:14:05 INFO  org.hibernate.Version [] [] - HHH000412: Hibernate ORM core version 6.6.42.Final
 2026-03-30 23:14:05 INFO  o.h.c.i.RegionFactoryInitiator [] [] - HHH000026: Second-level cache disabled
 2026-03-30 23:14:05 INFO  o.s.o.j.p.SpringPersistenceUnitInfo [] [] - No LoadTimeWeaver setup: ignoring JPA class transformer
 2026-03-30 23:14:06 INFO  o.hibernate.orm.connections.pooling [] [] - HHH10001005: Database info:
	Database JDBC URL [Connecting through datasource 'HikariDataSource (HikariPool-1)']
	Database driver: undefined/unknown
	Database version: 8.0.44
	Autocommit mode: undefined/unknown
	Isolation level: undefined/unknown
	Minimum pool size: undefined/unknown
	Maximum pool size: undefined/unknown
 2026-03-30 23:14:08 INFO  o.h.e.t.j.p.i.JtaPlatformInitiator [] [] - HHH000489: No JTA platform available (set 'hibernate.transaction.jta.platform' to enable JTA platform integration)
 2026-03-30 23:14:08 INFO  o.s.o.j.LocalContainerEntityManagerFactoryBean [] [] - Initialized JPA EntityManagerFactory for persistence unit 'default'
 2026-03-30 23:14:09 WARN  o.s.aop.framework.CglibAopProxy [] [] - Unable to proxy interface-implementing method [public final synchronized gr.aueb.cf.restbankapp.dto.AccountReadOnlyDTO gr.aueb.cf.restbankapp.service.AccountServiceImpl.withdraw(gr.aueb.cf.restbankapp.dto.AccountWithdrawDTO) throws gr.aueb.cf.restbankapp.core.exceptions.EntityNotFoundException,gr.aueb.cf.restbankapp.core.exceptions.NegativeAmountException,gr.aueb.cf.restbankapp.core.exceptions.InsufficientBalanceException] because it is marked as final, consider using interface-based JDK proxies instead.
 2026-03-30 23:14:09 WARN  o.s.aop.framework.CglibAopProxy [] [] - Unable to proxy interface-implementing method [public final synchronized java.math.BigDecimal gr.aueb.cf.restbankapp.service.AccountServiceImpl.getBalance(java.lang.String) throws gr.aueb.cf.restbankapp.core.exceptions.EntityNotFoundException] because it is marked as final, consider using interface-based JDK proxies instead.
 2026-03-30 23:14:09 WARN  o.s.aop.framework.CglibAopProxy [] [] - Unable to proxy interface-implementing method [public final synchronized gr.aueb.cf.restbankapp.dto.AccountReadOnlyDTO gr.aueb.cf.restbankapp.service.AccountServiceImpl.deposit(gr.aueb.cf.restbankapp.dto.AccountDepositDTO) throws gr.aueb.cf.restbankapp.core.exceptions.EntityNotFoundException,gr.aueb.cf.restbankapp.core.exceptions.NegativeAmountException] because it is marked as final, consider using interface-based JDK proxies instead.
 2026-03-30 23:14:09 WARN  o.s.aop.framework.CglibAopProxy [] [] - Unable to proxy interface-implementing method [public final synchronized gr.aueb.cf.restbankapp.dto.AccountReadOnlyDTO gr.aueb.cf.restbankapp.service.AccountServiceImpl.closeAccount(java.lang.String) throws gr.aueb.cf.restbankapp.core.exceptions.EntityNotFoundException] because it is marked as final, consider using interface-based JDK proxies instead.
 2026-03-30 23:14:09 INFO  o.s.s.c.a.a.c.InitializeAuthenticationProviderBeanManagerConfigurer$InitializeAuthenticationProviderManagerConfigurer [] [] - Global AuthenticationManager configured with AuthenticationProvider bean with name authenticationProvider
 2026-03-30 23:14:09 WARN  o.s.s.c.a.a.c.InitializeUserDetailsBeanManagerConfigurer$InitializeUserDetailsManagerConfigurer [] [] - Global AuthenticationManager configured with an AuthenticationProvider bean. UserDetailsService beans will not be used by Spring Security for automatically configuring username/password login. Consider removing the AuthenticationProvider bean. Alternatively, consider using the UserDetailsService in a manually instantiated DaoAuthenticationProvider. If the current configuration is intentional, to turn off this warning, increase the logging level of 'org.springframework.security.config.annotation.authentication.configuration.InitializeUserDetailsBeanManagerConfigurer' to ERROR
 2026-03-30 23:14:09 INFO  o.s.d.j.r.query.QueryEnhancerFactory [] [] - Hibernate is in classpath; If applicable, HQL parser will be used.
 2026-03-30 23:14:11 INFO  g.a.c.r.RestBankAppApplicationTests [] [] - Started RestBankAppApplicationTests in 11.848 seconds (process running for 14.992)
 2026-03-30 23:14:11 INFO  o.s.o.j.LocalContainerEntityManagerFactoryBean [] [] - Closing JPA EntityManagerFactory for persistence unit 'default'
 2026-03-30 23:18:04 INFO  o.h.validator.internal.util.Version [] [] - HV000001: Hibernate Validator 8.0.3.Final
 2026-03-30 23:18:04 INFO  g.a.c.r.RestBankAppApplicationTests [] [] - Starting RestBankAppApplicationTests using Java 21.0.8 with PID 21888 (started by kosta in C:\Users\kosta\IdeaProjects\restBankApp)
 2026-03-30 23:18:04 INFO  g.a.c.r.RestBankAppApplicationTests [] [] - The following 1 profile is active: "dev"
 2026-03-30 23:18:06 INFO  o.s.d.r.c.RepositoryConfigurationDelegate [] [] - Bootstrapping Spring Data JPA repositories in DEFAULT mode.
 2026-03-30 23:18:06 INFO  o.s.d.r.c.RepositoryConfigurationDelegate [] [] - Finished Spring Data repository scanning in 88 ms. Found 8 JPA repository interfaces.
 2026-03-30 23:18:08 INFO  org.flywaydb.core.FlywayExecutor [] [] - Database: jdbc:mysql://localhost:3306/bankapp?useSSL=true&serverTimezone=UTC (MySQL 8.0)
 2026-03-30 23:18:09 INFO  o.f.core.internal.command.DbValidate [] [] - Successfully validated 4 migrations (execution time 00:00.091s)
 2026-03-30 23:18:09 INFO  o.f.core.internal.command.DbMigrate [] [] - Current version of schema `bankapp`: 4
 2026-03-30 23:18:09 INFO  o.f.core.internal.command.DbMigrate [] [] - Schema `bankapp` is up to date. No migration necessary.
 2026-03-30 23:18:10 INFO  org.hibernate.Version [] [] - HHH000412: Hibernate ORM core version 6.6.42.Final
 2026-03-30 23:18:10 INFO  o.h.c.i.RegionFactoryInitiator [] [] - HHH000026: Second-level cache disabled
 2026-03-30 23:18:10 INFO  o.s.o.j.p.SpringPersistenceUnitInfo [] [] - No LoadTimeWeaver setup: ignoring JPA class transformer
 2026-03-30 23:18:11 INFO  o.hibernate.orm.connections.pooling [] [] - HHH10001005: Database info:
	Database JDBC URL [Connecting through datasource 'HikariDataSource (HikariPool-1)']
	Database driver: undefined/unknown
	Database version: 8.0.44
	Autocommit mode: undefined/unknown
	Isolation level: undefined/unknown
	Minimum pool size: undefined/unknown
	Maximum pool size: undefined/unknown
 2026-03-30 23:18:12 INFO  o.h.e.t.j.p.i.JtaPlatformInitiator [] [] - HHH000489: No JTA platform available (set 'hibernate.transaction.jta.platform' to enable JTA platform integration)
 2026-03-30 23:18:12 INFO  o.s.o.j.LocalContainerEntityManagerFactoryBean [] [] - Initialized JPA EntityManagerFactory for persistence unit 'default'
 2026-03-30 23:18:13 WARN  o.s.aop.framework.CglibAopProxy [] [] - Unable to proxy interface-implementing method [public final synchronized gr.aueb.cf.restbankapp.dto.AccountReadOnlyDTO gr.aueb.cf.restbankapp.service.AccountServiceImpl.deposit(gr.aueb.cf.restbankapp.dto.AccountDepositDTO) throws gr.aueb.cf.restbankapp.core.exceptions.EntityNotFoundException,gr.aueb.cf.restbankapp.core.exceptions.NegativeAmountException] because it is marked as final, consider using interface-based JDK proxies instead.
 2026-03-30 23:18:13 WARN  o.s.aop.framework.CglibAopProxy [] [] - Unable to proxy interface-implementing method [public final synchronized java.math.BigDecimal gr.aueb.cf.restbankapp.service.AccountServiceImpl.getBalance(java.lang.String) throws gr.aueb.cf.restbankapp.core.exceptions.EntityNotFoundException] because it is marked as final, consider using interface-based JDK proxies instead.
 2026-03-30 23:18:13 WARN  o.s.aop.framework.CglibAopProxy [] [] - Unable to proxy interface-implementing method [public final synchronized gr.aueb.cf.restbankapp.dto.AccountReadOnlyDTO gr.aueb.cf.restbankapp.service.AccountServiceImpl.withdraw(gr.aueb.cf.restbankapp.dto.AccountWithdrawDTO) throws gr.aueb.cf.restbankapp.core.exceptions.EntityNotFoundException,gr.aueb.cf.restbankapp.core.exceptions.NegativeAmountException,gr.aueb.cf.restbankapp.core.exceptions.InsufficientBalanceException] because it is marked as final, consider using interface-based JDK proxies instead.
 2026-03-30 23:18:13 WARN  o.s.aop.framework.CglibAopProxy [] [] - Unable to proxy interface-implementing method [public final synchronized gr.aueb.cf.restbankapp.dto.AccountReadOnlyDTO gr.aueb.cf.restbankapp.service.AccountServiceImpl.closeAccount(java.lang.String) throws gr.aueb.cf.restbankapp.core.exceptions.EntityNotFoundException] because it is marked as final, consider using interface-based JDK proxies instead.
 2026-03-30 23:18:13 INFO  o.s.s.c.a.a.c.InitializeAuthenticationProviderBeanManagerConfigurer$InitializeAuthenticationProviderManagerConfigurer [] [] - Global AuthenticationManager configured with AuthenticationProvider bean with name authenticationProvider
 2026-03-30 23:18:13 WARN  o.s.s.c.a.a.c.InitializeUserDetailsBeanManagerConfigurer$InitializeUserDetailsManagerConfigurer [] [] - Global AuthenticationManager configured with an AuthenticationProvider bean. UserDetailsService beans will not be used by Spring Security for automatically configuring username/password login. Consider removing the AuthenticationProvider bean. Alternatively, consider using the UserDetailsService in a manually instantiated DaoAuthenticationProvider. If the current configuration is intentional, to turn off this warning, increase the logging level of 'org.springframework.security.config.annotation.authentication.configuration.InitializeUserDetailsBeanManagerConfigurer' to ERROR
 2026-03-30 23:18:14 INFO  o.s.d.j.r.query.QueryEnhancerFactory [] [] - Hibernate is in classpath; If applicable, HQL parser will be used.
 2026-03-30 23:18:15 INFO  g.a.c.r.RestBankAppApplicationTests [] [] - Started RestBankAppApplicationTests in 12.071 seconds (process running for 15.229)
 2026-03-30 23:18:15 INFO  o.s.o.j.LocalContainerEntityManagerFactoryBean [] [] - Closing JPA EntityManagerFactory for persistence unit 'default'
 2026-03-30 23:30:45 INFO  o.h.validator.internal.util.Version [] [] - HV000001: Hibernate Validator 8.0.3.Final
 2026-03-30 23:30:45 INFO  g.a.c.r.RestBankAppApplicationTests [] [] - Starting RestBankAppApplicationTests using Java 21.0.8 with PID 20372 (started by kosta in C:\Users\kosta\IdeaProjects\restBankApp)
 2026-03-30 23:30:45 INFO  g.a.c.r.RestBankAppApplicationTests [] [] - The following 1 profile is active: "dev"
 2026-03-30 23:30:47 INFO  o.s.d.r.c.RepositoryConfigurationDelegate [] [] - Bootstrapping Spring Data JPA repositories in DEFAULT mode.
 2026-03-30 23:30:47 INFO  o.s.d.r.c.RepositoryConfigurationDelegate [] [] - Finished Spring Data repository scanning in 171 ms. Found 8 JPA repository interfaces.
 2026-03-30 23:30:49 INFO  org.flywaydb.core.FlywayExecutor [] [] - Database: jdbc:mysql://localhost:3306/bankapp?useSSL=true&serverTimezone=UTC (MySQL 8.0)
 2026-03-30 23:30:50 INFO  o.f.core.internal.command.DbValidate [] [] - Successfully validated 4 migrations (execution time 00:00.084s)
 2026-03-30 23:30:50 INFO  o.f.core.internal.command.DbMigrate [] [] - Current version of schema `bankapp`: 4
 2026-03-30 23:30:50 INFO  o.f.core.internal.command.DbMigrate [] [] - Schema `bankapp` is up to date. No migration necessary.
 2026-03-30 23:30:50 INFO  org.hibernate.Version [] [] - HHH000412: Hibernate ORM core version 6.6.42.Final
 2026-03-30 23:30:50 INFO  o.h.c.i.RegionFactoryInitiator [] [] - HHH000026: Second-level cache disabled
 2026-03-30 23:30:51 INFO  o.s.o.j.p.SpringPersistenceUnitInfo [] [] - No LoadTimeWeaver setup: ignoring JPA class transformer
 2026-03-30 23:30:51 INFO  o.hibernate.orm.connections.pooling [] [] - HHH10001005: Database info:
	Database JDBC URL [Connecting through datasource 'HikariDataSource (HikariPool-1)']
	Database driver: undefined/unknown
	Database version: 8.0.44
	Autocommit mode: undefined/unknown
	Isolation level: undefined/unknown
	Minimum pool size: undefined/unknown
	Maximum pool size: undefined/unknown
 2026-03-30 23:30:53 INFO  o.h.e.t.j.p.i.JtaPlatformInitiator [] [] - HHH000489: No JTA platform available (set 'hibernate.transaction.jta.platform' to enable JTA platform integration)
 2026-03-30 23:30:53 INFO  o.s.o.j.LocalContainerEntityManagerFactoryBean [] [] - Initialized JPA EntityManagerFactory for persistence unit 'default'
 2026-03-30 23:30:53 WARN  o.s.aop.framework.CglibAopProxy [] [] - Unable to proxy interface-implementing method [public final synchronized java.math.BigDecimal gr.aueb.cf.restbankapp.service.AccountServiceImpl.getBalance(java.lang.String) throws gr.aueb.cf.restbankapp.core.exceptions.EntityNotFoundException] because it is marked as final, consider using interface-based JDK proxies instead.
 2026-03-30 23:30:53 WARN  o.s.aop.framework.CglibAopProxy [] [] - Unable to proxy interface-implementing method [public final synchronized gr.aueb.cf.restbankapp.dto.AccountReadOnlyDTO gr.aueb.cf.restbankapp.service.AccountServiceImpl.deposit(gr.aueb.cf.restbankapp.dto.AccountDepositDTO) throws gr.aueb.cf.restbankapp.core.exceptions.EntityNotFoundException,gr.aueb.cf.restbankapp.core.exceptions.NegativeAmountException] because it is marked as final, consider using interface-based JDK proxies instead.
 2026-03-30 23:30:53 WARN  o.s.aop.framework.CglibAopProxy [] [] - Unable to proxy interface-implementing method [public final synchronized gr.aueb.cf.restbankapp.dto.AccountReadOnlyDTO gr.aueb.cf.restbankapp.service.AccountServiceImpl.withdraw(gr.aueb.cf.restbankapp.dto.AccountWithdrawDTO) throws gr.aueb.cf.restbankapp.core.exceptions.EntityNotFoundException,gr.aueb.cf.restbankapp.core.exceptions.NegativeAmountException,gr.aueb.cf.restbankapp.core.exceptions.InsufficientBalanceException] because it is marked as final, consider using interface-based JDK proxies instead.
 2026-03-30 23:30:53 WARN  o.s.aop.framework.CglibAopProxy [] [] - Unable to proxy interface-implementing method [public final synchronized gr.aueb.cf.restbankapp.dto.AccountReadOnlyDTO gr.aueb.cf.restbankapp.service.AccountServiceImpl.closeAccount(java.lang.String) throws gr.aueb.cf.restbankapp.core.exceptions.EntityNotFoundException] because it is marked as final, consider using interface-based JDK proxies instead.
 2026-03-30 23:30:54 INFO  o.s.s.c.a.a.c.InitializeAuthenticationProviderBeanManagerConfigurer$InitializeAuthenticationProviderManagerConfigurer [] [] - Global AuthenticationManager configured with AuthenticationProvider bean with name authenticationProvider
 2026-03-30 23:30:54 WARN  o.s.s.c.a.a.c.InitializeUserDetailsBeanManagerConfigurer$InitializeUserDetailsManagerConfigurer [] [] - Global AuthenticationManager configured with an AuthenticationProvider bean. UserDetailsService beans will not be used by Spring Security for automatically configuring username/password login. Consider removing the AuthenticationProvider bean. Alternatively, consider using the UserDetailsService in a manually instantiated DaoAuthenticationProvider. If the current configuration is intentional, to turn off this warning, increase the logging level of 'org.springframework.security.config.annotation.authentication.configuration.InitializeUserDetailsBeanManagerConfigurer' to ERROR
 2026-03-30 23:30:54 INFO  o.s.d.j.r.query.QueryEnhancerFactory [] [] - Hibernate is in classpath; If applicable, HQL parser will be used.
 2026-03-30 23:30:55 INFO  g.a.c.r.RestBankAppApplicationTests [] [] - Started RestBankAppApplicationTests in 10.592 seconds (process running for 13.97)
 2026-03-30 23:30:55 INFO  o.s.o.j.LocalContainerEntityManagerFactoryBean [] [] - Closing JPA EntityManagerFactory for persistence unit 'default'
 2026-03-30 23:33:25 INFO  o.h.validator.internal.util.Version [] [] - HV000001: Hibernate Validator 8.0.3.Final
 2026-03-30 23:33:25 INFO  g.a.c.r.RestBankAppApplicationTests [] [] - Starting RestBankAppApplicationTests using Java 21.0.8 with PID 17452 (started by kosta in C:\Users\kosta\IdeaProjects\restBankApp)
 2026-03-30 23:33:25 INFO  g.a.c.r.RestBankAppApplicationTests [] [] - The following 1 profile is active: "dev"
 2026-03-30 23:33:26 INFO  o.s.d.r.c.RepositoryConfigurationDelegate [] [] - Bootstrapping Spring Data JPA repositories in DEFAULT mode.
 2026-03-30 23:33:27 INFO  o.s.d.r.c.RepositoryConfigurationDelegate [] [] - Finished Spring Data repository scanning in 75 ms. Found 8 JPA repository interfaces.
 2026-03-30 23:33:28 INFO  org.flywaydb.core.FlywayExecutor [] [] - Database: jdbc:mysql://localhost:3306/bankapp?useSSL=true&serverTimezone=UTC (MySQL 8.0)
 2026-03-30 23:33:29 INFO  o.f.core.internal.command.DbValidate [] [] - Successfully validated 4 migrations (execution time 00:00.040s)
 2026-03-30 23:33:29 INFO  o.f.core.internal.command.DbMigrate [] [] - Current version of schema `bankapp`: 4
 2026-03-30 23:33:29 INFO  o.f.core.internal.command.DbMigrate [] [] - Schema `bankapp` is up to date. No migration necessary.
 2026-03-30 23:33:29 INFO  org.hibernate.Version [] [] - HHH000412: Hibernate ORM core version 6.6.42.Final
 2026-03-30 23:33:29 INFO  o.h.c.i.RegionFactoryInitiator [] [] - HHH000026: Second-level cache disabled
 2026-03-30 23:33:29 INFO  o.s.o.j.p.SpringPersistenceUnitInfo [] [] - No LoadTimeWeaver setup: ignoring JPA class transformer
 2026-03-30 23:33:29 INFO  o.hibernate.orm.connections.pooling [] [] - HHH10001005: Database info:
	Database JDBC URL [Connecting through datasource 'HikariDataSource (HikariPool-1)']
	Database driver: undefined/unknown
	Database version: 8.0.44
	Autocommit mode: undefined/unknown
	Isolation level: undefined/unknown
	Minimum pool size: undefined/unknown
	Maximum pool size: undefined/unknown
 2026-03-30 23:33:31 INFO  o.h.e.t.j.p.i.JtaPlatformInitiator [] [] - HHH000489: No JTA platform available (set 'hibernate.transaction.jta.platform' to enable JTA platform integration)
 2026-03-30 23:33:31 INFO  o.s.o.j.LocalContainerEntityManagerFactoryBean [] [] - Initialized JPA EntityManagerFactory for persistence unit 'default'
 2026-03-30 23:33:32 WARN  o.s.aop.framework.CglibAopProxy [] [] - Unable to proxy interface-implementing method [public final synchronized gr.aueb.cf.restbankapp.dto.AccountReadOnlyDTO gr.aueb.cf.restbankapp.service.AccountServiceImpl.deposit(gr.aueb.cf.restbankapp.dto.AccountDepositDTO) throws gr.aueb.cf.restbankapp.core.exceptions.EntityNotFoundException,gr.aueb.cf.restbankapp.core.exceptions.NegativeAmountException] because it is marked as final, consider using interface-based JDK proxies instead.
 2026-03-30 23:33:32 WARN  o.s.aop.framework.CglibAopProxy [] [] - Unable to proxy interface-implementing method [public final synchronized gr.aueb.cf.restbankapp.dto.AccountReadOnlyDTO gr.aueb.cf.restbankapp.service.AccountServiceImpl.withdraw(gr.aueb.cf.restbankapp.dto.AccountWithdrawDTO) throws gr.aueb.cf.restbankapp.core.exceptions.EntityNotFoundException,gr.aueb.cf.restbankapp.core.exceptions.NegativeAmountException,gr.aueb.cf.restbankapp.core.exceptions.InsufficientBalanceException] because it is marked as final, consider using interface-based JDK proxies instead.
 2026-03-30 23:33:32 WARN  o.s.aop.framework.CglibAopProxy [] [] - Unable to proxy interface-implementing method [public final synchronized java.math.BigDecimal gr.aueb.cf.restbankapp.service.AccountServiceImpl.getBalance(java.lang.String) throws gr.aueb.cf.restbankapp.core.exceptions.EntityNotFoundException] because it is marked as final, consider using interface-based JDK proxies instead.
 2026-03-30 23:33:32 WARN  o.s.aop.framework.CglibAopProxy [] [] - Unable to proxy interface-implementing method [public final synchronized gr.aueb.cf.restbankapp.dto.AccountReadOnlyDTO gr.aueb.cf.restbankapp.service.AccountServiceImpl.closeAccount(java.lang.String) throws gr.aueb.cf.restbankapp.core.exceptions.EntityNotFoundException] because it is marked as final, consider using interface-based JDK proxies instead.
 2026-03-30 23:33:32 INFO  o.s.s.c.a.a.c.InitializeAuthenticationProviderBeanManagerConfigurer$InitializeAuthenticationProviderManagerConfigurer [] [] - Global AuthenticationManager configured with AuthenticationProvider bean with name authenticationProvider
 2026-03-30 23:33:32 WARN  o.s.s.c.a.a.c.InitializeUserDetailsBeanManagerConfigurer$InitializeUserDetailsManagerConfigurer [] [] - Global AuthenticationManager configured with an AuthenticationProvider bean. UserDetailsService beans will not be used by Spring Security for automatically configuring username/password login. Consider removing the AuthenticationProvider bean. Alternatively, consider using the UserDetailsService in a manually instantiated DaoAuthenticationProvider. If the current configuration is intentional, to turn off this warning, increase the logging level of 'org.springframework.security.config.annotation.authentication.configuration.InitializeUserDetailsBeanManagerConfigurer' to ERROR
 2026-03-30 23:33:32 INFO  o.s.d.j.r.query.QueryEnhancerFactory [] [] - Hibernate is in classpath; If applicable, HQL parser will be used.
 2026-03-30 23:33:33 INFO  g.a.c.r.RestBankAppApplicationTests [] [] - Started RestBankAppApplicationTests in 8.509 seconds (process running for 11.248)
 2026-03-30 23:33:33 INFO  o.s.o.j.LocalContainerEntityManagerFactoryBean [] [] - Closing JPA EntityManagerFactory for persistence unit 'default'
 2026-03-30 23:34:16 INFO  o.h.validator.internal.util.Version [] [] - HV000001: Hibernate Validator 8.0.3.Final
 2026-03-30 23:34:16 INFO  g.a.c.r.RestBankAppApplicationTests [] [] - Starting RestBankAppApplicationTests using Java 21.0.8 with PID 40724 (started by kosta in C:\Users\kosta\IdeaProjects\restBankApp)
 2026-03-30 23:34:16 INFO  g.a.c.r.RestBankAppApplicationTests [] [] - The following 1 profile is active: "dev"
 2026-03-30 23:34:17 INFO  o.s.d.r.c.RepositoryConfigurationDelegate [] [] - Bootstrapping Spring Data JPA repositories in DEFAULT mode.
 2026-03-30 23:34:17 INFO  o.s.d.r.c.RepositoryConfigurationDelegate [] [] - Finished Spring Data repository scanning in 110 ms. Found 8 JPA repository interfaces.
 2026-03-30 23:34:19 INFO  org.flywaydb.core.FlywayExecutor [] [] - Database: jdbc:mysql://localhost:3306/bankapp?useSSL=true&serverTimezone=UTC (MySQL 8.0)
 2026-03-30 23:34:20 INFO  o.f.core.internal.command.DbValidate [] [] - Successfully validated 4 migrations (execution time 00:00.041s)
 2026-03-30 23:34:20 INFO  o.f.core.internal.command.DbMigrate [] [] - Current version of schema `bankapp`: 4
 2026-03-30 23:34:20 INFO  o.f.core.internal.command.DbMigrate [] [] - Schema `bankapp` is up to date. No migration necessary.
 2026-03-30 23:34:20 INFO  org.hibernate.Version [] [] - HHH000412: Hibernate ORM core version 6.6.42.Final
 2026-03-30 23:34:20 INFO  o.h.c.i.RegionFactoryInitiator [] [] - HHH000026: Second-level cache disabled
 2026-03-30 23:34:20 INFO  o.s.o.j.p.SpringPersistenceUnitInfo [] [] - No LoadTimeWeaver setup: ignoring JPA class transformer
 2026-03-30 23:34:20 INFO  o.hibernate.orm.connections.pooling [] [] - HHH10001005: Database info:
	Database JDBC URL [Connecting through datasource 'HikariDataSource (HikariPool-1)']
	Database driver: undefined/unknown
	Database version: 8.0.44
	Autocommit mode: undefined/unknown
	Isolation level: undefined/unknown
	Minimum pool size: undefined/unknown
	Maximum pool size: undefined/unknown
 2026-03-30 23:34:22 INFO  o.h.e.t.j.p.i.JtaPlatformInitiator [] [] - HHH000489: No JTA platform available (set 'hibernate.transaction.jta.platform' to enable JTA platform integration)
 2026-03-30 23:34:22 INFO  o.s.o.j.LocalContainerEntityManagerFactoryBean [] [] - Initialized JPA EntityManagerFactory for persistence unit 'default'
 2026-03-30 23:34:23 WARN  o.s.aop.framework.CglibAopProxy [] [] - Unable to proxy interface-implementing method [public final synchronized java.math.BigDecimal gr.aueb.cf.restbankapp.service.AccountServiceImpl.getBalance(java.lang.String) throws gr.aueb.cf.restbankapp.core.exceptions.EntityNotFoundException] because it is marked as final, consider using interface-based JDK proxies instead.
 2026-03-30 23:34:23 WARN  o.s.aop.framework.CglibAopProxy [] [] - Unable to proxy interface-implementing method [public final synchronized gr.aueb.cf.restbankapp.dto.AccountReadOnlyDTO gr.aueb.cf.restbankapp.service.AccountServiceImpl.withdraw(gr.aueb.cf.restbankapp.dto.AccountWithdrawDTO) throws gr.aueb.cf.restbankapp.core.exceptions.EntityNotFoundException,gr.aueb.cf.restbankapp.core.exceptions.NegativeAmountException,gr.aueb.cf.restbankapp.core.exceptions.InsufficientBalanceException] because it is marked as final, consider using interface-based JDK proxies instead.
 2026-03-30 23:34:23 WARN  o.s.aop.framework.CglibAopProxy [] [] - Unable to proxy interface-implementing method [public final synchronized gr.aueb.cf.restbankapp.dto.AccountReadOnlyDTO gr.aueb.cf.restbankapp.service.AccountServiceImpl.deposit(gr.aueb.cf.restbankapp.dto.AccountDepositDTO) throws gr.aueb.cf.restbankapp.core.exceptions.EntityNotFoundException,gr.aueb.cf.restbankapp.core.exceptions.NegativeAmountException] because it is marked as final, consider using interface-based JDK proxies instead.
 2026-03-30 23:34:23 WARN  o.s.aop.framework.CglibAopProxy [] [] - Unable to proxy interface-implementing method [public final synchronized gr.aueb.cf.restbankapp.dto.AccountReadOnlyDTO gr.aueb.cf.restbankapp.service.AccountServiceImpl.closeAccount(java.lang.String) throws gr.aueb.cf.restbankapp.core.exceptions.EntityNotFoundException] because it is marked as final, consider using interface-based JDK proxies instead.
 2026-03-30 23:34:23 INFO  o.s.s.c.a.a.c.InitializeAuthenticationProviderBeanManagerConfigurer$InitializeAuthenticationProviderManagerConfigurer [] [] - Global AuthenticationManager configured with AuthenticationProvider bean with name authenticationProvider
 2026-03-30 23:34:23 WARN  o.s.s.c.a.a.c.InitializeUserDetailsBeanManagerConfigurer$InitializeUserDetailsManagerConfigurer [] [] - Global AuthenticationManager configured with an AuthenticationProvider bean. UserDetailsService beans will not be used by Spring Security for automatically configuring username/password login. Consider removing the AuthenticationProvider bean. Alternatively, consider using the UserDetailsService in a manually instantiated DaoAuthenticationProvider. If the current configuration is intentional, to turn off this warning, increase the logging level of 'org.springframework.security.config.annotation.authentication.configuration.InitializeUserDetailsBeanManagerConfigurer' to ERROR
 2026-03-30 23:34:23 INFO  o.s.d.j.r.query.QueryEnhancerFactory [] [] - Hibernate is in classpath; If applicable, HQL parser will be used.
 2026-03-30 23:34:24 INFO  g.a.c.r.RestBankAppApplicationTests [] [] - Started RestBankAppApplicationTests in 9.129 seconds (process running for 11.651)
 2026-03-30 23:34:24 INFO  o.s.o.j.LocalContainerEntityManagerFactoryBean [] [] - Closing JPA EntityManagerFactory for persistence unit 'default'
 