2026-03-29 14:19:05 INFO  o.h.validator.internal.util.Version [] [] - HV000001: Hibernate Validator 8.0.3.Final
 2026-03-29 14:19:05 INFO  g.a.c.r.RestBankAppApplication [] [] - Starting RestBankAppApplication using Java 21.0.8 with PID 6712 (C:\Users\kosta\IdeaProjects\restBankApp\build\classes\java\main started by kosta in C:\Users\kosta\IdeaProjects\restBankApp)
 2026-03-29 14:19:05 INFO  g.a.c.r.RestBankAppApplication [] [] - The following 1 profile is active: "dev"
 2026-03-29 14:19:07 INFO  o.s.d.r.c.RepositoryConfigurationDelegate [] [] - Bootstrapping Spring Data JPA repositories in DEFAULT mode.
 2026-03-29 14:19:07 INFO  o.s.d.r.c.RepositoryConfigurationDelegate [] [] - Finished Spring Data repository scanning in 119 ms. Found 8 JPA repository interfaces.
 2026-03-29 14:19:09 INFO  o.s.b.w.e.tomcat.TomcatWebServer [] [] - Tomcat initialized with port 8080 (http)
 2026-03-29 14:19:09 INFO  o.s.b.w.s.c.ServletWebServerApplicationContext [] [] - Root WebApplicationContext: initialization completed in 3397 ms
 2026-03-29 14:19:12 INFO  org.flywaydb.core.FlywayExecutor [] [] - Database: jdbc:mysql://localhost:3306/bankapp?useSSL=true&serverTimezone=UTC (MySQL 8.0)
 2026-03-29 14:19:13 INFO  o.f.core.internal.command.DbValidate [] [] - Successfully validated 4 migrations (execution time 00:00.104s)
 2026-03-29 14:19:13 INFO  o.f.core.internal.command.DbMigrate [] [] - Current version of schema `bankapp`: 4
 2026-03-29 14:19:13 INFO  o.f.core.internal.command.DbMigrate [] [] - Schema `bankapp` is up to date. No migration necessary.
 2026-03-29 14:19:13 INFO  org.hibernate.Version [] [] - HHH000412: Hibernate ORM core version 6.6.42.Final
 2026-03-29 14:19:13 INFO  o.h.c.i.RegionFactoryInitiator [] [] - HHH000026: Second-level cache disabled
 2026-03-29 14:19:14 INFO  o.s.o.j.p.SpringPersistenceUnitInfo [] [] - No LoadTimeWeaver setup: ignoring JPA class transformer
 2026-03-29 14:19:14 INFO  o.hibernate.orm.connections.pooling [] [] - HHH10001005: Database info:
	Database JDBC URL [Connecting through datasource 'HikariDataSource (HikariPool-1)']
	Database driver: undefined/unknown
	Database version: 8.0.44
	Autocommit mode: undefined/unknown
	Isolation level: undefined/unknown
	Minimum pool size: undefined/unknown
	Maximum pool size: undefined/unknown
 2026-03-29 14:19:15 INFO  o.h.e.t.j.p.i.JtaPlatformInitiator [] [] - HHH000489: No JTA platform available (set 'hibernate.transaction.jta.platform' to enable JTA platform integration)
 2026-03-29 14:19:16 ERROR o.s.o.j.LocalContainerEntityManagerFactoryBean [] [] - Failed to initialize JPA EntityManagerFactory: [PersistenceUnit: default] Unable to build Hibernate SessionFactory; nested exception is org.hibernate.tool.schema.spi.SchemaManagementException: Schema-validation: missing table [accounts]
 2026-03-29 14:19:16 ERROR o.s.b.w.e.tomcat.TomcatStarter [] [] - Error starting Tomcat context. Exception: org.springframework.beans.factory.UnsatisfiedDependencyException. Message: Error creating bean with name 'jwtAuthenticationFilter' defined in file [C:\Users\kosta\IdeaProjects\restBankApp\build\classes\java\main\gr\aueb\cf\restbankapp\security\JwtAuthenticationFilter.class]: Unsatisfied dependency expressed through constructor parameter 1: Error creating bean with name 'customUserDetailsService' defined in file [C:\Users\kosta\IdeaProjects\restBankApp\build\classes\java\main\gr\aueb\cf\restbankapp\authentication\CustomUserDetailsService.class]: Unsatisfied dependency expressed through constructor parameter 0: Error creating bean with name 'userRepository' defined in gr.aueb.cf.restbankapp.repository.UserRepository defined in @EnableJpaRepositories declared on JpaRepositoriesRegistrar.EnableJpaRepositoriesConfiguration: Cannot resolve reference to bean 'jpaSharedEM_entityManagerFactory' while setting bean property 'entityManager'
 2026-03-29 14:19:16 WARN  o.s.b.w.s.c.AnnotationConfigServletWebServerApplicationContext [] [] - Exception encountered during context initialization - cancelling refresh attempt: org.springframework.context.ApplicationContextException: Unable to start web server
 2026-03-29 14:19:16 ERROR o.s.boot.SpringApplication [] [] - Application run failed
 org.springframework.context.ApplicationContextException: Unable to start web server
	at org.springframework.boot.web.servlet.context.ServletWebServerApplicationContext.onRefresh(ServletWebServerApplicationContext.java:170)
Caused by: org.springframework.boot.web.server.WebServerException: Unable to start embedded Tomcat
	at org.springframework.boot.web.embedded.tomcat.TomcatWebServer.initialize(TomcatWebServer.java:147)
Caused by: org.springframework.beans.factory.UnsatisfiedDependencyException: Error creating bean with name 'jwtAuthenticationFilter' defined in file [C:\Users\kosta\IdeaProjects\restBankApp\build\classes\java\main\gr\aueb\cf\restbankapp\security\JwtAuthenticationFilter.class]: Unsatisfied dependency expressed through constructor parameter 1: Error creating bean with name 'customUserDetailsService' defined in file [C:\Users\kosta\IdeaProjects\restBankApp\build\classes\java\main\gr\aueb\cf\restbankapp\authentication\CustomUserDetailsService.class]: Unsatisfied dependency expressed through constructor parameter 0: Error creating bean with name 'userRepository' defined in gr.aueb.cf.restbankapp.repository.UserRepository defined in @EnableJpaRepositories declared on JpaRepositoriesRegistrar.EnableJpaRepositoriesConfiguration: Cannot resolve reference to bean 'jpaSharedEM_entityManagerFactory' while setting bean property 'entityManager'
	at org.springframework.beans.factory.support.ConstructorResolver.createArgumentArray(ConstructorResolver.java:804)
Caused by: org.springframework.beans.factory.UnsatisfiedDependencyException: Error creating bean with name 'customUserDetailsService' defined in file [C:\Users\kosta\IdeaProjects\restBankApp\build\classes\java\main\gr\aueb\cf\restbankapp\authentication\CustomUserDetailsService.class]: Unsatisfied dependency expressed through constructor parameter 0: Error creating bean with name 'userRepository' defined in gr.aueb.cf.restbankapp.repository.UserRepository defined in @EnableJpaRepositories declared on JpaRepositoriesRegistrar.EnableJpaRepositoriesConfiguration: Cannot resolve reference to bean 'jpaSharedEM_entityManagerFactory' while setting bean property 'entityManager'
	at org.springframework.beans.factory.support.ConstructorResolver.createArgumentArray(ConstructorResolver.java:804)
Caused by: org.springframework.beans.factory.BeanCreationException: Error creating bean with name 'userRepository' defined in gr.aueb.cf.restbankapp.repository.UserRepository defined in @EnableJpaRepositories declared on JpaRepositoriesRegistrar.EnableJpaRepositoriesConfiguration: Cannot resolve reference to bean 'jpaSharedEM_entityManagerFactory' while setting bean property 'entityManager'
	at org.springframework.beans.factory.support.BeanDefinitionValueResolver.resolveReference(BeanDefinitionValueResolver.java:377)
Caused by: org.springframework.beans.factory.BeanCreationException: Error creating bean with name 'jpaSharedEM_entityManagerFactory': Cannot resolve reference to bean 'entityManagerFactory' while setting constructor argument
	at org.springframework.beans.factory.support.BeanDefinitionValueResolver.resolveReference(BeanDefinitionValueResolver.java:377)
Caused by: org.springframework.beans.factory.BeanCreationException: Error creating bean with name 'entityManagerFactory' defined in class path resource [org/springframework/boot/autoconfigure/orm/jpa/HibernateJpaConfiguration.class]: [PersistenceUnit: default] Unable to build Hibernate SessionFactory; nested exception is org.hibernate.tool.schema.spi.SchemaManagementException: Schema-validation: missing table [accounts]
	at org.springframework.beans.factory.support.AbstractAutowireCapableBeanFactory.initializeBean(AbstractAutowireCapableBeanFactory.java:1826)
Caused by: jakarta.persistence.PersistenceException: [PersistenceUnit: default] Unable to build Hibernate SessionFactory; nested exception is org.hibernate.tool.schema.spi.SchemaManagementException: Schema-validation: missing table [accounts]
	at org.springframework.orm.jpa.AbstractEntityManagerFactoryBean.buildNativeEntityManagerFactory(AbstractEntityManagerFactoryBean.java:431)
Caused by: org.hibernate.tool.schema.spi.SchemaManagementException: Schema-validation: missing table [accounts]
	at org.hibernate.tool.schema.internal.AbstractSchemaValidator.validateTable(AbstractSchemaValidator.java:136)
2026-03-29 22:01:56 INFO  o.h.validator.internal.util.Version [] [] - HV000001: Hibernate Validator 8.0.3.Final
 2026-03-29 22:01:56 INFO  g.a.c.r.RestBankAppApplication [] [] - Starting RestBankAppApplication using Java 21.0.8 with PID 26464 (C:\Users\kosta\IdeaProjects\restBankApp\build\classes\java\main started by kosta in C:\Users\kosta\IdeaProjects\restBankApp)
 2026-03-29 22:01:56 INFO  g.a.c.r.RestBankAppApplication [] [] - The following 1 profile is active: "dev"
 2026-03-29 22:01:58 INFO  o.s.d.r.c.RepositoryConfigurationDelegate [] [] - Bootstrapping Spring Data JPA repositories in DEFAULT mode.
 2026-03-29 22:01:58 INFO  o.s.d.r.c.RepositoryConfigurationDelegate [] [] - Finished Spring Data repository scanning in 93 ms. Found 8 JPA repository interfaces.
 2026-03-29 22:01:59 INFO  o.s.b.w.e.tomcat.TomcatWebServer [] [] - Tomcat initialized with port 8080 (http)
 2026-03-29 22:01:59 INFO  o.s.b.w.s.c.ServletWebServerApplicationContext [] [] - Root WebApplicationContext: initialization completed in 2968 ms
 2026-03-29 22:02:01 INFO  o.f.c.i.r.ResourceNameValidator [] [] - 2 SQL migrations were detected but not run because they did not follow the filename convention.
 2026-03-29 22:02:01 INFO  o.f.c.i.r.ResourceNameValidator [] [] - Set 'validateMigrationNaming' to true to fail fast and see a list of the invalid file names.
 2026-03-29 22:02:01 INFO  org.flywaydb.core.FlywayExecutor [] [] - Database: jdbc:mysql://localhost:3306/bankapp?useSSL=true&serverTimezone=UTC (MySQL 8.0)
 2026-03-29 22:02:02 INFO  o.f.core.internal.command.DbValidate [] [] - Successfully validated 4 migrations (execution time 00:00.069s)
 2026-03-29 22:02:02 INFO  o.f.core.internal.command.DbMigrate [] [] - Current version of schema `bankapp`: 4
 2026-03-29 22:02:02 INFO  o.f.core.internal.command.DbMigrate [] [] - Schema `bankapp` is up to date. No migration necessary.
 2026-03-29 22:02:02 INFO  org.hibernate.Version [] [] - HHH000412: Hibernate ORM core version 6.6.42.Final
 2026-03-29 22:02:02 INFO  o.h.c.i.RegionFactoryInitiator [] [] - HHH000026: Second-level cache disabled
 2026-03-29 22:02:03 INFO  o.s.o.j.p.SpringPersistenceUnitInfo [] [] - No LoadTimeWeaver setup: ignoring JPA class transformer
 2026-03-29 22:02:03 INFO  o.hibernate.orm.connections.pooling [] [] - HHH10001005: Database info:
	Database JDBC URL [Connecting through datasource 'HikariDataSource (HikariPool-1)']
	Database driver: undefined/unknown
	Database version: 8.0.44
	Autocommit mode: undefined/unknown
	Isolation level: undefined/unknown
	Minimum pool size: undefined/unknown
	Maximum pool size: undefined/unknown
 2026-03-29 22:02:05 INFO  o.h.e.t.j.p.i.JtaPlatformInitiator [] [] - HHH000489: No JTA platform available (set 'hibernate.transaction.jta.platform' to enable JTA platform integration)
 2026-03-29 22:02:05 ERROR o.s.o.j.LocalContainerEntityManagerFactoryBean [] [] - Failed to initialize JPA EntityManagerFactory: [PersistenceUnit: default] Unable to build Hibernate SessionFactory; nested exception is org.hibernate.tool.schema.spi.SchemaManagementException: Schema-validation: missing table [accounts]
 2026-03-29 22:02:05 ERROR o.s.b.w.e.tomcat.TomcatStarter [] [] - Error starting Tomcat context. Exception: org.springframework.beans.factory.UnsatisfiedDependencyException. Message: Error creating bean with name 'jwtAuthenticationFilter' defined in file [C:\Users\kosta\IdeaProjects\restBankApp\build\classes\java\main\gr\aueb\cf\restbankapp\security\JwtAuthenticationFilter.class]: Unsatisfied dependency expressed through constructor parameter 1: Error creating bean with name 'customUserDetailsService' defined in file [C:\Users\kosta\IdeaProjects\restBankApp\build\classes\java\main\gr\aueb\cf\restbankapp\authentication\CustomUserDetailsService.class]: Unsatisfied dependency expressed through constructor parameter 0: Error creating bean with name 'userRepository' defined in gr.aueb.cf.restbankapp.repository.UserRepository defined in @EnableJpaRepositories declared on JpaRepositoriesRegistrar.EnableJpaRepositoriesConfiguration: Cannot resolve reference to bean 'jpaSharedEM_entityManagerFactory' while setting bean property 'entityManager'
 2026-03-29 22:02:05 WARN  o.s.b.w.s.c.AnnotationConfigServletWebServerApplicationContext [] [] - Exception encountered during context initialization - cancelling refresh attempt: org.springframework.context.ApplicationContextException: Unable to start web server
 2026-03-29 22:02:05 ERROR o.s.boot.SpringApplication [] [] - Application run failed
 org.springframework.context.ApplicationContextException: Unable to start web server
	at org.springframework.boot.web.servlet.context.ServletWebServerApplicationContext.onRefresh(ServletWebServerApplicationContext.java:170)
Caused by: org.springframework.boot.web.server.WebServerException: Unable to start embedded Tomcat
	at org.springframework.boot.web.embedded.tomcat.TomcatWebServer.initialize(TomcatWebServer.java:147)
Caused by: org.springframework.beans.factory.UnsatisfiedDependencyException: Error creating bean with name 'jwtAuthenticationFilter' defined in file [C:\Users\kosta\IdeaProjects\restBankApp\build\classes\java\main\gr\aueb\cf\restbankapp\security\JwtAuthenticationFilter.class]: Unsatisfied dependency expressed through constructor parameter 1: Error creating bean with name 'customUserDetailsService' defined in file [C:\Users\kosta\IdeaProjects\restBankApp\build\classes\java\main\gr\aueb\cf\restbankapp\authentication\CustomUserDetailsService.class]: Unsatisfied dependency expressed through constructor parameter 0: Error creating bean with name 'userRepository' defined in gr.aueb.cf.restbankapp.repository.UserRepository defined in @EnableJpaRepositories declared on JpaRepositoriesRegistrar.EnableJpaRepositoriesConfiguration: Cannot resolve reference to bean 'jpaSharedEM_entityManagerFactory' while setting bean property 'entityManager'
	at org.springframework.beans.factory.support.ConstructorResolver.createArgumentArray(ConstructorResolver.java:804)
Caused by: org.springframework.beans.factory.UnsatisfiedDependencyException: Error creating bean with name 'customUserDetailsService' defined in file [C:\Users\kosta\IdeaProjects\restBankApp\build\classes\java\main\gr\aueb\cf\restbankapp\authentication\CustomUserDetailsService.class]: Unsatisfied dependency expressed through constructor parameter 0: Error creating bean with name 'userRepository' defined in gr.aueb.cf.restbankapp.repository.UserRepository defined in @EnableJpaRepositories declared on JpaRepositoriesRegistrar.EnableJpaRepositoriesConfiguration: Cannot resolve reference to bean 'jpaSharedEM_entityManagerFactory' while setting bean property 'entityManager'
	at org.springframework.beans.factory.support.ConstructorResolver.createArgumentArray(ConstructorResolver.java:804)
Caused by: org.springframework.beans.factory.BeanCreationException: Error creating bean with name 'userRepository' defined in gr.aueb.cf.restbankapp.repository.UserRepository defined in @EnableJpaRepositories declared on JpaRepositoriesRegistrar.EnableJpaRepositoriesConfiguration: Cannot resolve reference to bean 'jpaSharedEM_entityManagerFactory' while setting bean property 'entityManager'
	at org.springframework.beans.factory.support.BeanDefinitionValueResolver.resolveReference(BeanDefinitionValueResolver.java:377)
Caused by: org.springframework.beans.factory.BeanCreationException: Error creating bean with name 'jpaSharedEM_entityManagerFactory': Cannot resolve reference to bean 'entityManagerFactory' while setting constructor argument
	at org.springframework.beans.factory.support.BeanDefinitionValueResolver.resolveReference(BeanDefinitionValueResolver.java:377)
Caused by: org.springframework.beans.factory.BeanCreationException: Error creating bean with name 'entityManagerFactory' defined in class path resource [org/springframework/boot/autoconfigure/orm/jpa/HibernateJpaConfiguration.class]: [PersistenceUnit: default] Unable to build Hibernate SessionFactory; nested exception is org.hibernate.tool.schema.spi.SchemaManagementException: Schema-validation: missing table [accounts]
	at org.springframework.beans.factory.support.AbstractAutowireCapableBeanFactory.initializeBean(AbstractAutowireCapableBeanFactory.java:1826)
Caused by: jakarta.persistence.PersistenceException: [PersistenceUnit: default] Unable to build Hibernate SessionFactory; nested exception is org.hibernate.tool.schema.spi.SchemaManagementException: Schema-validation: missing table [accounts]
	at org.springframework.orm.jpa.AbstractEntityManagerFactoryBean.buildNativeEntityManagerFactory(AbstractEntityManagerFactoryBean.java:431)
Caused by: org.hibernate.tool.schema.spi.SchemaManagementException: Schema-validation: missing table [accounts]
	at org.hibernate.tool.schema.internal.AbstractSchemaValidator.validateTable(AbstractSchemaValidator.java:136)
2026-03-29 22:20:04 INFO  o.h.validator.internal.util.Version [] [] - HV000001: Hibernate Validator 8.0.3.Final
 2026-03-29 22:20:04 INFO  g.a.c.r.RestBankAppApplication [] [] - Starting RestBankAppApplication using Java 21.0.8 with PID 5936 (C:\Users\kosta\IdeaProjects\restBankApp\build\classes\java\main started by kosta in C:\Users\kosta\IdeaProjects\restBankApp)
 2026-03-29 22:20:04 INFO  g.a.c.r.RestBankAppApplication [] [] - The following 1 profile is active: "dev"
 2026-03-29 22:20:06 INFO  o.s.d.r.c.RepositoryConfigurationDelegate [] [] - Bootstrapping Spring Data JPA repositories in DEFAULT mode.
 2026-03-29 22:20:06 INFO  o.s.d.r.c.RepositoryConfigurationDelegate [] [] - Finished Spring Data repository scanning in 86 ms. Found 8 JPA repository interfaces.
 2026-03-29 22:20:07 INFO  o.s.b.w.e.tomcat.TomcatWebServer [] [] - Tomcat initialized with port 8080 (http)
 2026-03-29 22:20:07 INFO  o.s.b.w.s.c.ServletWebServerApplicationContext [] [] - Root WebApplicationContext: initialization completed in 3103 ms
 2026-03-29 22:20:09 INFO  org.flywaydb.core.FlywayExecutor [] [] - Database: jdbc:mysql://localhost:3306/bankapp?useSSL=true&serverTimezone=UTC (MySQL 8.0)
 2026-03-29 22:20:09 INFO  o.f.core.internal.command.DbValidate [] [] - Successfully validated 6 migrations (execution time 00:00.046s)
 2026-03-29 22:20:09 INFO  o.f.core.internal.command.DbMigrate [] [] - Current version of schema `bankapp`: 4
 2026-03-29 22:20:09 INFO  o.f.core.internal.command.DbMigrate [] [] - Migrating schema `bankapp` to version "5 - create accounts table"
 2026-03-29 22:20:09 INFO  o.f.core.internal.command.DbMigrate [] [] - Migrating schema `bankapp` to version "6 - alter customers add accounts"
 2026-03-29 22:20:10 INFO  o.f.core.internal.command.DbMigrate [] [] - Successfully applied 2 migrations to schema `bankapp`, now at version v6 (execution time 00:00.391s)
 2026-03-29 22:20:10 INFO  org.hibernate.Version [] [] - HHH000412: Hibernate ORM core version 6.6.42.Final
 2026-03-29 22:20:10 INFO  o.h.c.i.RegionFactoryInitiator [] [] - HHH000026: Second-level cache disabled
 2026-03-29 22:20:10 INFO  o.s.o.j.p.SpringPersistenceUnitInfo [] [] - No LoadTimeWeaver setup: ignoring JPA class transformer
 2026-03-29 22:20:10 INFO  o.hibernate.orm.connections.pooling [] [] - HHH10001005: Database info:
	Database JDBC URL [Connecting through datasource 'HikariDataSource (HikariPool-1)']
	Database driver: undefined/unknown
	Database version: 8.0.44
	Autocommit mode: undefined/unknown
	Isolation level: undefined/unknown
	Minimum pool size: undefined/unknown
	Maximum pool size: undefined/unknown
 2026-03-29 22:20:12 INFO  o.h.e.t.j.p.i.JtaPlatformInitiator [] [] - HHH000489: No JTA platform available (set 'hibernate.transaction.jta.platform' to enable JTA platform integration)
 2026-03-29 22:20:12 ERROR o.s.o.j.LocalContainerEntityManagerFactoryBean [] [] - Failed to initialize JPA EntityManagerFactory: [PersistenceUnit: default] Unable to build Hibernate SessionFactory; nested exception is org.hibernate.tool.schema.spi.SchemaManagementException: Schema-validation: missing column [deleted] in table [accounts]
 2026-03-29 22:20:12 ERROR o.s.b.w.e.tomcat.TomcatStarter [] [] - Error starting Tomcat context. Exception: org.springframework.beans.factory.UnsatisfiedDependencyException. Message: Error creating bean with name 'jwtAuthenticationFilter' defined in file [C:\Users\kosta\IdeaProjects\restBankApp\build\classes\java\main\gr\aueb\cf\restbankapp\security\JwtAuthenticationFilter.class]: Unsatisfied dependency expressed through constructor parameter 1: Error creating bean with name 'customUserDetailsService' defined in file [C:\Users\kosta\IdeaProjects\restBankApp\build\classes\java\main\gr\aueb\cf\restbankapp\authentication\CustomUserDetailsService.class]: Unsatisfied dependency expressed through constructor parameter 0: Error creating bean with name 'userRepository' defined in gr.aueb.cf.restbankapp.repository.UserRepository defined in @EnableJpaRepositories declared on JpaRepositoriesRegistrar.EnableJpaRepositoriesConfiguration: Cannot resolve reference to bean 'jpaSharedEM_entityManagerFactory' while setting bean property 'entityManager'
 2026-03-29 22:20:12 WARN  o.s.b.w.s.c.AnnotationConfigServletWebServerApplicationContext [] [] - Exception encountered during context initialization - cancelling refresh attempt: org.springframework.context.ApplicationContextException: Unable to start web server
 2026-03-29 22:20:12 ERROR o.s.boot.SpringApplication [] [] - Application run failed
 org.springframework.context.ApplicationContextException: Unable to start web server
	at org.springframework.boot.web.servlet.context.ServletWebServerApplicationContext.onRefresh(ServletWebServerApplicationContext.java:170)
Caused by: org.springframework.boot.web.server.WebServerException: Unable to start embedded Tomcat
	at org.springframework.boot.web.embedded.tomcat.TomcatWebServer.initialize(TomcatWebServer.java:147)
Caused by: org.springframework.beans.factory.UnsatisfiedDependencyException: Error creating bean with name 'jwtAuthenticationFilter' defined in file [C:\Users\kosta\IdeaProjects\restBankApp\build\classes\java\main\gr\aueb\cf\restbankapp\security\JwtAuthenticationFilter.class]: Unsatisfied dependency expressed through constructor parameter 1: Error creating bean with name 'customUserDetailsService' defined in file [C:\Users\kosta\IdeaProjects\restBankApp\build\classes\java\main\gr\aueb\cf\restbankapp\authentication\CustomUserDetailsService.class]: Unsatisfied dependency expressed through constructor parameter 0: Error creating bean with name 'userRepository' defined in gr.aueb.cf.restbankapp.repository.UserRepository defined in @EnableJpaRepositories declared on JpaRepositoriesRegistrar.EnableJpaRepositoriesConfiguration: Cannot resolve reference to bean 'jpaSharedEM_entityManagerFactory' while setting bean property 'entityManager'
	at org.springframework.beans.factory.support.ConstructorResolver.createArgumentArray(ConstructorResolver.java:804)
Caused by: org.springframework.beans.factory.UnsatisfiedDependencyException: Error creating bean with name 'customUserDetailsService' defined in file [C:\Users\kosta\IdeaProjects\restBankApp\build\classes\java\main\gr\aueb\cf\restbankapp\authentication\CustomUserDetailsService.class]: Unsatisfied dependency expressed through constructor parameter 0: Error creating bean with name 'userRepository' defined in gr.aueb.cf.restbankapp.repository.UserRepository defined in @EnableJpaRepositories declared on JpaRepositoriesRegistrar.EnableJpaRepositoriesConfiguration: Cannot resolve reference to bean 'jpaSharedEM_entityManagerFactory' while setting bean property 'entityManager'
	at org.springframework.beans.factory.support.ConstructorResolver.createArgumentArray(ConstructorResolver.java:804)
Caused by: org.springframework.beans.factory.BeanCreationException: Error creating bean with name 'userRepository' defined in gr.aueb.cf.restbankapp.repository.UserRepository defined in @EnableJpaRepositories declared on JpaRepositoriesRegistrar.EnableJpaRepositoriesConfiguration: Cannot resolve reference to bean 'jpaSharedEM_entityManagerFactory' while setting bean property 'entityManager'
	at org.springframework.beans.factory.support.BeanDefinitionValueResolver.resolveReference(BeanDefinitionValueResolver.java:377)
Caused by: org.springframework.beans.factory.BeanCreationException: Error creating bean with name 'jpaSharedEM_entityManagerFactory': Cannot resolve reference to bean 'entityManagerFactory' while setting constructor argument
	at org.springframework.beans.factory.support.BeanDefinitionValueResolver.resolveReference(BeanDefinitionValueResolver.java:377)
Caused by: org.springframework.beans.factory.BeanCreationException: Error creating bean with name 'entityManagerFactory' defined in class path resource [org/springframework/boot/autoconfigure/orm/jpa/HibernateJpaConfiguration.class]: [PersistenceUnit: default] Unable to build Hibernate SessionFactory; nested exception is org.hibernate.tool.schema.spi.SchemaManagementException: Schema-validation: missing column [deleted] in table [accounts]
	at org.springframework.beans.factory.support.AbstractAutowireCapableBeanFactory.initializeBean(AbstractAutowireCapableBeanFactory.java:1826)
Caused by: jakarta.persistence.PersistenceException: [PersistenceUnit: default] Unable to build Hibernate SessionFactory; nested exception is org.hibernate.tool.schema.spi.SchemaManagementException: Schema-validation: missing column [deleted] in table [accounts]
	at org.springframework.orm.jpa.AbstractEntityManagerFactoryBean.buildNativeEntityManagerFactory(AbstractEntityManagerFactoryBean.java:431)
Caused by: org.hibernate.tool.schema.spi.SchemaManagementException: Schema-validation: missing column [deleted] in table [accounts]
	at org.hibernate.tool.schema.internal.AbstractSchemaValidator.validateTable(AbstractSchemaValidator.java:149)
2026-03-29 22:22:39 INFO  o.h.validator.internal.util.Version [] [] - HV000001: Hibernate Validator 8.0.3.Final
 2026-03-29 22:22:39 INFO  g.a.c.r.RestBankAppApplication [] [] - Starting RestBankAppApplication using Java 21.0.8 with PID 39800 (C:\Users\kosta\IdeaProjects\restBankApp\build\classes\java\main started by kosta in C:\Users\kosta\IdeaProjects\restBankApp)
 2026-03-29 22:22:39 INFO  g.a.c.r.RestBankAppApplication [] [] - The following 1 profile is active: "dev"
 2026-03-29 22:22:42 INFO  o.s.d.r.c.RepositoryConfigurationDelegate [] [] - Bootstrapping Spring Data JPA repositories in DEFAULT mode.
 2026-03-29 22:22:42 INFO  o.s.d.r.c.RepositoryConfigurationDelegate [] [] - Finished Spring Data repository scanning in 128 ms. Found 8 JPA repository interfaces.
 2026-03-29 22:22:43 INFO  o.s.b.w.e.tomcat.TomcatWebServer [] [] - Tomcat initialized with port 8080 (http)
 2026-03-29 22:22:43 INFO  o.s.b.w.s.c.ServletWebServerApplicationContext [] [] - Root WebApplicationContext: initialization completed in 3470 ms
 2026-03-29 22:22:44 INFO  org.flywaydb.core.FlywayExecutor [] [] - Database: jdbc:mysql://localhost:3306/bankapp?useSSL=true&serverTimezone=UTC (MySQL 8.0)
 2026-03-29 22:22:44 INFO  o.f.core.internal.command.DbValidate [] [] - Successfully validated 7 migrations (execution time 00:00.037s)
 2026-03-29 22:22:44 INFO  o.f.core.internal.command.DbMigrate [] [] - Current version of schema `bankapp`: 6
 2026-03-29 22:22:44 INFO  o.f.core.internal.command.DbMigrate [] [] - Migrating schema `bankapp` to version "7 - alter accounts add audit columns"
 2026-03-29 22:22:44 ERROR o.f.core.internal.command.DbMigrate [] [] - Migration of schema `bankapp` to version "7 - alter accounts add audit columns" failed! Please restore backups and roll back database and code!
 2026-03-29 22:22:44 ERROR o.s.b.w.e.tomcat.TomcatStarter [] [] - Error starting Tomcat context. Exception: org.springframework.beans.factory.UnsatisfiedDependencyException. Message: Error creating bean with name 'jwtAuthenticationFilter' defined in file [C:\Users\kosta\IdeaProjects\restBankApp\build\classes\java\main\gr\aueb\cf\restbankapp\security\JwtAuthenticationFilter.class]: Unsatisfied dependency expressed through constructor parameter 1: Error creating bean with name 'customUserDetailsService' defined in file [C:\Users\kosta\IdeaProjects\restBankApp\build\classes\java\main\gr\aueb\cf\restbankapp\authentication\CustomUserDetailsService.class]: Unsatisfied dependency expressed through constructor parameter 0: Error creating bean with name 'userRepository' defined in gr.aueb.cf.restbankapp.repository.UserRepository defined in @EnableJpaRepositories declared on JpaRepositoriesRegistrar.EnableJpaRepositoriesConfiguration: Cannot resolve reference to bean 'jpaSharedEM_entityManagerFactory' while setting bean property 'entityManager'
 2026-03-29 22:22:44 WARN  o.s.b.w.s.c.AnnotationConfigServletWebServerApplicationContext [] [] - Exception encountered during context initialization - cancelling refresh attempt: org.springframework.context.ApplicationContextException: Unable to start web server
 2026-03-29 22:22:44 ERROR o.s.boot.SpringApplication [] [] - Application run failed
 org.springframework.context.ApplicationContextException: Unable to start web server
	at org.springframework.boot.web.servlet.context.ServletWebServerApplicationContext.onRefresh(ServletWebServerApplicationContext.java:170)
Caused by: org.springframework.boot.web.server.WebServerException: Unable to start embedded Tomcat
	at org.springframework.boot.web.embedded.tomcat.TomcatWebServer.initialize(TomcatWebServer.java:147)
Caused by: org.springframework.beans.factory.UnsatisfiedDependencyException: Error creating bean with name 'jwtAuthenticationFilter' defined in file [C:\Users\kosta\IdeaProjects\restBankApp\build\classes\java\main\gr\aueb\cf\restbankapp\security\JwtAuthenticationFilter.class]: Unsatisfied dependency expressed through constructor parameter 1: Error creating bean with name 'customUserDetailsService' defined in file [C:\Users\kosta\IdeaProjects\restBankApp\build\classes\java\main\gr\aueb\cf\restbankapp\authentication\CustomUserDetailsService.class]: Unsatisfied dependency expressed through constructor parameter 0: Error creating bean with name 'userRepository' defined in gr.aueb.cf.restbankapp.repository.UserRepository defined in @EnableJpaRepositories declared on JpaRepositoriesRegistrar.EnableJpaRepositoriesConfiguration: Cannot resolve reference to bean 'jpaSharedEM_entityManagerFactory' while setting bean property 'entityManager'
	at org.springframework.beans.factory.support.ConstructorResolver.createArgumentArray(ConstructorResolver.java:804)
Caused by: org.springframework.beans.factory.UnsatisfiedDependencyException: Error creating bean with name 'customUserDetailsService' defined in file [C:\Users\kosta\IdeaProjects\restBankApp\build\classes\java\main\gr\aueb\cf\restbankapp\authentication\CustomUserDetailsService.class]: Unsatisfied dependency expressed through constructor parameter 0: Error creating bean with name 'userRepository' defined in gr.aueb.cf.restbankapp.repository.UserRepository defined in @EnableJpaRepositories declared on JpaRepositoriesRegistrar.EnableJpaRepositoriesConfiguration: Cannot resolve reference to bean 'jpaSharedEM_entityManagerFactory' while setting bean property 'entityManager'
	at org.springframework.beans.factory.support.ConstructorResolver.createArgumentArray(ConstructorResolver.java:804)
Caused by: org.springframework.beans.factory.BeanCreationException: Error creating bean with name 'userRepository' defined in gr.aueb.cf.restbankapp.repository.UserRepository defined in @EnableJpaRepositories declared on JpaRepositoriesRegistrar.EnableJpaRepositoriesConfiguration: Cannot resolve reference to bean 'jpaSharedEM_entityManagerFactory' while setting bean property 'entityManager'
	at org.springframework.beans.factory.support.BeanDefinitionValueResolver.resolveReference(BeanDefinitionValueResolver.java:377)
Caused by: org.springframework.beans.factory.BeanCreationException: Error creating bean with name 'jpaSharedEM_entityManagerFactory': Cannot resolve reference to bean 'entityManagerFactory' while setting constructor argument
	at org.springframework.beans.factory.support.BeanDefinitionValueResolver.resolveReference(BeanDefinitionValueResolver.java:377)
Caused by: org.springframework.beans.factory.BeanCreationException: Error creating bean with name 'flywayInitializer' defined in class path resource [org/springframework/boot/autoconfigure/flyway/FlywayAutoConfiguration$FlywayConfiguration.class]: Script V7__alter_accounts_add_audit_columns.sql failed
------------------------------------------------------
SQL State  : 42S21
Error Code : 1060
Message    : Duplicate column name 'created_at'
Location   : db/migration/V7__alter_accounts_add_audit_columns.sql (C:\Users\kosta\IdeaProjects\restBankApp\build\resources\main\db\migration\V7__alter_accounts_add_audit_columns.sql)
Line       : 1
Statement  : ALTER TABLE accounts
ADD COLUMN created_at DATETIME NOT NULL,
ADD COLUMN updated_at DATETIME NOT NULL,
ADD COLUMN deleted TINYINT(1) NOT NULL DEFAULT 0,
ADD COLUMN deleted_at DATETIME NULL

	at org.springframework.beans.factory.support.AbstractAutowireCapableBeanFactory.initializeBean(AbstractAutowireCapableBeanFactory.java:1826)
Caused by: org.flywaydb.core.internal.exception.FlywayMigrateException: Script V7__alter_accounts_add_audit_columns.sql failed
------------------------------------------------------
SQL State  : 42S21
Error Code : 1060
Message    : Duplicate column name 'created_at'
Location   : db/migration/V7__alter_accounts_add_audit_columns.sql (C:\Users\kosta\IdeaProjects\restBankApp\build\resources\main\db\migration\V7__alter_accounts_add_audit_columns.sql)
Line       : 1
Statement  : ALTER TABLE accounts
ADD COLUMN created_at DATETIME NOT NULL,
ADD COLUMN updated_at DATETIME NOT NULL,
ADD COLUMN deleted TINYINT(1) NOT NULL DEFAULT 0,
ADD COLUMN deleted_at DATETIME NULL

	at org.flywaydb.core.internal.command.DbMigrate.doMigrateGroup(DbMigrate.java:399)
Caused by: org.flywaydb.core.internal.sqlscript.FlywaySqlScriptException: Script V7__alter_accounts_add_audit_columns.sql failed
------------------------------------------------------
SQL State  : 42S21
Error Code : 1060
Message    : Duplicate column name 'created_at'
Location   : db/migration/V7__alter_accounts_add_audit_columns.sql (C:\Users\kosta\IdeaProjects\restBankApp\build\resources\main\db\migration\V7__alter_accounts_add_audit_columns.sql)
Line       : 1
Statement  : ALTER TABLE accounts
ADD COLUMN created_at DATETIME NOT NULL,
ADD COLUMN updated_at DATETIME NOT NULL,
ADD COLUMN deleted TINYINT(1) NOT NULL DEFAULT 0,
ADD COLUMN deleted_at DATETIME NULL

	at org.flywaydb.core.internal.sqlscript.DefaultSqlScriptExecutor.handleException(DefaultSqlScriptExecutor.java:256)
Caused by: java.sql.SQLSyntaxErrorException: Duplicate column name 'created_at'
	at com.mysql.cj.jdbc.exceptions.SQLError.createSQLException(SQLError.java:112)
2026-03-29 22:25:55 INFO  o.h.validator.internal.util.Version [] [] - HV000001: Hibernate Validator 8.0.3.Final
 2026-03-29 22:25:55 INFO  g.a.c.r.RestBankAppApplication [] [] - Starting RestBankAppApplication using Java 21.0.8 with PID 26964 (C:\Users\kosta\IdeaProjects\restBankApp\build\classes\java\main started by kosta in C:\Users\kosta\IdeaProjects\restBankApp)
 2026-03-29 22:25:55 INFO  g.a.c.r.RestBankAppApplication [] [] - The following 1 profile is active: "dev"
 2026-03-29 22:25:56 INFO  o.s.d.r.c.RepositoryConfigurationDelegate [] [] - Bootstrapping Spring Data JPA repositories in DEFAULT mode.
 2026-03-29 22:25:56 INFO  o.s.d.r.c.RepositoryConfigurationDelegate [] [] - Finished Spring Data repository scanning in 81 ms. Found 8 JPA repository interfaces.
 2026-03-29 22:25:57 INFO  o.s.b.w.e.tomcat.TomcatWebServer [] [] - Tomcat initialized with port 8080 (http)
 2026-03-29 22:25:57 INFO  o.s.b.w.s.c.ServletWebServerApplicationContext [] [] - Root WebApplicationContext: initialization completed in 2594 ms
 2026-03-29 22:25:58 INFO  org.flywaydb.core.FlywayExecutor [] [] - Database: jdbc:mysql://localhost:3306/bankapp?useSSL=true&serverTimezone=UTC (MySQL 8.0)
 2026-03-29 22:25:59 ERROR o.s.b.w.e.tomcat.TomcatStarter [] [] - Error starting Tomcat context. Exception: org.springframework.beans.factory.UnsatisfiedDependencyException. Message: Error creating bean with name 'jwtAuthenticationFilter' defined in file [C:\Users\kosta\IdeaProjects\restBankApp\build\classes\java\main\gr\aueb\cf\restbankapp\security\JwtAuthenticationFilter.class]: Unsatisfied dependency expressed through constructor parameter 1: Error creating bean with name 'customUserDetailsService' defined in file [C:\Users\kosta\IdeaProjects\restBankApp\build\classes\java\main\gr\aueb\cf\restbankapp\authentication\CustomUserDetailsService.class]: Unsatisfied dependency expressed through constructor parameter 0: Error creating bean with name 'userRepository' defined in gr.aueb.cf.restbankapp.repository.UserRepository defined in @EnableJpaRepositories declared on JpaRepositoriesRegistrar.EnableJpaRepositoriesConfiguration: Cannot resolve reference to bean 'jpaSharedEM_entityManagerFactory' while setting bean property 'entityManager'
 2026-03-29 22:25:59 WARN  o.s.b.w.s.c.AnnotationConfigServletWebServerApplicationContext [] [] - Exception encountered during context initialization - cancelling refresh attempt: org.springframework.context.ApplicationContextException: Unable to start web server
 2026-03-29 22:25:59 ERROR o.s.boot.SpringApplication [] [] - Application run failed
 org.springframework.context.ApplicationContextException: Unable to start web server
	at org.springframework.boot.web.servlet.context.ServletWebServerApplicationContext.onRefresh(ServletWebServerApplicationContext.java:170)
Caused by: org.springframework.boot.web.server.WebServerException: Unable to start embedded Tomcat
	at org.springframework.boot.web.embedded.tomcat.TomcatWebServer.initialize(TomcatWebServer.java:147)
Caused by: org.springframework.beans.factory.UnsatisfiedDependencyException: Error creating bean with name 'jwtAuthenticationFilter' defined in file [C:\Users\kosta\IdeaProjects\restBankApp\build\classes\java\main\gr\aueb\cf\restbankapp\security\JwtAuthenticationFilter.class]: Unsatisfied dependency expressed through constructor parameter 1: Error creating bean with name 'customUserDetailsService' defined in file [C:\Users\kosta\IdeaProjects\restBankApp\build\classes\java\main\gr\aueb\cf\restbankapp\authentication\CustomUserDetailsService.class]: Unsatisfied dependency expressed through constructor parameter 0: Error creating bean with name 'userRepository' defined in gr.aueb.cf.restbankapp.repository.UserRepository defined in @EnableJpaRepositories declared on JpaRepositoriesRegistrar.EnableJpaRepositoriesConfiguration: Cannot resolve reference to bean 'jpaSharedEM_entityManagerFactory' while setting bean property 'entityManager'
	at org.springframework.beans.factory.support.ConstructorResolver.createArgumentArray(ConstructorResolver.java:804)
Caused by: org.springframework.beans.factory.UnsatisfiedDependencyException: Error creating bean with name 'customUserDetailsService' defined in file [C:\Users\kosta\IdeaProjects\restBankApp\build\classes\java\main\gr\aueb\cf\restbankapp\authentication\CustomUserDetailsService.class]: Unsatisfied dependency expressed through constructor parameter 0: Error creating bean with name 'userRepository' defined in gr.aueb.cf.restbankapp.repository.UserRepository defined in @EnableJpaRepositories declared on JpaRepositoriesRegistrar.EnableJpaRepositoriesConfiguration: Cannot resolve reference to bean 'jpaSharedEM_entityManagerFactory' while setting bean property 'entityManager'
	at org.springframework.beans.factory.support.ConstructorResolver.createArgumentArray(ConstructorResolver.java:804)
Caused by: org.springframework.beans.factory.BeanCreationException: Error creating bean with name 'userRepository' defined in gr.aueb.cf.restbankapp.repository.UserRepository defined in @EnableJpaRepositories declared on JpaRepositoriesRegistrar.EnableJpaRepositoriesConfiguration: Cannot resolve reference to bean 'jpaSharedEM_entityManagerFactory' while setting bean property 'entityManager'
	at org.springframework.beans.factory.support.BeanDefinitionValueResolver.resolveReference(BeanDefinitionValueResolver.java:377)
Caused by: org.springframework.beans.factory.BeanCreationException: Error creating bean with name 'jpaSharedEM_entityManagerFactory': Cannot resolve reference to bean 'entityManagerFactory' while setting constructor argument
	at org.springframework.beans.factory.support.BeanDefinitionValueResolver.resolveReference(BeanDefinitionValueResolver.java:377)
Caused by: org.springframework.beans.factory.BeanCreationException: Error creating bean with name 'flywayInitializer' defined in class path resource [org/springframework/boot/autoconfigure/flyway/FlywayAutoConfiguration$FlywayConfiguration.class]: Validate failed: Migrations have failed validation
Detected failed migration to version 7 (alter accounts add audit columns).
Please remove any half-completed changes then run repair to fix the schema history.
Need more flexibility with validation rules? Learn more: https://rd.gt/3AbJUZE
	at org.springframework.beans.factory.support.AbstractAutowireCapableBeanFactory.initializeBean(AbstractAutowireCapableBeanFactory.java:1826)
Caused by: org.flywaydb.core.api.exception.FlywayValidateException: Validate failed: Migrations have failed validation
Detected failed migration to version 7 (alter accounts add audit columns).
Please remove any half-completed changes then run repair to fix the schema history.
Need more flexibility with validation rules? Learn more: https://rd.gt/3AbJUZE
	at org.flywaydb.core.Flyway.lambda$migrate$1(Flyway.java:201)
2026-03-29 22:31:30 INFO  o.h.validator.internal.util.Version [] [] - HV000001: Hibernate Validator 8.0.3.Final
 2026-03-29 22:31:30 INFO  g.a.c.r.RestBankAppApplication [] [] - Starting RestBankAppApplication using Java 21.0.8 with PID 40320 (C:\Users\kosta\IdeaProjects\restBankApp\build\classes\java\main started by kosta in C:\Users\kosta\IdeaProjects\restBankApp)
 2026-03-29 22:31:30 INFO  g.a.c.r.RestBankAppApplication [] [] - The following 1 profile is active: "dev"
 2026-03-29 22:31:32 INFO  o.s.d.r.c.RepositoryConfigurationDelegate [] [] - Bootstrapping Spring Data JPA repositories in DEFAULT mode.
 2026-03-29 22:31:32 INFO  o.s.d.r.c.RepositoryConfigurationDelegate [] [] - Finished Spring Data repository scanning in 95 ms. Found 8 JPA repository interfaces.
 2026-03-29 22:31:33 INFO  o.s.b.w.e.tomcat.TomcatWebServer [] [] - Tomcat initialized with port 8080 (http)
 2026-03-29 22:31:33 INFO  o.s.b.w.s.c.ServletWebServerApplicationContext [] [] - Root WebApplicationContext: initialization completed in 2486 ms
 2026-03-29 22:31:34 INFO  org.flywaydb.core.FlywayExecutor [] [] - Database: jdbc:mysql://localhost:3306/bankapp?useSSL=true&serverTimezone=UTC (MySQL 8.0)
 2026-03-29 22:31:34 ERROR o.s.b.w.e.tomcat.TomcatStarter [] [] - Error starting Tomcat context. Exception: org.springframework.beans.factory.UnsatisfiedDependencyException. Message: Error creating bean with name 'jwtAuthenticationFilter' defined in file [C:\Users\kosta\IdeaProjects\restBankApp\build\classes\java\main\gr\aueb\cf\restbankapp\security\JwtAuthenticationFilter.class]: Unsatisfied dependency expressed through constructor parameter 1: Error creating bean with name 'customUserDetailsService' defined in file [C:\Users\kosta\IdeaProjects\restBankApp\build\classes\java\main\gr\aueb\cf\restbankapp\authentication\CustomUserDetailsService.class]: Unsatisfied dependency expressed through constructor parameter 0: Error creating bean with name 'userRepository' defined in gr.aueb.cf.restbankapp.repository.UserRepository defined in @EnableJpaRepositories declared on JpaRepositoriesRegistrar.EnableJpaRepositoriesConfiguration: Cannot resolve reference to bean 'jpaSharedEM_entityManagerFactory' while setting bean property 'entityManager'
 2026-03-29 22:31:35 WARN  o.s.b.w.s.c.AnnotationConfigServletWebServerApplicationContext [] [] - Exception encountered during context initialization - cancelling refresh attempt: org.springframework.context.ApplicationContextException: Unable to start web server
 2026-03-29 22:31:35 ERROR o.s.boot.SpringApplication [] [] - Application run failed
 org.springframework.context.ApplicationContextException: Unable to start web server
	at org.springframework.boot.web.servlet.context.ServletWebServerApplicationContext.onRefresh(ServletWebServerApplicationContext.java:170)
Caused by: org.springframework.boot.web.server.WebServerException: Unable to start embedded Tomcat
	at org.springframework.boot.web.embedded.tomcat.TomcatWebServer.initialize(TomcatWebServer.java:147)
Caused by: org.springframework.beans.factory.UnsatisfiedDependencyException: Error creating bean with name 'jwtAuthenticationFilter' defined in file [C:\Users\kosta\IdeaProjects\restBankApp\build\classes\java\main\gr\aueb\cf\restbankapp\security\JwtAuthenticationFilter.class]: Unsatisfied dependency expressed through constructor parameter 1: Error creating bean with name 'customUserDetailsService' defined in file [C:\Users\kosta\IdeaProjects\restBankApp\build\classes\java\main\gr\aueb\cf\restbankapp\authentication\CustomUserDetailsService.class]: Unsatisfied dependency expressed through constructor parameter 0: Error creating bean with name 'userRepository' defined in gr.aueb.cf.restbankapp.repository.UserRepository defined in @EnableJpaRepositories declared on JpaRepositoriesRegistrar.EnableJpaRepositoriesConfiguration: Cannot resolve reference to bean 'jpaSharedEM_entityManagerFactory' while setting bean property 'entityManager'
	at org.springframework.beans.factory.support.ConstructorResolver.createArgumentArray(ConstructorResolver.java:804)
Caused by: org.springframework.beans.factory.UnsatisfiedDependencyException: Error creating bean with name 'customUserDetailsService' defined in file [C:\Users\kosta\IdeaProjects\restBankApp\build\classes\java\main\gr\aueb\cf\restbankapp\authentication\CustomUserDetailsService.class]: Unsatisfied dependency expressed through constructor parameter 0: Error creating bean with name 'userRepository' defined in gr.aueb.cf.restbankapp.repository.UserRepository defined in @EnableJpaRepositories declared on JpaRepositoriesRegistrar.EnableJpaRepositoriesConfiguration: Cannot resolve reference to bean 'jpaSharedEM_entityManagerFactory' while setting bean property 'entityManager'
	at org.springframework.beans.factory.support.ConstructorResolver.createArgumentArray(ConstructorResolver.java:804)
Caused by: org.springframework.beans.factory.BeanCreationException: Error creating bean with name 'userRepository' defined in gr.aueb.cf.restbankapp.repository.UserRepository defined in @EnableJpaRepositories declared on JpaRepositoriesRegistrar.EnableJpaRepositoriesConfiguration: Cannot resolve reference to bean 'jpaSharedEM_entityManagerFactory' while setting bean property 'entityManager'
	at org.springframework.beans.factory.support.BeanDefinitionValueResolver.resolveReference(BeanDefinitionValueResolver.java:377)
Caused by: org.springframework.beans.factory.BeanCreationException: Error creating bean with name 'jpaSharedEM_entityManagerFactory': Cannot resolve reference to bean 'entityManagerFactory' while setting constructor argument
	at org.springframework.beans.factory.support.BeanDefinitionValueResolver.resolveReference(BeanDefinitionValueResolver.java:377)
Caused by: org.springframework.beans.factory.BeanCreationException: Error creating bean with name 'flywayInitializer' defined in class path resource [org/springframework/boot/autoconfigure/flyway/FlywayAutoConfiguration$FlywayConfiguration.class]: Validate failed: Migrations have failed validation
Detected failed migration to version 7 (alter accounts add audit columns).
Please remove any half-completed changes then run repair to fix the schema history.
Need more flexibility with validation rules? Learn more: https://rd.gt/3AbJUZE
	at org.springframework.beans.factory.support.AbstractAutowireCapableBeanFactory.initializeBean(AbstractAutowireCapableBeanFactory.java:1826)
Caused by: org.flywaydb.core.api.exception.FlywayValidateException: Validate failed: Migrations have failed validation
Detected failed migration to version 7 (alter accounts add audit columns).
Please remove any half-completed changes then run repair to fix the schema history.
Need more flexibility with validation rules? Learn more: https://rd.gt/3AbJUZE
	at org.flywaydb.core.Flyway.lambda$migrate$1(Flyway.java:201)
2026-03-29 22:33:47 INFO  o.h.validator.internal.util.Version [] [] - HV000001: Hibernate Validator 8.0.3.Final
 2026-03-29 22:33:47 INFO  g.a.c.r.RestBankAppApplication [] [] - Starting RestBankAppApplication using Java 21.0.8 with PID 1820 (C:\Users\kosta\IdeaProjects\restBankApp\build\classes\java\main started by kosta in C:\Users\kosta\IdeaProjects\restBankApp)
 2026-03-29 22:33:47 INFO  g.a.c.r.RestBankAppApplication [] [] - The following 1 profile is active: "dev"
 2026-03-29 22:33:48 INFO  o.s.d.r.c.RepositoryConfigurationDelegate [] [] - Bootstrapping Spring Data JPA repositories in DEFAULT mode.
 2026-03-29 22:33:48 INFO  o.s.d.r.c.RepositoryConfigurationDelegate [] [] - Finished Spring Data repository scanning in 88 ms. Found 8 JPA repository interfaces.
 2026-03-29 22:33:49 INFO  o.s.b.w.e.tomcat.TomcatWebServer [] [] - Tomcat initialized with port 8080 (http)
 2026-03-29 22:33:49 INFO  o.s.b.w.s.c.ServletWebServerApplicationContext [] [] - Root WebApplicationContext: initialization completed in 1976 ms
 2026-03-29 22:33:52 ERROR o.s.b.w.e.tomcat.TomcatStarter [] [] - Error starting Tomcat context. Exception: org.springframework.beans.factory.UnsatisfiedDependencyException. Message: Error creating bean with name 'jwtAuthenticationFilter' defined in file [C:\Users\kosta\IdeaProjects\restBankApp\build\classes\java\main\gr\aueb\cf\restbankapp\security\JwtAuthenticationFilter.class]: Unsatisfied dependency expressed through constructor parameter 1: Error creating bean with name 'customUserDetailsService' defined in file [C:\Users\kosta\IdeaProjects\restBankApp\build\classes\java\main\gr\aueb\cf\restbankapp\authentication\CustomUserDetailsService.class]: Unsatisfied dependency expressed through constructor parameter 0: Error creating bean with name 'userRepository' defined in gr.aueb.cf.restbankapp.repository.UserRepository defined in @EnableJpaRepositories declared on JpaRepositoriesRegistrar.EnableJpaRepositoriesConfiguration: Cannot resolve reference to bean 'jpaSharedEM_entityManagerFactory' while setting bean property 'entityManager'
 2026-03-29 22:33:52 WARN  o.s.b.w.s.c.AnnotationConfigServletWebServerApplicationContext [] [] - Exception encountered during context initialization - cancelling refresh attempt: org.springframework.context.ApplicationContextException: Unable to start web server
 2026-03-29 22:33:52 ERROR o.s.boot.SpringApplication [] [] - Application run failed
 org.springframework.context.ApplicationContextException: Unable to start web server
	at org.springframework.boot.web.servlet.context.ServletWebServerApplicationContext.onRefresh(ServletWebServerApplicationContext.java:170)
Caused by: org.springframework.boot.web.server.WebServerException: Unable to start embedded Tomcat
	at org.springframework.boot.web.embedded.tomcat.TomcatWebServer.initialize(TomcatWebServer.java:147)
Caused by: org.springframework.beans.factory.UnsatisfiedDependencyException: Error creating bean with name 'jwtAuthenticationFilter' defined in file [C:\Users\kosta\IdeaProjects\restBankApp\build\classes\java\main\gr\aueb\cf\restbankapp\security\JwtAuthenticationFilter.class]: Unsatisfied dependency expressed through constructor parameter 1: Error creating bean with name 'customUserDetailsService' defined in file [C:\Users\kosta\IdeaProjects\restBankApp\build\classes\java\main\gr\aueb\cf\restbankapp\authentication\CustomUserDetailsService.class]: Unsatisfied dependency expressed through constructor parameter 0: Error creating bean with name 'userRepository' defined in gr.aueb.cf.restbankapp.repository.UserRepository defined in @EnableJpaRepositories declared on JpaRepositoriesRegistrar.EnableJpaRepositoriesConfiguration: Cannot resolve reference to bean 'jpaSharedEM_entityManagerFactory' while setting bean property 'entityManager'
	at org.springframework.beans.factory.support.ConstructorResolver.createArgumentArray(ConstructorResolver.java:804)
Caused by: org.springframework.beans.factory.UnsatisfiedDependencyException: Error creating bean with name 'customUserDetailsService' defined in file [C:\Users\kosta\IdeaProjects\restBankApp\build\classes\java\main\gr\aueb\cf\restbankapp\authentication\CustomUserDetailsService.class]: Unsatisfied dependency expressed through constructor parameter 0: Error creating bean with name 'userRepository' defined in gr.aueb.cf.restbankapp.repository.UserRepository defined in @EnableJpaRepositories declared on JpaRepositoriesRegistrar.EnableJpaRepositoriesConfiguration: Cannot resolve reference to bean 'jpaSharedEM_entityManagerFactory' while setting bean property 'entityManager'
	at org.springframework.beans.factory.support.ConstructorResolver.createArgumentArray(ConstructorResolver.java:804)
Caused by: org.springframework.beans.factory.BeanCreationException: Error creating bean with name 'userRepository' defined in gr.aueb.cf.restbankapp.repository.UserRepository defined in @EnableJpaRepositories declared on JpaRepositoriesRegistrar.EnableJpaRepositoriesConfiguration: Cannot resolve reference to bean 'jpaSharedEM_entityManagerFactory' while setting bean property 'entityManager'
	at org.springframework.beans.factory.support.BeanDefinitionValueResolver.resolveReference(BeanDefinitionValueResolver.java:377)
Caused by: org.springframework.beans.factory.BeanCreationException: Error creating bean with name 'jpaSharedEM_entityManagerFactory': Cannot resolve reference to bean 'entityManagerFactory' while setting constructor argument
	at org.springframework.beans.factory.support.BeanDefinitionValueResolver.resolveReference(BeanDefinitionValueResolver.java:377)
Caused by: org.springframework.beans.factory.BeanCreationException: Error creating bean with name 'flywayInitializer' defined in class path resource [org/springframework/boot/autoconfigure/flyway/FlywayAutoConfiguration$FlywayConfiguration.class]: Unable to obtain connection from database: Unknown database 'bankapp'
---------------------------------------------------------------------
SQL State  : 42000
Error Code : 1049
Message    : Unknown database 'bankapp'

	at org.springframework.beans.factory.support.AbstractAutowireCapableBeanFactory.initializeBean(AbstractAutowireCapableBeanFactory.java:1826)
Caused by: org.flywaydb.core.internal.exception.FlywaySqlException: Unable to obtain connection from database: Unknown database 'bankapp'
---------------------------------------------------------------------
SQL State  : 42000
Error Code : 1049
Message    : Unknown database 'bankapp'

	at org.flywaydb.core.internal.jdbc.JdbcUtils.openConnection(JdbcUtils.java:71)
Caused by: java.sql.SQLSyntaxErrorException: Unknown database 'bankapp'
	at com.mysql.cj.jdbc.exceptions.SQLError.createSQLException(SQLError.java:112)
2026-03-29 22:38:19 INFO  o.h.validator.internal.util.Version [] [] - HV000001: Hibernate Validator 8.0.3.Final
 2026-03-29 22:38:19 INFO  g.a.c.r.RestBankAppApplication [] [] - Starting RestBankAppApplication using Java 21.0.8 with PID 4816 (C:\Users\kosta\IdeaProjects\restBankApp\build\classes\java\main started by kosta in C:\Users\kosta\IdeaProjects\restBankApp)
 2026-03-29 22:38:19 INFO  g.a.c.r.RestBankAppApplication [] [] - The following 1 profile is active: "dev"
 2026-03-29 22:38:20 INFO  o.s.d.r.c.RepositoryConfigurationDelegate [] [] - Bootstrapping Spring Data JPA repositories in DEFAULT mode.
 2026-03-29 22:38:20 INFO  o.s.d.r.c.RepositoryConfigurationDelegate [] [] - Finished Spring Data repository scanning in 91 ms. Found 8 JPA repository interfaces.
 2026-03-29 22:38:22 INFO  o.s.b.w.e.tomcat.TomcatWebServer [] [] - Tomcat initialized with port 8080 (http)
 2026-03-29 22:38:22 INFO  o.s.b.w.s.c.ServletWebServerApplicationContext [] [] - Root WebApplicationContext: initialization completed in 2678 ms
 2026-03-29 22:38:23 INFO  org.flywaydb.core.FlywayExecutor [] [] - Database: jdbc:mysql://localhost:3306/bankapp?useSSL=true&serverTimezone=UTC (MySQL 8.0)
 2026-03-29 22:38:24 INFO  o.f.c.i.s.JdbcTableSchemaHistory [] [] - Schema history table `bankapp`.`flyway_schema_history` does not exist yet
 2026-03-29 22:38:24 INFO  o.f.core.internal.command.DbValidate [] [] - Successfully validated 7 migrations (execution time 00:00.027s)
 2026-03-29 22:38:24 INFO  org.flywaydb.core.Flyway [] [] - All configured schemas are empty; baseline operation skipped. A baseline or migration script with a lower version than the baseline version may execute if available. Check the Schemas parameter if this is not intended.
 2026-03-29 22:38:24 INFO  o.f.c.i.s.JdbcTableSchemaHistory [] [] - Creating Schema History table `bankapp`.`flyway_schema_history` ...
 2026-03-29 22:38:24 INFO  o.f.core.internal.command.DbMigrate [] [] - Current version of schema `bankapp`: << Empty Schema >>
 2026-03-29 22:38:24 INFO  o.f.core.internal.command.DbMigrate [] [] - Migrating schema `bankapp` to version "1 - initial schema 1"
 2026-03-29 22:38:24 WARN  o.f.c.i.s.DefaultSqlScriptExecutor [] [] - DB: Integer display width is deprecated and will be removed in a future release. (SQL State: HY000 - Error Code: 1681)
 2026-03-29 22:38:24 WARN  o.f.c.i.s.DefaultSqlScriptExecutor [] [] - DB: Integer display width is deprecated and will be removed in a future release. (SQL State: HY000 - Error Code: 1681)
 2026-03-29 22:38:24 WARN  o.f.c.i.s.DefaultSqlScriptExecutor [] [] - DB: Integer display width is deprecated and will be removed in a future release. (SQL State: HY000 - Error Code: 1681)
 2026-03-29 22:38:24 WARN  o.f.c.i.s.DefaultSqlScriptExecutor [] [] - DB: Integer display width is deprecated and will be removed in a future release. (SQL State: HY000 - Error Code: 1681)
 2026-03-29 22:38:24 INFO  o.f.core.internal.command.DbMigrate [] [] - Migrating schema `bankapp` to version "2 - insert regions 1"
 2026-03-29 22:38:24 INFO  o.f.core.internal.command.DbMigrate [] [] - Migrating schema `bankapp` to version "3 - insert roles capabilites"
 2026-03-29 22:38:24 INFO  o.f.core.internal.command.DbMigrate [] [] - Migrating schema `bankapp` to version "4 - insert view user capability to admin"
 2026-03-29 22:38:24 INFO  o.f.core.internal.command.DbMigrate [] [] - Migrating schema `bankapp` to version "5 - create accounts table"
 2026-03-29 22:38:24 INFO  o.f.core.internal.command.DbMigrate [] [] - Migrating schema `bankapp` to version "6 - alter customers add accounts"
 2026-03-29 22:38:25 INFO  o.f.core.internal.command.DbMigrate [] [] - Migrating schema `bankapp` to version "7 - alter accounts add audit columns"
 2026-03-29 22:38:25 WARN  o.f.c.i.s.DefaultSqlScriptExecutor [] [] - DB: Integer display width is deprecated and will be removed in a future release. (SQL State: HY000 - Error Code: 1681)
 2026-03-29 22:38:25 INFO  o.f.core.internal.command.DbMigrate [] [] - Successfully applied 7 migrations to schema `bankapp`, now at version v7 (execution time 00:00.488s)
 2026-03-29 22:38:25 INFO  org.hibernate.Version [] [] - HHH000412: Hibernate ORM core version 6.6.42.Final
 2026-03-29 22:38:25 INFO  o.h.c.i.RegionFactoryInitiator [] [] - HHH000026: Second-level cache disabled
 2026-03-29 22:38:25 INFO  o.s.o.j.p.SpringPersistenceUnitInfo [] [] - No LoadTimeWeaver setup: ignoring JPA class transformer
 2026-03-29 22:38:25 INFO  o.hibernate.orm.connections.pooling [] [] - HHH10001005: Database info:
	Database JDBC URL [Connecting through datasource 'HikariDataSource (HikariPool-1)']
	Database driver: undefined/unknown
	Database version: 8.0.44
	Autocommit mode: undefined/unknown
	Isolation level: undefined/unknown
	Minimum pool size: undefined/unknown
	Maximum pool size: undefined/unknown
 2026-03-29 22:38:27 INFO  o.h.e.t.j.p.i.JtaPlatformInitiator [] [] - HHH000489: No JTA platform available (set 'hibernate.transaction.jta.platform' to enable JTA platform integration)
 2026-03-29 22:38:27 ERROR o.s.o.j.LocalContainerEntityManagerFactoryBean [] [] - Failed to initialize JPA EntityManagerFactory: [PersistenceUnit: default] Unable to build Hibernate SessionFactory; nested exception is org.hibernate.tool.schema.spi.SchemaManagementException: Schema-validation: missing column [updated_at] in table [accounts]
 2026-03-29 22:38:27 ERROR o.s.b.w.e.tomcat.TomcatStarter [] [] - Error starting Tomcat context. Exception: org.springframework.beans.factory.UnsatisfiedDependencyException. Message: Error creating bean with name 'jwtAuthenticationFilter' defined in file [C:\Users\kosta\IdeaProjects\restBankApp\build\classes\java\main\gr\aueb\cf\restbankapp\security\JwtAuthenticationFilter.class]: Unsatisfied dependency expressed through constructor parameter 1: Error creating bean with name 'customUserDetailsService' defined in file [C:\Users\kosta\IdeaProjects\restBankApp\build\classes\java\main\gr\aueb\cf\restbankapp\authentication\CustomUserDetailsService.class]: Unsatisfied dependency expressed through constructor parameter 0: Error creating bean with name 'userRepository' defined in gr.aueb.cf.restbankapp.repository.UserRepository defined in @EnableJpaRepositories declared on JpaRepositoriesRegistrar.EnableJpaRepositoriesConfiguration: Cannot resolve reference to bean 'jpaSharedEM_entityManagerFactory' while setting bean property 'entityManager'
 2026-03-29 22:38:27 WARN  o.s.b.w.s.c.AnnotationConfigServletWebServerApplicationContext [] [] - Exception encountered during context initialization - cancelling refresh attempt: org.springframework.context.ApplicationContextException: Unable to start web server
 2026-03-29 22:38:28 ERROR o.s.boot.SpringApplication [] [] - Application run failed
 org.springframework.context.ApplicationContextException: Unable to start web server
	at org.springframework.boot.web.servlet.context.ServletWebServerApplicationContext.onRefresh(ServletWebServerApplicationContext.java:170)
Caused by: org.springframework.boot.web.server.WebServerException: Unable to start embedded Tomcat
	at org.springframework.boot.web.embedded.tomcat.TomcatWebServer.initialize(TomcatWebServer.java:147)
Caused by: org.springframework.beans.factory.UnsatisfiedDependencyException: Error creating bean with name 'jwtAuthenticationFilter' defined in file [C:\Users\kosta\IdeaProjects\restBankApp\build\classes\java\main\gr\aueb\cf\restbankapp\security\JwtAuthenticationFilter.class]: Unsatisfied dependency expressed through constructor parameter 1: Error creating bean with name 'customUserDetailsService' defined in file [C:\Users\kosta\IdeaProjects\restBankApp\build\classes\java\main\gr\aueb\cf\restbankapp\authentication\CustomUserDetailsService.class]: Unsatisfied dependency expressed through constructor parameter 0: Error creating bean with name 'userRepository' defined in gr.aueb.cf.restbankapp.repository.UserRepository defined in @EnableJpaRepositories declared on JpaRepositoriesRegistrar.EnableJpaRepositoriesConfiguration: Cannot resolve reference to bean 'jpaSharedEM_entityManagerFactory' while setting bean property 'entityManager'
	at org.springframework.beans.factory.support.ConstructorResolver.createArgumentArray(ConstructorResolver.java:804)
Caused by: org.springframework.beans.factory.UnsatisfiedDependencyException: Error creating bean with name 'customUserDetailsService' defined in file [C:\Users\kosta\IdeaProjects\restBankApp\build\classes\java\main\gr\aueb\cf\restbankapp\authentication\CustomUserDetailsService.class]: Unsatisfied dependency expressed through constructor parameter 0: Error creating bean with name 'userRepository' defined in gr.aueb.cf.restbankapp.repository.UserRepository defined in @EnableJpaRepositories declared on JpaRepositoriesRegistrar.EnableJpaRepositoriesConfiguration: Cannot resolve reference to bean 'jpaSharedEM_entityManagerFactory' while setting bean property 'entityManager'
	at org.springframework.beans.factory.support.ConstructorResolver.createArgumentArray(ConstructorResolver.java:804)
Caused by: org.springframework.beans.factory.BeanCreationException: Error creating bean with name 'userRepository' defined in gr.aueb.cf.restbankapp.repository.UserRepository defined in @EnableJpaRepositories declared on JpaRepositoriesRegistrar.EnableJpaRepositoriesConfiguration: Cannot resolve reference to bean 'jpaSharedEM_entityManagerFactory' while setting bean property 'entityManager'
	at org.springframework.beans.factory.support.BeanDefinitionValueResolver.resolveReference(BeanDefinitionValueResolver.java:377)
Caused by: org.springframework.beans.factory.BeanCreationException: Error creating bean with name 'jpaSharedEM_entityManagerFactory': Cannot resolve reference to bean 'entityManagerFactory' while setting constructor argument
	at org.springframework.beans.factory.support.BeanDefinitionValueResolver.resolveReference(BeanDefinitionValueResolver.java:377)
Caused by: org.springframework.beans.factory.BeanCreationException: Error creating bean with name 'entityManagerFactory' defined in class path resource [org/springframework/boot/autoconfigure/orm/jpa/HibernateJpaConfiguration.class]: [PersistenceUnit: default] Unable to build Hibernate SessionFactory; nested exception is org.hibernate.tool.schema.spi.SchemaManagementException: Schema-validation: missing column [updated_at] in table [accounts]
	at org.springframework.beans.factory.support.AbstractAutowireCapableBeanFactory.initializeBean(AbstractAutowireCapableBeanFactory.java:1826)
Caused by: jakarta.persistence.PersistenceException: [PersistenceUnit: default] Unable to build Hibernate SessionFactory; nested exception is org.hibernate.tool.schema.spi.SchemaManagementException: Schema-validation: missing column [updated_at] in table [accounts]
	at org.springframework.orm.jpa.AbstractEntityManagerFactoryBean.buildNativeEntityManagerFactory(AbstractEntityManagerFactoryBean.java:431)
Caused by: org.hibernate.tool.schema.spi.SchemaManagementException: Schema-validation: missing column [updated_at] in table [accounts]
	at org.hibernate.tool.schema.internal.AbstractSchemaValidator.validateTable(AbstractSchemaValidator.java:149)
2026-03-29 23:08:13 INFO  o.h.validator.internal.util.Version [] [] - HV000001: Hibernate Validator 8.0.3.Final
 2026-03-29 23:08:13 INFO  g.a.c.r.RestBankAppApplication [] [] - Starting RestBankAppApplication using Java 21.0.8 with PID 27212 (C:\Users\kosta\IdeaProjects\restBankApp\build\classes\java\main started by kosta in C:\Users\kosta\IdeaProjects\restBankApp)
 2026-03-29 23:08:13 INFO  g.a.c.r.RestBankAppApplication [] [] - The following 1 profile is active: "dev"
 2026-03-29 23:08:14 INFO  o.s.d.r.c.RepositoryConfigurationDelegate [] [] - Bootstrapping Spring Data JPA repositories in DEFAULT mode.
 2026-03-29 23:08:14 INFO  o.s.d.r.c.RepositoryConfigurationDelegate [] [] - Finished Spring Data repository scanning in 96 ms. Found 8 JPA repository interfaces.
 2026-03-29 23:08:15 INFO  o.s.b.w.e.tomcat.TomcatWebServer [] [] - Tomcat initialized with port 8080 (http)
 2026-03-29 23:08:15 INFO  o.s.b.w.s.c.ServletWebServerApplicationContext [] [] - Root WebApplicationContext: initialization completed in 2317 ms
 2026-03-29 23:08:17 INFO  org.flywaydb.core.FlywayExecutor [] [] - Database: jdbc:mysql://localhost:3306/bankapp?useSSL=true&serverTimezone=UTC (MySQL 8.0)
 2026-03-29 23:08:17 INFO  o.f.core.internal.command.DbValidate [] [] - Successfully validated 7 migrations (execution time 00:00.055s)
 2026-03-29 23:08:17 INFO  o.f.core.internal.command.DbMigrate [] [] - Current version of schema `bankapp`: 7
 2026-03-29 23:08:17 INFO  o.f.core.internal.command.DbMigrate [] [] - Schema `bankapp` is up to date. No migration necessary.
 2026-03-29 23:08:18 INFO  org.hibernate.Version [] [] - HHH000412: Hibernate ORM core version 6.6.42.Final
 2026-03-29 23:08:18 INFO  o.h.c.i.RegionFactoryInitiator [] [] - HHH000026: Second-level cache disabled
 2026-03-29 23:08:18 INFO  o.s.o.j.p.SpringPersistenceUnitInfo [] [] - No LoadTimeWeaver setup: ignoring JPA class transformer
 2026-03-29 23:08:18 INFO  o.hibernate.orm.connections.pooling [] [] - HHH10001005: Database info:
	Database JDBC URL [Connecting through datasource 'HikariDataSource (HikariPool-1)']
	Database driver: undefined/unknown
	Database version: 8.0.44
	Autocommit mode: undefined/unknown
	Isolation level: undefined/unknown
	Minimum pool size: undefined/unknown
	Maximum pool size: undefined/unknown
 2026-03-29 23:08:20 INFO  o.h.e.t.j.p.i.JtaPlatformInitiator [] [] - HHH000489: No JTA platform available (set 'hibernate.transaction.jta.platform' to enable JTA platform integration)
 2026-03-29 23:08:20 ERROR o.s.o.j.LocalContainerEntityManagerFactoryBean [] [] - Failed to initialize JPA EntityManagerFactory: [PersistenceUnit: default] Unable to build Hibernate SessionFactory; nested exception is org.hibernate.tool.schema.spi.SchemaManagementException: Schema-validation: missing column [updated_at] in table [accounts]
 2026-03-29 23:08:20 ERROR o.s.b.w.e.tomcat.TomcatStarter [] [] - Error starting Tomcat context. Exception: org.springframework.beans.factory.UnsatisfiedDependencyException. Message: Error creating bean with name 'jwtAuthenticationFilter' defined in file [C:\Users\kosta\IdeaProjects\restBankApp\build\classes\java\main\gr\aueb\cf\restbankapp\security\JwtAuthenticationFilter.class]: Unsatisfied dependency expressed through constructor parameter 1: Error creating bean with name 'customUserDetailsService' defined in file [C:\Users\kosta\IdeaProjects\restBankApp\build\classes\java\main\gr\aueb\cf\restbankapp\authentication\CustomUserDetailsService.class]: Unsatisfied dependency expressed through constructor parameter 0: Error creating bean with name 'userRepository' defined in gr.aueb.cf.restbankapp.repository.UserRepository defined in @EnableJpaRepositories declared on JpaRepositoriesRegistrar.EnableJpaRepositoriesConfiguration: Cannot resolve reference to bean 'jpaSharedEM_entityManagerFactory' while setting bean property 'entityManager'
 2026-03-29 23:08:20 WARN  o.s.b.w.s.c.AnnotationConfigServletWebServerApplicationContext [] [] - Exception encountered during context initialization - cancelling refresh attempt: org.springframework.context.ApplicationContextException: Unable to start web server
 2026-03-29 23:08:20 ERROR o.s.boot.SpringApplication [] [] - Application run failed
 org.springframework.context.ApplicationContextException: Unable to start web server
	at org.springframework.boot.web.servlet.context.ServletWebServerApplicationContext.onRefresh(ServletWebServerApplicationContext.java:170)
Caused by: org.springframework.boot.web.server.WebServerException: Unable to start embedded Tomcat
	at org.springframework.boot.web.embedded.tomcat.TomcatWebServer.initialize(TomcatWebServer.java:147)
Caused by: org.springframework.beans.factory.UnsatisfiedDependencyException: Error creating bean with name 'jwtAuthenticationFilter' defined in file [C:\Users\kosta\IdeaProjects\restBankApp\build\classes\java\main\gr\aueb\cf\restbankapp\security\JwtAuthenticationFilter.class]: Unsatisfied dependency expressed through constructor parameter 1: Error creating bean with name 'customUserDetailsService' defined in file [C:\Users\kosta\IdeaProjects\restBankApp\build\classes\java\main\gr\aueb\cf\restbankapp\authentication\CustomUserDetailsService.class]: Unsatisfied dependency expressed through constructor parameter 0: Error creating bean with name 'userRepository' defined in gr.aueb.cf.restbankapp.repository.UserRepository defined in @EnableJpaRepositories declared on JpaRepositoriesRegistrar.EnableJpaRepositoriesConfiguration: Cannot resolve reference to bean 'jpaSharedEM_entityManagerFactory' while setting bean property 'entityManager'
	at org.springframework.beans.factory.support.ConstructorResolver.createArgumentArray(ConstructorResolver.java:804)
Caused by: org.springframework.beans.factory.UnsatisfiedDependencyException: Error creating bean with name 'customUserDetailsService' defined in file [C:\Users\kosta\IdeaProjects\restBankApp\build\classes\java\main\gr\aueb\cf\restbankapp\authentication\CustomUserDetailsService.class]: Unsatisfied dependency expressed through constructor parameter 0: Error creating bean with name 'userRepository' defined in gr.aueb.cf.restbankapp.repository.UserRepository defined in @EnableJpaRepositories declared on JpaRepositoriesRegistrar.EnableJpaRepositoriesConfiguration: Cannot resolve reference to bean 'jpaSharedEM_entityManagerFactory' while setting bean property 'entityManager'
	at org.springframework.beans.factory.support.ConstructorResolver.createArgumentArray(ConstructorResolver.java:804)
Caused by: org.springframework.beans.factory.BeanCreationException: Error creating bean with name 'userRepository' defined in gr.aueb.cf.restbankapp.repository.UserRepository defined in @EnableJpaRepositories declared on JpaRepositoriesRegistrar.EnableJpaRepositoriesConfiguration: Cannot resolve reference to bean 'jpaSharedEM_entityManagerFactory' while setting bean property 'entityManager'
	at org.springframework.beans.factory.support.BeanDefinitionValueResolver.resolveReference(BeanDefinitionValueResolver.java:377)
Caused by: org.springframework.beans.factory.BeanCreationException: Error creating bean with name 'jpaSharedEM_entityManagerFactory': Cannot resolve reference to bean 'entityManagerFactory' while setting constructor argument
	at org.springframework.beans.factory.support.BeanDefinitionValueResolver.resolveReference(BeanDefinitionValueResolver.java:377)
Caused by: org.springframework.beans.factory.BeanCreationException: Error creating bean with name 'entityManagerFactory' defined in class path resource [org/springframework/boot/autoconfigure/orm/jpa/HibernateJpaConfiguration.class]: [PersistenceUnit: default] Unable to build Hibernate SessionFactory; nested exception is org.hibernate.tool.schema.spi.SchemaManagementException: Schema-validation: missing column [updated_at] in table [accounts]
	at org.springframework.beans.factory.support.AbstractAutowireCapableBeanFactory.initializeBean(AbstractAutowireCapableBeanFactory.java:1826)
Caused by: jakarta.persistence.PersistenceException: [PersistenceUnit: default] Unable to build Hibernate SessionFactory; nested exception is org.hibernate.tool.schema.spi.SchemaManagementException: Schema-validation: missing column [updated_at] in table [accounts]
	at org.springframework.orm.jpa.AbstractEntityManagerFactoryBean.buildNativeEntityManagerFactory(AbstractEntityManagerFactoryBean.java:431)
Caused by: org.hibernate.tool.schema.spi.SchemaManagementException: Schema-validation: missing column [updated_at] in table [accounts]
	at org.hibernate.tool.schema.internal.AbstractSchemaValidator.validateTable(AbstractSchemaValidator.java:149)
2026-03-29 23:22:08 INFO  o.h.validator.internal.util.Version [] [] - HV000001: Hibernate Validator 8.0.3.Final
 2026-03-29 23:22:08 INFO  g.a.c.r.RestBankAppApplication [] [] - Starting RestBankAppApplication using Java 21.0.8 with PID 37032 (C:\Users\kosta\IdeaProjects\restBankApp\build\classes\java\main started by kosta in C:\Users\kosta\IdeaProjects\restBankApp)
 2026-03-29 23:22:08 INFO  g.a.c.r.RestBankAppApplication [] [] - The following 1 profile is active: "dev"
 2026-03-29 23:22:09 INFO  o.s.d.r.c.RepositoryConfigurationDelegate [] [] - Bootstrapping Spring Data JPA repositories in DEFAULT mode.
 2026-03-29 23:22:09 INFO  o.s.d.r.c.RepositoryConfigurationDelegate [] [] - Finished Spring Data repository scanning in 98 ms. Found 8 JPA repository interfaces.
 2026-03-29 23:22:10 INFO  o.s.b.w.e.tomcat.TomcatWebServer [] [] - Tomcat initialized with port 8080 (http)
 2026-03-29 23:22:10 INFO  o.s.b.w.s.c.ServletWebServerApplicationContext [] [] - Root WebApplicationContext: initialization completed in 2403 ms
 2026-03-29 23:22:11 INFO  org.flywaydb.core.FlywayExecutor [] [] - Database: jdbc:mysql://localhost:3306/bankapp?useSSL=true&serverTimezone=UTC (MySQL 8.0)
 2026-03-29 23:22:12 INFO  o.f.c.i.s.JdbcTableSchemaHistory [] [] - Schema history table `bankapp`.`flyway_schema_history` does not exist yet
 2026-03-29 23:22:12 INFO  o.f.core.internal.command.DbValidate [] [] - Successfully validated 4 migrations (execution time 00:00.062s)
 2026-03-29 23:22:12 INFO  org.flywaydb.core.Flyway [] [] - All configured schemas are empty; baseline operation skipped. A baseline or migration script with a lower version than the baseline version may execute if available. Check the Schemas parameter if this is not intended.
 2026-03-29 23:22:12 INFO  o.f.c.i.s.JdbcTableSchemaHistory [] [] - Creating Schema History table `bankapp`.`flyway_schema_history` ...
 2026-03-29 23:22:12 INFO  o.f.core.internal.command.DbMigrate [] [] - Current version of schema `bankapp`: << Empty Schema >>
 2026-03-29 23:22:12 INFO  o.f.core.internal.command.DbMigrate [] [] - Migrating schema `bankapp` to version "1 - initial schema 1"
 2026-03-29 23:22:12 WARN  o.f.c.i.s.DefaultSqlScriptExecutor [] [] - DB: Integer display width is deprecated and will be removed in a future release. (SQL State: HY000 - Error Code: 1681)
 2026-03-29 23:22:13 WARN  o.f.c.i.s.DefaultSqlScriptExecutor [] [] - DB: Integer display width is deprecated and will be removed in a future release. (SQL State: HY000 - Error Code: 1681)
 2026-03-29 23:22:13 WARN  o.f.c.i.s.DefaultSqlScriptExecutor [] [] - DB: Integer display width is deprecated and will be removed in a future release. (SQL State: HY000 - Error Code: 1681)
 2026-03-29 23:22:13 ERROR o.f.core.internal.command.DbMigrate [] [] - Migration of schema `bankapp` to version "1 - initial schema 1" failed! Please restore backups and roll back database and code!
 2026-03-29 23:22:13 ERROR o.s.b.w.e.tomcat.TomcatStarter [] [] - Error starting Tomcat context. Exception: org.springframework.beans.factory.UnsatisfiedDependencyException. Message: Error creating bean with name 'jwtAuthenticationFilter' defined in file [C:\Users\kosta\IdeaProjects\restBankApp\build\classes\java\main\gr\aueb\cf\restbankapp\security\JwtAuthenticationFilter.class]: Unsatisfied dependency expressed through constructor parameter 1: Error creating bean with name 'customUserDetailsService' defined in file [C:\Users\kosta\IdeaProjects\restBankApp\build\classes\java\main\gr\aueb\cf\restbankapp\authentication\CustomUserDetailsService.class]: Unsatisfied dependency expressed through constructor parameter 0: Error creating bean with name 'userRepository' defined in gr.aueb.cf.restbankapp.repository.UserRepository defined in @EnableJpaRepositories declared on JpaRepositoriesRegistrar.EnableJpaRepositoriesConfiguration: Cannot resolve reference to bean 'jpaSharedEM_entityManagerFactory' while setting bean property 'entityManager'
 2026-03-29 23:22:13 WARN  o.s.b.w.s.c.AnnotationConfigServletWebServerApplicationContext [] [] - Exception encountered during context initialization - cancelling refresh attempt: org.springframework.context.ApplicationContextException: Unable to start web server
 2026-03-29 23:22:13 ERROR o.s.boot.SpringApplication [] [] - Application run failed
 org.springframework.context.ApplicationContextException: Unable to start web server
	at org.springframework.boot.web.servlet.context.ServletWebServerApplicationContext.onRefresh(ServletWebServerApplicationContext.java:170)
Caused by: org.springframework.boot.web.server.WebServerException: Unable to start embedded Tomcat
	at org.springframework.boot.web.embedded.tomcat.TomcatWebServer.initialize(TomcatWebServer.java:147)
Caused by: org.springframework.beans.factory.UnsatisfiedDependencyException: Error creating bean with name 'jwtAuthenticationFilter' defined in file [C:\Users\kosta\IdeaProjects\restBankApp\build\classes\java\main\gr\aueb\cf\restbankapp\security\JwtAuthenticationFilter.class]: Unsatisfied dependency expressed through constructor parameter 1: Error creating bean with name 'customUserDetailsService' defined in file [C:\Users\kosta\IdeaProjects\restBankApp\build\classes\java\main\gr\aueb\cf\restbankapp\authentication\CustomUserDetailsService.class]: Unsatisfied dependency expressed through constructor parameter 0: Error creating bean with name 'userRepository' defined in gr.aueb.cf.restbankapp.repository.UserRepository defined in @EnableJpaRepositories declared on JpaRepositoriesRegistrar.EnableJpaRepositoriesConfiguration: Cannot resolve reference to bean 'jpaSharedEM_entityManagerFactory' while setting bean property 'entityManager'
	at org.springframework.beans.factory.support.ConstructorResolver.createArgumentArray(ConstructorResolver.java:804)
Caused by: org.springframework.beans.factory.UnsatisfiedDependencyException: Error creating bean with name 'customUserDetailsService' defined in file [C:\Users\kosta\IdeaProjects\restBankApp\build\classes\java\main\gr\aueb\cf\restbankapp\authentication\CustomUserDetailsService.class]: Unsatisfied dependency expressed through constructor parameter 0: Error creating bean with name 'userRepository' defined in gr.aueb.cf.restbankapp.repository.UserRepository defined in @EnableJpaRepositories declared on JpaRepositoriesRegistrar.EnableJpaRepositoriesConfiguration: Cannot resolve reference to bean 'jpaSharedEM_entityManagerFactory' while setting bean property 'entityManager'
	at org.springframework.beans.factory.support.ConstructorResolver.createArgumentArray(ConstructorResolver.java:804)
Caused by: org.springframework.beans.factory.BeanCreationException: Error creating bean with name 'userRepository' defined in gr.aueb.cf.restbankapp.repository.UserRepository defined in @EnableJpaRepositories declared on JpaRepositoriesRegistrar.EnableJpaRepositoriesConfiguration: Cannot resolve reference to bean 'jpaSharedEM_entityManagerFactory' while setting bean property 'entityManager'
	at org.springframework.beans.factory.support.BeanDefinitionValueResolver.resolveReference(BeanDefinitionValueResolver.java:377)
Caused by: org.springframework.beans.factory.BeanCreationException: Error creating bean with name 'jpaSharedEM_entityManagerFactory': Cannot resolve reference to bean 'entityManagerFactory' while setting constructor argument
	at org.springframework.beans.factory.support.BeanDefinitionValueResolver.resolveReference(BeanDefinitionValueResolver.java:377)
Caused by: org.springframework.beans.factory.BeanCreationException: Error creating bean with name 'flywayInitializer' defined in class path resource [org/springframework/boot/autoconfigure/flyway/FlywayAutoConfiguration$FlywayConfiguration.class]: Script V1__initial_schema 1.sql failed
--------------------------------------
SQL State  : HY000
Error Code : 1824
Message    : Failed to open the referenced table 'accounts'
Location   : db/migration/V1__initial_schema 1.sql (C:\Users\kosta\IdeaProjects\restBankApp\build\resources\main\db\migration\V1__initial_schema 1.sql)
Line       : 131
Statement  : CREATE TABLE customers (
    id BIGINT NOT NULL AUTO_INCREMENT,
    uuid BINARY(16) NOT NULL,
    firstname VARCHAR(255) NOT NULL,
    lastname VARCHAR(255) NOT NULL,
    vat VARCHAR(255) NOT NULL,
    region_id BIGINT,
    account_id BIGINT,
    user_id BIGINT NOT NULL,
    personal_info_id BIGINT NULL,

    created_at DATETIME NOT NULL,
    updated_at DATETIME NOT NULL,
    deleted TINYINT(1) NOT NULL DEFAULT 0,
    deleted_at DATETIME NULL,

    CONSTRAINT pk_customers PRIMARY KEY (id),
    CONSTRAINT uk_customers_uuid UNIQUE (uuid),
    CONSTRAINT uk_customers_vat UNIQUE (vat),

    -- enforce 1-1
    CONSTRAINT uk_customers_user_id UNIQUE (user_id),
    CONSTRAINT uk_customers_personal_info_id UNIQUE (personal_info_id),

    CONSTRAINT fk_customers_regions FOREIGN KEY (region_id)
        REFERENCES regions(id)
        ON DELETE SET NULL
        ON UPDATE CASCADE,

     -- adjust users table name/PK if needed
    CONSTRAINT fk_customers_users FOREIGN KEY (user_id)
        REFERENCES users(id)
        ON DELETE RESTRICT
        ON UPDATE CASCADE,

    CONSTRAINT fk_customers_personal_information FOREIGN KEY (personal_info_id)
        REFERENCES personal_information(id)
        ON DELETE RESTRICT
        ON UPDATE CASCADE,

    CONSTRAINT fk_customers_accounts FOREIGN KEY (account_id)
        REFERENCES accounts(id)
        ON DELETE SET NULL
        ON UPDATE CASCADE,

    INDEX idx_customers_region_id (region_id),
    INDEX idx_customers_lastname (lastname),
    INDEX idx_customers_deleted (deleted),
    INDEX idx_customers_deleted_at (deleted_at),
    INDEX idx_customers_user_id (user_id),
    INDEX idx_customers_personal_info_id (personal_info_id)
) ENGINE=InnoDB DEFAULT CHARSET=utf8mb4 COLLATE=utf8mb4_0900_ai_ci

	at org.springframework.beans.factory.support.AbstractAutowireCapableBeanFactory.initializeBean(AbstractAutowireCapableBeanFactory.java:1826)
Caused by: org.flywaydb.core.internal.exception.FlywayMigrateException: Script V1__initial_schema 1.sql failed
--------------------------------------
SQL State  : HY000
Error Code : 1824
Message    : Failed to open the referenced table 'accounts'
Location   : db/migration/V1__initial_schema 1.sql (C:\Users\kosta\IdeaProjects\restBankApp\build\resources\main\db\migration\V1__initial_schema 1.sql)
Line       : 131
Statement  : CREATE TABLE customers (
    id BIGINT NOT NULL AUTO_INCREMENT,
    uuid BINARY(16) NOT NULL,
    firstname VARCHAR(255) NOT NULL,
    lastname VARCHAR(255) NOT NULL,
    vat VARCHAR(255) NOT NULL,
    region_id BIGINT,
    account_id BIGINT,
    user_id BIGINT NOT NULL,
    personal_info_id BIGINT NULL,

    created_at DATETIME NOT NULL,
    updated_at DATETIME NOT NULL,
    deleted TINYINT(1) NOT NULL DEFAULT 0,
    deleted_at DATETIME NULL,

    CONSTRAINT pk_customers PRIMARY KEY (id),
    CONSTRAINT uk_customers_uuid UNIQUE (uuid),
    CONSTRAINT uk_customers_vat UNIQUE (vat),

    -- enforce 1-1
    CONSTRAINT uk_customers_user_id UNIQUE (user_id),
    CONSTRAINT uk_customers_personal_info_id UNIQUE (personal_info_id),

    CONSTRAINT fk_customers_regions FOREIGN KEY (region_id)
        REFERENCES regions(id)
        ON DELETE SET NULL
        ON UPDATE CASCADE,

     -- adjust users table name/PK if needed
    CONSTRAINT fk_customers_users FOREIGN KEY (user_id)
        REFERENCES users(id)
        ON DELETE RESTRICT
        ON UPDATE CASCADE,

    CONSTRAINT fk_customers_personal_information FOREIGN KEY (personal_info_id)
        REFERENCES personal_information(id)
        ON DELETE RESTRICT
        ON UPDATE CASCADE,

    CONSTRAINT fk_customers_accounts FOREIGN KEY (account_id)
        REFERENCES accounts(id)
        ON DELETE SET NULL
        ON UPDATE CASCADE,

    INDEX idx_customers_region_id (region_id),
    INDEX idx_customers_lastname (lastname),
    INDEX idx_customers_deleted (deleted),
    INDEX idx_customers_deleted_at (deleted_at),
    INDEX idx_customers_user_id (user_id),
    INDEX idx_customers_personal_info_id (personal_info_id)
) ENGINE=InnoDB DEFAULT CHARSET=utf8mb4 COLLATE=utf8mb4_0900_ai_ci

	at org.flywaydb.core.internal.command.DbMigrate.doMigrateGroup(DbMigrate.java:399)
Caused by: org.flywaydb.core.internal.sqlscript.FlywaySqlScriptException: Script V1__initial_schema 1.sql failed
--------------------------------------
SQL State  : HY000
Error Code : 1824
Message    : Failed to open the referenced table 'accounts'
Location   : db/migration/V1__initial_schema 1.sql (C:\Users\kosta\IdeaProjects\restBankApp\build\resources\main\db\migration\V1__initial_schema 1.sql)
Line       : 131
Statement  : CREATE TABLE customers (
    id BIGINT NOT NULL AUTO_INCREMENT,
    uuid BINARY(16) NOT NULL,
    firstname VARCHAR(255) NOT NULL,
    lastname VARCHAR(255) NOT NULL,
    vat VARCHAR(255) NOT NULL,
    region_id BIGINT,
    account_id BIGINT,
    user_id BIGINT NOT NULL,
    personal_info_id BIGINT NULL,

    created_at DATETIME NOT NULL,
    updated_at DATETIME NOT NULL,
    deleted TINYINT(1) NOT NULL DEFAULT 0,
    deleted_at DATETIME NULL,

    CONSTRAINT pk_customers PRIMARY KEY (id),
    CONSTRAINT uk_customers_uuid UNIQUE (uuid),
    CONSTRAINT uk_customers_vat UNIQUE (vat),

    -- enforce 1-1
    CONSTRAINT uk_customers_user_id UNIQUE (user_id),
    CONSTRAINT uk_customers_personal_info_id UNIQUE (personal_info_id),

    CONSTRAINT fk_customers_regions FOREIGN KEY (region_id)
        REFERENCES regions(id)
        ON DELETE SET NULL
        ON UPDATE CASCADE,

     -- adjust users table name/PK if needed
    CONSTRAINT fk_customers_users FOREIGN KEY (user_id)
        REFERENCES users(id)
        ON DELETE RESTRICT
        ON UPDATE CASCADE,

    CONSTRAINT fk_customers_personal_information FOREIGN KEY (personal_info_id)
        REFERENCES personal_information(id)
        ON DELETE RESTRICT
        ON UPDATE CASCADE,

    CONSTRAINT fk_customers_accounts FOREIGN KEY (account_id)
        REFERENCES accounts(id)
        ON DELETE SET NULL
        ON UPDATE CASCADE,

    INDEX idx_customers_region_id (region_id),
    INDEX idx_customers_lastname (lastname),
    INDEX idx_customers_deleted (deleted),
    INDEX idx_customers_deleted_at (deleted_at),
    INDEX idx_customers_user_id (user_id),
    INDEX idx_customers_personal_info_id (personal_info_id)
) ENGINE=InnoDB DEFAULT CHARSET=utf8mb4 COLLATE=utf8mb4_0900_ai_ci

	at org.flywaydb.core.internal.sqlscript.DefaultSqlScriptExecutor.handleException(DefaultSqlScriptExecutor.java:256)
Caused by: java.sql.SQLException: Failed to open the referenced table 'accounts'
	at com.mysql.cj.jdbc.exceptions.SQLError.createSQLException(SQLError.java:121)
2026-03-29 23:28:31 INFO  o.h.validator.internal.util.Version [] [] - HV000001: Hibernate Validator 8.0.3.Final
 2026-03-29 23:28:31 INFO  g.a.c.r.RestBankAppApplication [] [] - Starting RestBankAppApplication using Java 21.0.8 with PID 41884 (C:\Users\kosta\IdeaProjects\restBankApp\build\classes\java\main started by kosta in C:\Users\kosta\IdeaProjects\restBankApp)
 2026-03-29 23:28:31 INFO  g.a.c.r.RestBankAppApplication [] [] - The following 1 profile is active: "dev"
 2026-03-29 23:28:32 INFO  o.s.d.r.c.RepositoryConfigurationDelegate [] [] - Bootstrapping Spring Data JPA repositories in DEFAULT mode.
 2026-03-29 23:28:32 INFO  o.s.d.r.c.RepositoryConfigurationDelegate [] [] - Finished Spring Data repository scanning in 89 ms. Found 8 JPA repository interfaces.
 2026-03-29 23:28:34 INFO  o.s.b.w.e.tomcat.TomcatWebServer [] [] - Tomcat initialized with port 8080 (http)
 2026-03-29 23:28:34 INFO  o.s.b.w.s.c.ServletWebServerApplicationContext [] [] - Root WebApplicationContext: initialization completed in 2826 ms
 2026-03-29 23:28:35 INFO  org.flywaydb.core.FlywayExecutor [] [] - Database: jdbc:mysql://localhost:3306/bankapp?useSSL=true&serverTimezone=UTC (MySQL 8.0)
 2026-03-29 23:28:36 INFO  o.f.c.i.s.JdbcTableSchemaHistory [] [] - Schema history table `bankapp`.`flyway_schema_history` does not exist yet
 2026-03-29 23:28:36 INFO  o.f.core.internal.command.DbValidate [] [] - Successfully validated 4 migrations (execution time 00:00.026s)
 2026-03-29 23:28:36 INFO  org.flywaydb.core.Flyway [] [] - All configured schemas are empty; baseline operation skipped. A baseline or migration script with a lower version than the baseline version may execute if available. Check the Schemas parameter if this is not intended.
 2026-03-29 23:28:36 INFO  o.f.c.i.s.JdbcTableSchemaHistory [] [] - Creating Schema History table `bankapp`.`flyway_schema_history` ...
 2026-03-29 23:28:37 INFO  o.f.core.internal.command.DbMigrate [] [] - Current version of schema `bankapp`: << Empty Schema >>
 2026-03-29 23:28:37 INFO  o.f.core.internal.command.DbMigrate [] [] - Migrating schema `bankapp` to version "1 - initial schema 1"
 2026-03-29 23:28:37 WARN  o.f.c.i.s.DefaultSqlScriptExecutor [] [] - DB: Integer display width is deprecated and will be removed in a future release. (SQL State: HY000 - Error Code: 1681)
 2026-03-29 23:28:37 WARN  o.f.c.i.s.DefaultSqlScriptExecutor [] [] - DB: Integer display width is deprecated and will be removed in a future release. (SQL State: HY000 - Error Code: 1681)
 2026-03-29 23:28:37 WARN  o.f.c.i.s.DefaultSqlScriptExecutor [] [] - DB: Integer display width is deprecated and will be removed in a future release. (SQL State: HY000 - Error Code: 1681)
 2026-03-29 23:28:37 WARN  o.f.c.i.s.DefaultSqlScriptExecutor [] [] - DB: Integer display width is deprecated and will be removed in a future release. (SQL State: HY000 - Error Code: 1681)
 2026-03-29 23:28:37 WARN  o.f.c.i.s.DefaultSqlScriptExecutor [] [] - DB: Integer display width is deprecated and will be removed in a future release. (SQL State: HY000 - Error Code: 1681)
 2026-03-29 23:28:37 INFO  o.f.core.internal.command.DbMigrate [] [] - Migrating schema `bankapp` to version "2 - insert regions 1"
 2026-03-29 23:28:37 INFO  o.f.core.internal.command.DbMigrate [] [] - Migrating schema `bankapp` to version "3 - insert roles capabilites"
 2026-03-29 23:28:37 INFO  o.f.core.internal.command.DbMigrate [] [] - Migrating schema `bankapp` to version "4 - insert view user capability to admin"
 2026-03-29 23:28:37 INFO  o.f.core.internal.command.DbMigrate [] [] - Successfully applied 4 migrations to schema `bankapp`, now at version v4 (execution time 00:00.403s)
 2026-03-29 23:28:37 INFO  org.hibernate.Version [] [] - HHH000412: Hibernate ORM core version 6.6.42.Final
 2026-03-29 23:28:37 INFO  o.h.c.i.RegionFactoryInitiator [] [] - HHH000026: Second-level cache disabled
 2026-03-29 23:28:38 INFO  o.s.o.j.p.SpringPersistenceUnitInfo [] [] - No LoadTimeWeaver setup: ignoring JPA class transformer
 2026-03-29 23:28:38 INFO  o.hibernate.orm.connections.pooling [] [] - HHH10001005: Database info:
	Database JDBC URL [Connecting through datasource 'HikariDataSource (HikariPool-1)']
	Database driver: undefined/unknown
	Database version: 8.0.44
	Autocommit mode: undefined/unknown
	Isolation level: undefined/unknown
	Minimum pool size: undefined/unknown
	Maximum pool size: undefined/unknown
 2026-03-29 23:28:39 INFO  o.h.e.t.j.p.i.JtaPlatformInitiator [] [] - HHH000489: No JTA platform available (set 'hibernate.transaction.jta.platform' to enable JTA platform integration)
 2026-03-29 23:28:39 INFO  o.s.o.j.LocalContainerEntityManagerFactoryBean [] [] - Initialized JPA EntityManagerFactory for persistence unit 'default'
 2026-03-29 23:28:40 WARN  o.s.aop.framework.CglibAopProxy [] [] - Unable to proxy interface-implementing method [public final synchronized gr.aueb.cf.restbankapp.dto.AccountReadOnlyDTO gr.aueb.cf.restbankapp.service.AccountServiceImpl.withdraw(gr.aueb.cf.restbankapp.dto.AccountWithdrawDTO) throws gr.aueb.cf.restbankapp.core.exceptions.EntityNotFoundException,gr.aueb.cf.restbankapp.core.exceptions.NegativeAmountException,gr.aueb.cf.restbankapp.core.exceptions.InsufficientBalanceException] because it is marked as final, consider using interface-based JDK proxies instead.
 2026-03-29 23:28:40 WARN  o.s.aop.framework.CglibAopProxy [] [] - Unable to proxy interface-implementing method [public final synchronized gr.aueb.cf.restbankapp.dto.AccountReadOnlyDTO gr.aueb.cf.restbankapp.service.AccountServiceImpl.deposit(gr.aueb.cf.restbankapp.dto.AccountDepositDTO) throws gr.aueb.cf.restbankapp.core.exceptions.EntityNotFoundException,gr.aueb.cf.restbankapp.core.exceptions.NegativeAmountException] because it is marked as final, consider using interface-based JDK proxies instead.
 2026-03-29 23:28:40 WARN  o.s.aop.framework.CglibAopProxy [] [] - Unable to proxy interface-implementing method [public final synchronized java.math.BigDecimal gr.aueb.cf.restbankapp.service.AccountServiceImpl.getBalance(java.lang.String) throws gr.aueb.cf.restbankapp.core.exceptions.EntityNotFoundException] because it is marked as final, consider using interface-based JDK proxies instead.
 2026-03-29 23:28:40 WARN  o.s.aop.framework.CglibAopProxy [] [] - Unable to proxy interface-implementing method [public final synchronized gr.aueb.cf.restbankapp.dto.AccountReadOnlyDTO gr.aueb.cf.restbankapp.service.AccountServiceImpl.closeAccount(java.lang.String) throws gr.aueb.cf.restbankapp.core.exceptions.EntityNotFoundException] because it is marked as final, consider using interface-based JDK proxies instead.
 2026-03-29 23:28:40 INFO  o.s.s.c.a.a.c.InitializeAuthenticationProviderBeanManagerConfigurer$InitializeAuthenticationProviderManagerConfigurer [] [] - Global AuthenticationManager configured with AuthenticationProvider bean with name authenticationProvider
 2026-03-29 23:28:40 WARN  o.s.s.c.a.a.c.InitializeUserDetailsBeanManagerConfigurer$InitializeUserDetailsManagerConfigurer [] [] - Global AuthenticationManager configured with an AuthenticationProvider bean. UserDetailsService beans will not be used by Spring Security for automatically configuring username/password login. Consider removing the AuthenticationProvider bean. Alternatively, consider using the UserDetailsService in a manually instantiated DaoAuthenticationProvider. If the current configuration is intentional, to turn off this warning, increase the logging level of 'org.springframework.security.config.annotation.authentication.configuration.InitializeUserDetailsBeanManagerConfigurer' to ERROR
 2026-03-29 23:28:41 INFO  o.s.d.j.r.query.QueryEnhancerFactory [] [] - Hibernate is in classpath; If applicable, HQL parser will be used.
 2026-03-29 23:28:43 INFO  o.s.b.w.e.tomcat.TomcatWebServer [] [] - Tomcat started on port 8080 (http) with context path '/'
 2026-03-29 23:28:43 INFO  g.a.c.r.RestBankAppApplication [] [] - Started RestBankAppApplication in 12.663 seconds (process running for 13.172)
 