2026-03-21 10:23:36 INFO  o.h.validator.internal.util.Version - HV000001: Hibernate Validator 8.0.3.Final
 2026-03-21 10:23:36 INFO  g.a.c.r.RestBankAppApplication - Starting RestBankAppApplication using Java 21.0.8 with PID 10976 (C:\Users\kosta\IdeaProjects\restBankApp\build\classes\java\main started by kosta in C:\Users\kosta\IdeaProjects\restBankApp)
 2026-03-21 10:23:36 INFO  g.a.c.r.RestBankAppApplication - The following 1 profile is active: "dev"
 2026-03-21 10:23:50 INFO  o.s.d.r.c.RepositoryConfigurationDelegate - Bootstrapping Spring Data JPA repositories in DEFAULT mode.
 2026-03-21 10:23:50 INFO  o.s.d.r.c.RepositoryConfigurationDelegate - Finished Spring Data repository scanning in 262 ms. Found 7 JPA repository interfaces.
 2026-03-21 10:23:58 INFO  o.s.b.w.e.tomcat.TomcatWebServer - Tomcat initialized with port 8080 (http)
 2026-03-21 10:23:59 INFO  o.s.b.w.s.c.ServletWebServerApplicationContext - Root WebApplicationContext: initialization completed in 22901 ms
 2026-03-21 10:24:13 INFO  org.flywaydb.core.FlywayExecutor - Database: jdbc:mysql://localhost:3306/bankapp?useSSL=true&serverTimezone=UTC (MySQL 8.0)
 2026-03-21 10:24:17 INFO  o.f.core.internal.command.DbValidate - Successfully validated 4 migrations (execution time 00:00.150s)
 2026-03-21 10:24:17 INFO  o.f.core.internal.command.DbMigrate - Current version of schema `bankapp`: 4
 2026-03-21 10:24:17 INFO  o.f.core.internal.command.DbMigrate - Schema `bankapp` is up to date. No migration necessary.
 2026-03-21 10:24:18 INFO  org.hibernate.Version - HHH000412: Hibernate ORM core version 6.6.42.Final
 2026-03-21 10:24:18 INFO  o.h.c.i.RegionFactoryInitiator - HHH000026: Second-level cache disabled
 2026-03-21 10:24:19 INFO  o.s.o.j.p.SpringPersistenceUnitInfo - No LoadTimeWeaver setup: ignoring JPA class transformer
 2026-03-21 10:24:19 INFO  o.hibernate.orm.connections.pooling - HHH10001005: Database info:
	Database JDBC URL [Connecting through datasource 'HikariDataSource (HikariPool-1)']
	Database driver: undefined/unknown
	Database version: 8.0.44
	Autocommit mode: undefined/unknown
	Isolation level: undefined/unknown
	Minimum pool size: undefined/unknown
	Maximum pool size: undefined/unknown
 2026-03-21 10:24:28 INFO  o.h.e.t.j.p.i.JtaPlatformInitiator - HHH000489: No JTA platform available (set 'hibernate.transaction.jta.platform' to enable JTA platform integration)
 2026-03-21 10:24:29 INFO  o.s.o.j.LocalContainerEntityManagerFactoryBean - Initialized JPA EntityManagerFactory for persistence unit 'default'
 2026-03-21 10:24:30 INFO  o.s.s.c.a.a.c.InitializeAuthenticationProviderBeanManagerConfigurer$InitializeAuthenticationProviderManagerConfigurer - Global AuthenticationManager configured with AuthenticationProvider bean with name authenticationProvider
 2026-03-21 10:24:30 WARN  o.s.s.c.a.a.c.InitializeUserDetailsBeanManagerConfigurer$InitializeUserDetailsManagerConfigurer - Global AuthenticationManager configured with an AuthenticationProvider bean. UserDetailsService beans will not be used by Spring Security for automatically configuring username/password login. Consider removing the AuthenticationProvider bean. Alternatively, consider using the UserDetailsService in a manually instantiated DaoAuthenticationProvider. If the current configuration is intentional, to turn off this warning, increase the logging level of 'org.springframework.security.config.annotation.authentication.configuration.InitializeUserDetailsBeanManagerConfigurer' to ERROR
 2026-03-21 10:24:30 WARN  o.s.b.w.s.c.AnnotationConfigServletWebServerApplicationContext - Exception encountered during context initialization - cancelling refresh attempt: org.springframework.beans.factory.UnsatisfiedDependencyException: Error creating bean with name 'customerController' defined in file [C:\Users\kosta\IdeaProjects\restBankApp\build\classes\java\main\gr\aueb\cf\restbankapp\api\CustomerController.class]: Unsatisfied dependency expressed through constructor parameter 0: Error creating bean with name 'customerServiceImpl': Injection of autowired dependencies failed
 2026-03-21 10:24:30 INFO  o.s.o.j.LocalContainerEntityManagerFactoryBean - Closing JPA EntityManagerFactory for persistence unit 'default'
 2026-03-21 10:24:30 ERROR o.s.boot.SpringApplication - Application run failed
 org.springframework.beans.factory.UnsatisfiedDependencyException: Error creating bean with name 'customerController' defined in file [C:\Users\kosta\IdeaProjects\restBankApp\build\classes\java\main\gr\aueb\cf\restbankapp\api\CustomerController.class]: Unsatisfied dependency expressed through constructor parameter 0: Error creating bean with name 'customerServiceImpl': Injection of autowired dependencies failed
	at org.springframework.beans.factory.support.ConstructorResolver.createArgumentArray(ConstructorResolver.java:804)
Caused by: org.springframework.beans.factory.BeanCreationException: Error creating bean with name 'customerServiceImpl': Injection of autowired dependencies failed
	at org.springframework.beans.factory.annotation.AutowiredAnnotationBeanPostProcessor.postProcessProperties(AutowiredAnnotationBeanPostProcessor.java:515)
Caused by: org.springframework.util.PlaceholderResolutionException: Could not resolve placeholder 'file.upload.dir' in value "${file.upload.dir}"
	at org.springframework.util.PlaceholderResolutionException.withValue(PlaceholderResolutionException.java:81)
2026-03-21 10:36:37 INFO  o.h.validator.internal.util.Version - HV000001: Hibernate Validator 8.0.3.Final
 2026-03-21 10:36:37 INFO  g.a.c.r.RestBankAppApplication - Starting RestBankAppApplication using Java 21.0.8 with PID 38004 (C:\Users\kosta\IdeaProjects\restBankApp\build\classes\java\main started by kosta in C:\Users\kosta\IdeaProjects\restBankApp)
 2026-03-21 10:36:37 INFO  g.a.c.r.RestBankAppApplication - The following 1 profile is active: "dev"
 2026-03-21 10:36:39 INFO  o.s.d.r.c.RepositoryConfigurationDelegate - Bootstrapping Spring Data JPA repositories in DEFAULT mode.
 2026-03-21 10:36:39 INFO  o.s.d.r.c.RepositoryConfigurationDelegate - Finished Spring Data repository scanning in 107 ms. Found 7 JPA repository interfaces.
 2026-03-21 10:36:41 INFO  o.s.b.w.e.tomcat.TomcatWebServer - Tomcat initialized with port 8080 (http)
 2026-03-21 10:36:41 INFO  o.s.b.w.s.c.ServletWebServerApplicationContext - Root WebApplicationContext: initialization completed in 3368 ms
 2026-03-21 10:36:45 INFO  org.flywaydb.core.FlywayExecutor - Database: jdbc:mysql://localhost:3306/bankapp?useSSL=true&serverTimezone=UTC (MySQL 8.0)
 2026-03-21 10:36:46 INFO  o.f.core.internal.command.DbValidate - Successfully validated 4 migrations (execution time 00:00.063s)
 2026-03-21 10:36:46 INFO  o.f.core.internal.command.DbMigrate - Current version of schema `bankapp`: 4
 2026-03-21 10:36:46 INFO  o.f.core.internal.command.DbMigrate - Schema `bankapp` is up to date. No migration necessary.
 2026-03-21 10:36:47 INFO  org.hibernate.Version - HHH000412: Hibernate ORM core version 6.6.42.Final
 2026-03-21 10:36:47 INFO  o.h.c.i.RegionFactoryInitiator - HHH000026: Second-level cache disabled
 2026-03-21 10:36:47 INFO  o.s.o.j.p.SpringPersistenceUnitInfo - No LoadTimeWeaver setup: ignoring JPA class transformer
 2026-03-21 10:36:48 INFO  o.hibernate.orm.connections.pooling - HHH10001005: Database info:
	Database JDBC URL [Connecting through datasource 'HikariDataSource (HikariPool-1)']
	Database driver: undefined/unknown
	Database version: 8.0.44
	Autocommit mode: undefined/unknown
	Isolation level: undefined/unknown
	Minimum pool size: undefined/unknown
	Maximum pool size: undefined/unknown
 2026-03-21 10:36:59 INFO  o.h.e.t.j.p.i.JtaPlatformInitiator - HHH000489: No JTA platform available (set 'hibernate.transaction.jta.platform' to enable JTA platform integration)
 2026-03-21 10:37:00 INFO  o.s.o.j.LocalContainerEntityManagerFactoryBean - Initialized JPA EntityManagerFactory for persistence unit 'default'
 2026-03-21 10:37:01 INFO  o.s.s.c.a.a.c.InitializeAuthenticationProviderBeanManagerConfigurer$InitializeAuthenticationProviderManagerConfigurer - Global AuthenticationManager configured with AuthenticationProvider bean with name authenticationProvider
 2026-03-21 10:37:01 WARN  o.s.s.c.a.a.c.InitializeUserDetailsBeanManagerConfigurer$InitializeUserDetailsManagerConfigurer - Global AuthenticationManager configured with an AuthenticationProvider bean. UserDetailsService beans will not be used by Spring Security for automatically configuring username/password login. Consider removing the AuthenticationProvider bean. Alternatively, consider using the UserDetailsService in a manually instantiated DaoAuthenticationProvider. If the current configuration is intentional, to turn off this warning, increase the logging level of 'org.springframework.security.config.annotation.authentication.configuration.InitializeUserDetailsBeanManagerConfigurer' to ERROR
 2026-03-21 10:37:01 WARN  o.s.b.w.s.c.AnnotationConfigServletWebServerApplicationContext - Exception encountered during context initialization - cancelling refresh attempt: org.springframework.beans.factory.UnsatisfiedDependencyException: Error creating bean with name 'customerController' defined in file [C:\Users\kosta\IdeaProjects\restBankApp\build\classes\java\main\gr\aueb\cf\restbankapp\api\CustomerController.class]: Unsatisfied dependency expressed through constructor parameter 0: Error creating bean with name 'customerServiceImpl': Injection of autowired dependencies failed
 2026-03-21 10:37:01 INFO  o.s.o.j.LocalContainerEntityManagerFactoryBean - Closing JPA EntityManagerFactory for persistence unit 'default'
 2026-03-21 10:37:02 ERROR o.s.boot.SpringApplication - Application run failed
 org.springframework.beans.factory.UnsatisfiedDependencyException: Error creating bean with name 'customerController' defined in file [C:\Users\kosta\IdeaProjects\restBankApp\build\classes\java\main\gr\aueb\cf\restbankapp\api\CustomerController.class]: Unsatisfied dependency expressed through constructor parameter 0: Error creating bean with name 'customerServiceImpl': Injection of autowired dependencies failed
	at org.springframework.beans.factory.support.ConstructorResolver.createArgumentArray(ConstructorResolver.java:804)
Caused by: org.springframework.beans.factory.BeanCreationException: Error creating bean with name 'customerServiceImpl': Injection of autowired dependencies failed
	at org.springframework.beans.factory.annotation.AutowiredAnnotationBeanPostProcessor.postProcessProperties(AutowiredAnnotationBeanPostProcessor.java:515)
Caused by: org.springframework.util.PlaceholderResolutionException: Could not resolve placeholder 'file.upload.dir' in value "${file.upload.dir}"
	at org.springframework.util.PlaceholderResolutionException.withValue(PlaceholderResolutionException.java:81)
2026-03-21 10:52:44 INFO  o.h.validator.internal.util.Version - HV000001: Hibernate Validator 8.0.3.Final
 2026-03-21 10:52:44 INFO  g.a.c.r.RestBankAppApplication - Starting RestBankAppApplication using Java 21.0.8 with PID 38476 (C:\Users\kosta\IdeaProjects\restBankApp\build\classes\java\main started by kosta in C:\Users\kosta\IdeaProjects\restBankApp)
 2026-03-21 10:52:44 INFO  g.a.c.r.RestBankAppApplication - The following 1 profile is active: "dev"
 2026-03-21 10:52:45 INFO  o.s.d.r.c.RepositoryConfigurationDelegate - Bootstrapping Spring Data JPA repositories in DEFAULT mode.
 2026-03-21 10:52:46 INFO  o.s.d.r.c.RepositoryConfigurationDelegate - Finished Spring Data repository scanning in 159 ms. Found 7 JPA repository interfaces.
 2026-03-21 10:52:51 INFO  o.s.b.w.e.tomcat.TomcatWebServer - Tomcat initialized with port 8080 (http)
 2026-03-21 10:52:51 INFO  o.s.b.w.s.c.ServletWebServerApplicationContext - Root WebApplicationContext: initialization completed in 7102 ms
 2026-03-21 10:52:52 INFO  org.flywaydb.core.FlywayExecutor - Database: jdbc:mysql://localhost:3306/bankapp?useSSL=true&serverTimezone=UTC (MySQL 8.0)
 2026-03-21 10:52:53 INFO  o.f.core.internal.command.DbValidate - Successfully validated 4 migrations (execution time 00:00.062s)
 2026-03-21 10:52:53 INFO  o.f.core.internal.command.DbMigrate - Current version of schema `bankapp`: 4
 2026-03-21 10:52:53 INFO  o.f.core.internal.command.DbMigrate - Schema `bankapp` is up to date. No migration necessary.
 2026-03-21 10:52:54 INFO  org.hibernate.Version - HHH000412: Hibernate ORM core version 6.6.42.Final
 2026-03-21 10:52:54 INFO  o.h.c.i.RegionFactoryInitiator - HHH000026: Second-level cache disabled
 2026-03-21 10:52:54 INFO  o.s.o.j.p.SpringPersistenceUnitInfo - No LoadTimeWeaver setup: ignoring JPA class transformer
 2026-03-21 10:52:54 INFO  o.hibernate.orm.connections.pooling - HHH10001005: Database info:
	Database JDBC URL [Connecting through datasource 'HikariDataSource (HikariPool-1)']
	Database driver: undefined/unknown
	Database version: 8.0.44
	Autocommit mode: undefined/unknown
	Isolation level: undefined/unknown
	Minimum pool size: undefined/unknown
	Maximum pool size: undefined/unknown
 2026-03-21 10:52:57 INFO  o.h.e.t.j.p.i.JtaPlatformInitiator - HHH000489: No JTA platform available (set 'hibernate.transaction.jta.platform' to enable JTA platform integration)
 2026-03-21 10:52:57 INFO  o.s.o.j.LocalContainerEntityManagerFactoryBean - Initialized JPA EntityManagerFactory for persistence unit 'default'
 2026-03-21 10:52:58 INFO  o.s.s.c.a.a.c.InitializeAuthenticationProviderBeanManagerConfigurer$InitializeAuthenticationProviderManagerConfigurer - Global AuthenticationManager configured with AuthenticationProvider bean with name authenticationProvider
 2026-03-21 10:52:58 WARN  o.s.s.c.a.a.c.InitializeUserDetailsBeanManagerConfigurer$InitializeUserDetailsManagerConfigurer - Global AuthenticationManager configured with an AuthenticationProvider bean. UserDetailsService beans will not be used by Spring Security for automatically configuring username/password login. Consider removing the AuthenticationProvider bean. Alternatively, consider using the UserDetailsService in a manually instantiated DaoAuthenticationProvider. If the current configuration is intentional, to turn off this warning, increase the logging level of 'org.springframework.security.config.annotation.authentication.configuration.InitializeUserDetailsBeanManagerConfigurer' to ERROR
 2026-03-21 10:53:00 INFO  o.s.b.w.e.tomcat.TomcatWebServer - Tomcat started on port 8080 (http) with context path '/'
 2026-03-21 10:53:00 INFO  g.a.c.r.RestBankAppApplication - Started RestBankAppApplication in 16.954 seconds (process running for 17.76)
 2026-03-21 10:53:14 INFO  o.s.web.servlet.DispatcherServlet - Initializing Servlet 'dispatcherServlet'
 2026-03-21 10:53:14 INFO  o.s.web.servlet.DispatcherServlet - Completed initialization in 13 ms
 2026-03-21 10:53:22 INFO  g.a.c.r.service.CustomerServiceImpl - Customer with vat=120456788 saved successfully.
 