2026-03-21 10:24:02 INFO  com.zaxxer.hikari.HikariDataSource - HikariPool-1 - Starting...
2026-03-21 10:24:13 INFO  com.zaxxer.hikari.pool.HikariPool - HikariPool-1 - Added connection com.mysql.cj.jdbc.ConnectionImpl@24615687
2026-03-21 10:24:13 INFO  com.zaxxer.hikari.HikariDataSource - HikariPool-1 - Start completed.
2026-03-21 10:24:30 INFO  com.zaxxer.hikari.HikariDataSource - HikariPool-1 - Shutdown initiated...
2026-03-21 10:24:30 INFO  com.zaxxer.hikari.HikariDataSource - HikariPool-1 - Shutdown completed.
2026-03-21 10:36:42 INFO  com.zaxxer.hikari.HikariDataSource - HikariPool-1 - Starting...
2026-03-21 10:36:44 INFO  com.zaxxer.hikari.pool.HikariPool - HikariPool-1 - Added connection com.mysql.cj.jdbc.ConnectionImpl@710afd47
2026-03-21 10:36:44 INFO  com.zaxxer.hikari.HikariDataSource - HikariPool-1 - Start completed.
2026-03-21 10:37:01 INFO  com.zaxxer.hikari.HikariDataSource - HikariPool-1 - Shutdown initiated...
2026-03-21 10:37:01 INFO  com.zaxxer.hikari.HikariDataSource - HikariPool-1 - Shutdown completed.
2026-03-21 10:52:51 INFO  com.zaxxer.hikari.HikariDataSource - HikariPool-1 - Starting...
2026-03-21 10:52:52 INFO  com.zaxxer.hikari.pool.HikariPool - HikariPool-1 - Added connection com.mysql.cj.jdbc.ConnectionImpl@356341c9
2026-03-21 10:52:52 INFO  com.zaxxer.hikari.HikariDataSource - HikariPool-1 - Start completed.
2026-03-21 12:23:59 INFO  com.zaxxer.hikari.HikariDataSource - HikariPool-1 - Starting...
2026-03-21 12:23:59 INFO  com.zaxxer.hikari.pool.HikariPool - HikariPool-1 - Added connection com.mysql.cj.jdbc.ConnectionImpl@324e8baa
2026-03-21 12:23:59 INFO  com.zaxxer.hikari.HikariDataSource - HikariPool-1 - Start completed.
2026-03-21 13:21:10 INFO  com.zaxxer.hikari.HikariDataSource - HikariPool-1 - Starting...
2026-03-21 13:21:10 INFO  com.zaxxer.hikari.pool.HikariPool - HikariPool-1 - Added connection com.mysql.cj.jdbc.ConnectionImpl@5d96d434
2026-03-21 13:21:10 INFO  com.zaxxer.hikari.HikariDataSource - HikariPool-1 - Start completed.
2026-03-21 13:56:12 WARN  com.zaxxer.hikari.pool.HikariPool - HikariPool-1 - Thread starvation or clock leap detected (housekeeper delta=9m31s700ms729µs600ns).
2026-03-21 14:57:00 WARN  com.zaxxer.hikari.pool.HikariPool - HikariPool-1 - Thread starvation or clock leap detected (housekeeper delta=21m20s634ms546µs300ns).
2026-03-21 20:29:43 WARN  com.zaxxer.hikari.pool.HikariPool - HikariPool-1 - Thread starvation or clock leap detected (housekeeper delta=4h58m15s108ms233µs100ns).
2026-03-21 23:14:41 WARN  com.zaxxer.hikari.pool.HikariPool - HikariPool-1 - Thread starvation or clock leap detected (housekeeper delta=12m59s644ms96µs700ns).
